<?xml version="1.0" encoding="utf-8"?>
<TestRun id="b83ebb71-2d9e-407e-b6ad-84d2aeae29db" name="ADMIN@PC-GTCHXGAMSLNS 2026-09-15 17:31:06" runUser="PC-GTCHXGAMSLNS\ADMIN" xmlns="http://microsoft.com/schemas/VisualStudio/TeamTest/2010">
  <Times creation="2026-09-15T17:31:06.0998387+08:00" queuing="2026-09-15T17:31:06.0998392+08:00" start="2026-09-15T17:31:05.6713154+08:00" finish="2026-09-15T17:31:06.1667563+08:00" />
  <TestSettings name="default" id="72d73c73-4b82-4ab5-8d28-d0b31e020f67">
    <Deployment runDeploymentRoot="ADMIN_PC-GTCHXGAMSLNS_2026-09-15_17_31_06" />
  </TestSettings>
  <Results>
    <UnitTestResult executionId="6946295d-bfd0-406a-9132-10212369f2be" testId="364fff0c-2765-dc2c-754b-9d02d9799235" testName="KingdomArcherOptions.Combat.Tests.HeroRangeTests.Clear_RestoresEveryHeroAndFreesTheSlots" computerName="PC-GTCHXGAMSLNS" duration="00:00:00.0001000" startTime="2026-09-15T17:31:06.0921237+08:00" endTime="2026-09-15T17:31:06.0921238+08:00" testType="13cdc9d9-ddb5-4fa4-a97d-d965ccfc6d4b" outcome="Passed" testListId="8c84fa94-04c1-424b-9868-57a2d4851a1d" relativeResultsDirectory="6946295d-bfd0-406a-9132-10212369f2be" />
    <UnitTestResult executionId="b0f18b81-a4d6-41ad-9360-54307dc9ade6" testId="ef624bdb-e7b8-f519-3338-7f47aa3b139a" testName="KingdomArcherOptions.Combat.Tests.PatchContractTests.PatchParametersUseTheNamesHarmonyBinds" computerName="PC-GTCHXGAMSLNS" duration="00:00:00.0003432" startTime="2026-09-15T17:31:06.0975924+08:00" endTime="2026-09-15T17:31:06.0975925+08:00" testType="13cdc9d9-ddb5-4fa4-a97d-d965ccfc6d4b" outcome="Passed" testListId="8c84fa94-04c1-424b-9868-57a2d4851a1d" relativeResultsDirectory="b0f18b81-a4d6-41ad-9360-54307dc9ade6" />
    <UnitTestResult executionId="7527bed0-f595-4efc-9cc7-619838c8b6d2" testId="5220eeb6-e2b1-f248-5ee3-52186dc16c21" testName="KingdomArcherOptions.Combat.Tests.HeroRangeTests.RentDuringPendingDoesNotReuseTheSlotOrExceedTheCap" computerName="PC-GTCHXGAMSLNS" duration="00:00:00.0001341" startTime="2026-09-15T17:31:06.0923587+08:00" endTime="2026-09-15T17:31:06.0923587+08:00" testType="13cdc9d9-ddb5-4fa4-a97d-d965ccfc6d4b" outcome="Passed" testListId="8c84fa94-04c1-424b-9868-57a2d4851a1d" relativeResultsDirectory="7527bed0-f595-4efc-9cc7-619838c8b6d2" />
    <UnitTestResult executionId="7b60ebde-d203-4f57-8e58-400c9a4c4d1b" testId="1cd8aafc-26a9-6bfb-2390-8b0b50c8441d" testName="KingdomArcherOptions.Combat.Tests.ScatterTests.ArcherOutsideTheCurrentWorldLayer_SpawnsNoExtras" computerName="PC-GTCHXGAMSLNS" duration="00:00:00.0009924" startTime="2026-09-15T17:31:06.0813350+08:00" endTime="2026-09-15T17:31:06.0813351+08:00" testType="13cdc9d9-ddb5-4fa4-a97d-d965ccfc6d4b" outcome="Passed" testListId="8c84fa94-04c1-424b-9868-57a2d4851a1d" relativeResultsDirectory="7b60ebde-d203-4f57-8e58-400c9a4c4d1b" />
    <UnitTestResult executionId="1e32de10-67f9-466d-b212-23645d70d0bc" testId="6e187a5f-14ab-1c4e-1080-c52e2835a576" testName="KingdomArcherOptions.Combat.Tests.RateTests.Timer_NeverScalesNativeResets" computerName="PC-GTCHXGAMSLNS" duration="00:00:00.0001259" startTime="2026-09-15T17:31:06.1158532+08:00" endTime="2026-09-15T17:31:06.1158533+08:00" testType="13cdc9d9-ddb5-4fa4-a97d-d965ccfc6d4b" outcome="Passed" testListId="8c84fa94-04c1-424b-9868-57a2d4851a1d" relativeResultsDirectory="1e32de10-67f9-466d-b212-23645d70d0bc" />
    <UnitTestResult executionId="33b4c3b1-7cbb-4f0d-a63d-eb2f89bc4dd6" testId="50e0242f-869e-926f-83bd-03b2c9314a32" testName="KingdomArcherOptions.Combat.Tests.ScatterTests.MalformedCachedInstance_RemainsCountedUntilNativeRetirement(perfectFailure: False)" computerName="PC-GTCHXGAMSLNS" duration="00:00:00.0014111" startTime="2026-09-15T17:31:06.0814345+08:00" endTime="2026-09-15T17:31:06.0814345+08:00" testType="13cdc9d9-ddb5-4fa4-a97d-d965ccfc6d4b" outcome="Passed" testListId="8c84fa94-04c1-424b-9868-57a2d4851a1d" relativeResultsDirectory="33b4c3b1-7cbb-4f0d-a63d-eb2f89bc4dd6" />
    <UnitTestResult executionId="21dd6fdb-ce82-4f11-a2e7-ac570dc4dbaf" testId="f9332544-2026-805c-edca-bbf3571e25b5" testName="KingdomArcherOptions.Combat.Tests.HeroCombatTests.HeroSwitchOff_LeavesOnlyTheMedievalRuleInPlaceWithoutDoubleCounting" computerName="PC-GTCHXGAMSLNS" duration="00:00:00.0001018" startTime="2026-09-15T17:31:06.1126665+08:00" endTime="2026-09-15T17:31:06.1126665+08:00" testType="13cdc9d9-ddb5-4fa4-a97d-d965ccfc6d4b" outcome="Passed" testListId="8c84fa94-04c1-424b-9868-57a2d4851a1d" relativeResultsDirectory="21dd6fdb-ce82-4f11-a2e7-ac570dc4dbaf" />
    <UnitTestResult executionId="7a001118-2065-4a55-94d3-8d7522c189d8" testId="7de2185b-539a-855c-2485-c45feb8e192e" testName="KingdomArcherOptions.Combat.Tests.ScatterPoolGateTests.ResolvedPrefabMissingDependencies_SkipsExtras(withArrow: False, withRigidbody: True, withSoftSim: True)" computerName="PC-GTCHXGAMSLNS" duration="00:00:00.0001830" startTime="2026-09-15T17:31:06.0945673+08:00" endTime="2026-09-15T17:31:06.0945673+08:00" testType="13cdc9d9-ddb5-4fa4-a97d-d965ccfc6d4b" outcome="Passed" testListId="8c84fa94-04c1-424b-9868-57a2d4851a1d" relativeResultsDirectory="7a001118-2065-4a55-94d3-8d7522c189d8" />
    <UnitTestResult executionId="79d1c6a9-bea2-4959-970d-6a1a660d4987" testId="e54b4472-fa43-caea-eb96-a11928b53af2" testName="KingdomArcherOptions.Combat.Tests.ScatterLedgerRetentionTests.TransientReadFailure_KeepsTheLeaseUntilAProvenEvent" computerName="PC-GTCHXGAMSLNS" duration="00:00:00.0013849" startTime="2026-09-15T17:31:06.1036441+08:00" endTime="2026-09-15T17:31:06.1036442+08:00" testType="13cdc9d9-ddb5-4fa4-a97d-d965ccfc6d4b" outcome="Passed" testListId="8c84fa94-04c1-424b-9868-57a2d4851a1d" relativeResultsDirectory="79d1c6a9-bea2-4959-970d-6a1a660d4987" />
    <UnitTestResult executionId="67af19fb-9767-4531-9246-6afced633a71" testId="1490a598-e61c-7c17-7430-dbbc423c83c7" testName="KingdomArcherOptions.Combat.Tests.MedievalScatterIntegrationTests.ShootingPipeline_UsesOnlyMedievalLeader(style: 1, extras: 0)" computerName="PC-GTCHXGAMSLNS" duration="00:00:00.0001566" startTime="2026-09-15T17:31:06.1073081+08:00" endTime="2026-09-15T17:31:06.1073082+08:00" testType="13cdc9d9-ddb5-4fa4-a97d-d965ccfc6d4b" outcome="Passed" testListId="8c84fa94-04c1-424b-9868-57a2d4851a1d" relativeResultsDirectory="67af19fb-9767-4531-9246-6afced633a71" />
    <UnitTestResult executionId="a1d09d86-28ec-4692-b417-20d38b3818d2" testId="42d3fc69-5212-3c36-04e7-e83fed708443" testName="KingdomArcherOptions.Combat.Tests.HeroCombatTests.EffectiveMultiplier_UsesMaxInsteadOfProduct(configured: 9, rateSwitchOn: True, hero: True, expected: 2)" computerName="PC-GTCHXGAMSLNS" duration="00:00:00.0000390" startTime="2026-09-15T17:31:06.1102240+08:00" endTime="2026-09-15T17:31:06.1102240+08:00" testType="13cdc9d9-ddb5-4fa4-a97d-d965ccfc6d4b" outcome="Passed" testListId="8c84fa94-04c1-424b-9868-57a2d4851a1d" relativeResultsDirectory="a1d09d86-28ec-4692-b417-20d38b3818d2" />
    <UnitTestResult executionId="dab7a0c7-700e-45c3-9632-43bea85cffb0" testId="921bc6b6-a0ee-c5b7-deab-f2ce8ff8a73d" testName="KingdomArcherOptions.Combat.Tests.HeroCombatTests.HeroCombatShot_DoesNotAddMedievalExtrasOnTopOfTheHeroThree" computerName="PC-GTCHXGAMSLNS" duration="00:00:00.0001018" startTime="2026-09-15T17:31:06.1111593+08:00" endTime="2026-09-15T17:31:06.1111594+08:00" testType="13cdc9d9-ddb5-4fa4-a97d-d965ccfc6d4b" outcome="Passed" testListId="8c84fa94-04c1-424b-9868-57a2d4851a1d" relativeResultsDirectory="dab7a0c7-700e-45c3-9632-43bea85cffb0" />
    <UnitTestResult executionId="8934d0c2-b491-4308-bd78-1a5ece8e79c6" testId="119aaa16-cb14-777e-b704-1fb312145fc9" testName="KingdomArcherOptions.Combat.Tests.RateTests.Timer_AddsTheObservedDrainTimesTheMultiplier" computerName="PC-GTCHXGAMSLNS" duration="00:00:00.0000419" startTime="2026-09-15T17:31:06.1157408+08:00" endTime="2026-09-15T17:31:06.1157410+08:00" testType="13cdc9d9-ddb5-4fa4-a97d-d965ccfc6d4b" outcome="Passed" testListId="8c84fa94-04c1-424b-9868-57a2d4851a1d" relativeResultsDirectory="8934d0c2-b491-4308-bd78-1a5ece8e79c6" />
    <UnitTestResult executionId="b0c053ff-47fc-4e7a-81f8-6127bdff00ea" testId="78a386ec-8763-0082-adda-a61c13fa0e5b" testName="KingdomArcherOptions.Combat.Tests.RateTests.Timer_SuccessPath_AlsoRunsTheFinalizerWithoutASecondDrain" computerName="PC-GTCHXGAMSLNS" duration="00:00:00.0000710" startTime="2026-09-15T17:31:06.1142424+08:00" endTime="2026-09-15T17:31:06.1142424+08:00" testType="13cdc9d9-ddb5-4fa4-a97d-d965ccfc6d4b" outcome="Passed" testListId="8c84fa94-04c1-424b-9868-57a2d4851a1d" relativeResultsDirectory="b0c053ff-47fc-4e7a-81f8-6127bdff00ea" />
    <UnitTestResult executionId="70cf7350-fca5-46fc-ae86-c10662abe20b" testId="fe199331-4648-7b6a-e2c0-dd458719ccb0" testName="KingdomArcherOptions.Combat.Tests.ScatterTests.ClientWithoutWorldAuthority_SpawnsNoExtrasAndSendsNothing" computerName="PC-GTCHXGAMSLNS" duration="00:00:00.0001238" startTime="2026-09-15T17:31:06.0849340+08:00" endTime="2026-09-15T17:31:06.0849340+08:00" testType="13cdc9d9-ddb5-4fa4-a97d-d965ccfc6d4b" outcome="Passed" testListId="8c84fa94-04c1-424b-9868-57a2d4851a1d" relativeResultsDirectory="70cf7350-fca5-46fc-ae86-c10662abe20b" />
    <UnitTestResult executionId="bcaf43e7-2adb-4fb1-bc58-1ef781dbf0e2" testId="a1d9ffe3-2085-3000-9f8e-13c775e25470" testName="KingdomArcherOptions.Combat.Tests.HeroRangeTests.Restore_KeepsPendingWhenAWriteFailsThenRetryCompletes" computerName="PC-GTCHXGAMSLNS" duration="00:00:00.0003973" startTime="2026-09-15T17:31:06.0915391+08:00" endTime="2026-09-15T17:31:06.0915392+08:00" testType="13cdc9d9-ddb5-4fa4-a97d-d965ccfc6d4b" outcome="Passed" testListId="8c84fa94-04c1-424b-9868-57a2d4851a1d" relativeResultsDirectory="bcaf43e7-2adb-4fb1-bc58-1ef781dbf0e2" />
    <UnitTestResult executionId="5353226a-bc57-42ca-8e9a-2c2623d591eb" testId="c5e878f2-a518-e88a-bf9d-8a13fef32d46" testName="KingdomArcherOptions.Combat.Tests.RateTests.Timer_WithDeadlandsDoubleDecrement_StaysCompatible" computerName="PC-GTCHXGAMSLNS" duration="00:00:00.0001135" startTime="2026-09-15T17:31:06.1170540+08:00" endTime="2026-09-15T17:31:06.1170540+08:00" testType="13cdc9d9-ddb5-4fa4-a97d-d965ccfc6d4b" outcome="Passed" testListId="8c84fa94-04c1-424b-9868-57a2d4851a1d" relativeResultsDirectory="5353226a-bc57-42ca-8e9a-2c2623d591eb" />
    <UnitTestResult executionId="2f75b1e8-4e78-4530-9bba-55dd3199c2d8" testId="916126be-4299-f000-0ca6-e005b6d183d3" testName="KingdomArcherOptions.Combat.Tests.HeroCombatTests.HeroSwitchOn_DoesNotChangeNonHeroCadence" computerName="PC-GTCHXGAMSLNS" duration="00:00:00.0000939" startTime="2026-09-15T17:31:06.1119996+08:00" endTime="2026-09-15T17:31:06.1119996+08:00" testType="13cdc9d9-ddb5-4fa4-a97d-d965ccfc6d4b" outcome="Passed" testListId="8c84fa94-04c1-424b-9868-57a2d4851a1d" relativeResultsDirectory="2f75b1e8-4e78-4530-9bba-55dd3199c2d8" />
    <UnitTestResult executionId="dc8c3e2b-6666-4312-829d-1024836a620f" testId="85c0e7b8-6bed-bf09-4983-93ffa71aba3b" testName="KingdomArcherOptions.Combat.Tests.HeroRangeTests.Tick_OnAnUnappliedActorChangesNothing" computerName="PC-GTCHXGAMSLNS" duration="00:00:00.0003891" startTime="2026-09-15T17:31:06.0910039+08:00" endTime="2026-09-15T17:31:06.0910041+08:00" testType="13cdc9d9-ddb5-4fa4-a97d-d965ccfc6d4b" outcome="Passed" testListId="8c84fa94-04c1-424b-9868-57a2d4851a1d" relativeResultsDirectory="dc8c3e2b-6666-4312-829d-1024836a620f" />
    <UnitTestResult executionId="5c72dcbf-dcbb-4ee7-aeee-b5a7e4d6633a" testId="ec517544-0f52-35ee-644b-a277bce3b7de" testName="KingdomArcherOptions.Combat.Tests.HeroRangeTests.Restore_AfterABuffSwitchedActiveToTheFireClone_ReturnsTheBaseFireAttack" computerName="PC-GTCHXGAMSLNS" duration="00:00:00.0000927" startTime="2026-09-15T17:31:06.0911202+08:00" endTime="2026-09-15T17:31:06.0911203+08:00" testType="13cdc9d9-ddb5-4fa4-a97d-d965ccfc6d4b" outcome="Passed" testListId="8c84fa94-04c1-424b-9868-57a2d4851a1d" relativeResultsDirectory="5c72dcbf-dcbb-4ee7-aeee-b5a7e4d6633a" />
    <UnitTestResult executionId="602c86a0-7de4-4646-9bd4-8237687cd128" testId="332eb040-150a-630f-04ec-bf3218493337" testName="KingdomArcherOptions.Combat.Tests.PatchContractTests.WrapperDeclaresAHarmonyDiscoverablePatchMethod(patchClass: typeof(KingdomEnhancedMod.Archer_Update_RateCadence_Patch), declaringType: &quot;Archer&quot;, nativeMethod: &quot;Update&quot;, patchMethod: &quot;Prefix&quot;)" computerName="PC-GTCHXGAMSLNS" duration="00:00:00.0001563" startTime="2026-09-15T17:31:06.0966997+08:00" endTime="2026-09-15T17:31:06.0966998+08:00" testType="13cdc9d9-ddb5-4fa4-a97d-d965ccfc6d4b" outcome="Passed" testListId="8c84fa94-04c1-424b-9868-57a2d4851a1d" relativeResultsDirectory="602c86a0-7de4-4646-9bd4-8237687cd128" />
    <UnitTestResult executionId="c6aa5eba-d4c9-4937-a04e-2514720c395b" testId="bab11b60-00fe-f25a-c91d-30de45395dee" testName="KingdomArcherOptions.Combat.Tests.HeroCombatTests.HeroSwitchOn_DoesNotGiveExtraArrowsToNonHeroArchers" computerName="PC-GTCHXGAMSLNS" duration="00:00:00.0000957" startTime="2026-09-15T17:31:06.1121131+08:00" endTime="2026-09-15T17:31:06.1121131+08:00" testType="13cdc9d9-ddb5-4fa4-a97d-d965ccfc6d4b" outcome="Passed" testListId="8c84fa94-04c1-424b-9868-57a2d4851a1d" relativeResultsDirectory="c6aa5eba-d4c9-4937-a04e-2514720c395b" />
    <UnitTestResult executionId="44389338-3e8d-44fc-9e45-464bdf308a69" testId="fee122e3-3c06-e972-5d09-54f55d2cf323" testName="KingdomArcherOptions.Combat.Tests.RangeCleanupRegression.ConfirmedDestroyedOwnerReleasesCloneCapacity" computerName="PC-GTCHXGAMSLNS" duration="00:00:00.0000794" startTime="2026-09-15T17:31:06.1132048+08:00" endTime="2026-09-15T17:31:06.1132049+08:00" testType="13cdc9d9-ddb5-4fa4-a97d-d965ccfc6d4b" outcome="Passed" testListId="8c84fa94-04c1-424b-9868-57a2d4851a1d" relativeResultsDirectory="44389338-3e8d-44fc-9e45-464bdf308a69" />
    <UnitTestResult executionId="9f6d2d29-55bd-4788-9d58-a4e3ed5b7243" testId="f4d965ed-ed6f-d9b2-5f5a-07a8d9a12307" testName="KingdomArcherOptions.Combat.Tests.HeroRangeTests.ThirdPartyScannerWriteIsPreservedAndMarksOwnershipLost" computerName="PC-GTCHXGAMSLNS" duration="00:00:00.0000722" startTime="2026-09-15T17:31:06.0935880+08:00" endTime="2026-09-15T17:31:06.0935881+08:00" testType="13cdc9d9-ddb5-4fa4-a97d-d965ccfc6d4b" outcome="Passed" testListId="8c84fa94-04c1-424b-9868-57a2d4851a1d" relativeResultsDirectory="9f6d2d29-55bd-4788-9d58-a4e3ed5b7243" />
    <UnitTestResult executionId="91750378-d408-4359-b6c5-c10a5aa35ce9" testId="85d6a605-8ca6-fb19-cc20-d0d782571ce4" testName="KingdomArcherOptions.Combat.Tests.RateTests.Borrow_ExternalReplacementMidBorrow_IsNeverOverwritten" computerName="PC-GTCHXGAMSLNS" duration="00:00:00.0000933" startTime="2026-09-15T17:31:06.1145325+08:00" endTime="2026-09-15T17:31:06.1145325+08:00" testType="13cdc9d9-ddb5-4fa4-a97d-d965ccfc6d4b" outcome="Passed" testListId="8c84fa94-04c1-424b-9868-57a2d4851a1d" relativeResultsDirectory="91750378-d408-4359-b6c5-c10a5aa35ce9" />
    <UnitTestResult executionId="8ec79b14-e13f-4261-8e93-c224c06f94c2" testId="5d28e203-37fd-c645-287f-721ad90cdeaf" testName="KingdomArcherOptions.Combat.Tests.HeroCombatTests.EffectiveMultiplier_UsesMaxInsteadOfProduct(configured: 2, rateSwitchOn: True, hero: True, expected: 2)" computerName="PC-GTCHXGAMSLNS" duration="00:00:00.0000005" startTime="2026-09-15T17:31:06.1105502+08:00" endTime="2026-09-15T17:31:06.1105503+08:00" testType="13cdc9d9-ddb5-4fa4-a97d-d965ccfc6d4b" outcome="Passed" testListId="8c84fa94-04c1-424b-9868-57a2d4851a1d" relativeResultsDirectory="8ec79b14-e13f-4261-8e93-c224c06f94c2" />
    <UnitTestResult executionId="66b94dbf-54c1-4005-bcc8-fdf085838792" testId="fdd6569d-2442-b80e-8b27-669c82a06c48" testName="KingdomArcherOptions.Combat.Tests.ScatterPoolGateTests.PoolCapacityIsCheckedPerArrow_CacheExhaustionStopsMidVolley" computerName="PC-GTCHXGAMSLNS" duration="00:00:00.0004542" startTime="2026-09-15T17:31:06.0955798+08:00" endTime="2026-09-15T17:31:06.0955799+08:00" testType="13cdc9d9-ddb5-4fa4-a97d-d965ccfc6d4b" outcome="Passed" testListId="8c84fa94-04c1-424b-9868-57a2d4851a1d" relativeResultsDirectory="66b94dbf-54c1-4005-bcc8-fdf085838792" />
    <UnitTestResult executionId="632f4ada-ad35-485f-bf5f-93ab2e656d03" testId="8fe1a250-35e2-0204-2250-3e4b8f46fc18" testName="KingdomArcherOptions.Combat.Tests.ScatterTests.AllOptionsOff_SpawnsOnlyTheNativeArrow" computerName="PC-GTCHXGAMSLNS" duration="00:00:00.0013849" startTime="2026-09-15T17:31:06.0815403+08:00" endTime="2026-09-15T17:31:06.0815403+08:00" testType="13cdc9d9-ddb5-4fa4-a97d-d965ccfc6d4b" outcome="Passed" testListId="8c84fa94-04c1-424b-9868-57a2d4851a1d" relativeResultsDirectory="632f4ada-ad35-485f-bf5f-93ab2e656d03" />
    <UnitTestResult executionId="410069d7-e0dc-48ba-88dd-2d17a1b72f14" testId="ab88fefb-f8c1-cba6-77bf-a3e47b8409d2" testName="KingdomArcherOptions.Combat.Tests.ScatterTests.VolleyCount_IsTotalArrowsIncludingOriginal_ClampedTo1Through3(configured: 9, expectedExtras: 2)" computerName="PC-GTCHXGAMSLNS" duration="00:00:00.0000133" startTime="2026-09-15T17:31:06.0623046+08:00" endTime="2026-09-15T17:31:06.0623047+08:00" testType="13cdc9d9-ddb5-4fa4-a97d-d965ccfc6d4b" outcome="Passed" testListId="8c84fa94-04c1-424b-9868-57a2d4851a1d" relativeResultsDirectory="410069d7-e0dc-48ba-88dd-2d17a1b72f14" />
    <UnitTestResult executionId="c04787e8-ddcb-4221-bfca-439ade82bfe0" testId="86166fd6-3448-d49f-3599-61b8c88d84f0" testName="KingdomArcherOptions.Combat.Tests.ScatterTests.SecondBudget_CapsAtFortyExtrasPerSecond" computerName="PC-GTCHXGAMSLNS" duration="00:00:00.0002204" startTime="2026-09-15T17:31:06.0862293+08:00" endTime="2026-09-15T17:31:06.0862293+08:00" testType="13cdc9d9-ddb5-4fa4-a97d-d965ccfc6d4b" outcome="Passed" testListId="8c84fa94-04c1-424b-9868-57a2d4851a1d" relativeResultsDirectory="c04787e8-ddcb-4221-bfca-439ade82bfe0" />
    <UnitTestResult executionId="12e17c09-56b5-4bbe-96df-466c2d65106f" testId="615df542-d7b6-0643-1ad5-f618aaf8cc68" testName="KingdomArcherOptions.Combat.Tests.HeroCombatTests.HeroTimer_BoostsCooldownDrainByTheHeroMultiplierOnly" computerName="PC-GTCHXGAMSLNS" duration="00:00:00.0000601" startTime="2026-09-15T17:31:06.1123773+08:00" endTime="2026-09-15T17:31:06.1123774+08:00" testType="13cdc9d9-ddb5-4fa4-a97d-d965ccfc6d4b" outcome="Passed" testListId="8c84fa94-04c1-424b-9868-57a2d4851a1d" relativeResultsDirectory="12e17c09-56b5-4bbe-96df-466c2d65106f" />
    <UnitTestResult executionId="7a55a787-aa9c-4f16-b253-44a70e7eb074" testId="0a7d6c2c-10f4-bd07-e164-e4bf6d637249" testName="KingdomArcherOptions.Combat.Tests.HeroCombatTests.EffectiveMultiplier_UsesMaxInsteadOfProduct(configured: 1.5, rateSwitchOn: False, hero: True, expected: 1.5)" computerName="PC-GTCHXGAMSLNS" duration="00:00:00.0001449" startTime="2026-09-15T17:31:06.1104605+08:00" endTime="2026-09-15T17:31:06.1104606+08:00" testType="13cdc9d9-ddb5-4fa4-a97d-d965ccfc6d4b" outcome="Passed" testListId="8c84fa94-04c1-424b-9868-57a2d4851a1d" relativeResultsDirectory="7a55a787-aa9c-4f16-b253-44a70e7eb074" />
    <UnitTestResult executionId="e44b5926-dad4-43b3-8454-5d186a749821" testId="46f3c966-f20d-d5d4-daad-652ab65e20e7" testName="KingdomArcherOptions.Combat.Tests.ScatterTests.PoolReuse_EndsThePreviousLeaseInsteadOfSaturatingTheLedger" computerName="PC-GTCHXGAMSLNS" duration="00:00:00.0004931" startTime="2026-09-15T17:31:06.0859578+08:00" endTime="2026-09-15T17:31:06.0859578+08:00" testType="13cdc9d9-ddb5-4fa4-a97d-d965ccfc6d4b" outcome="Passed" testListId="8c84fa94-04c1-424b-9868-57a2d4851a1d" relativeResultsDirectory="e44b5926-dad4-43b3-8454-5d186a749821" />
    <UnitTestResult executionId="d1d35859-f529-4d9a-8006-bc34e64246c3" testId="85e417ad-433f-1610-4de1-f178a77f8fd5" testName="KingdomArcherOptions.Combat.Tests.HeroCombatTests.HeroRate_WithNormalTwoTimes_UsesTwoNotThree" computerName="PC-GTCHXGAMSLNS" duration="00:00:00.0000864" startTime="2026-09-15T17:31:06.1110444+08:00" endTime="2026-09-15T17:31:06.1110444+08:00" testType="13cdc9d9-ddb5-4fa4-a97d-d965ccfc6d4b" outcome="Passed" testListId="8c84fa94-04c1-424b-9868-57a2d4851a1d" relativeResultsDirectory="d1d35859-f529-4d9a-8006-bc34e64246c3" />
    <UnitTestResult executionId="30d494ea-4ee5-4eff-8f63-f8651c5a4e26" testId="c5fe9db3-049e-f843-131f-fd67f70f3ac5" testName="KingdomArcherOptions.Combat.Tests.HeroCombatTests.EffectiveMultiplier_UsesMaxInsteadOfProduct(configured: 9, rateSwitchOn: False, hero: False, expected: 1)" computerName="PC-GTCHXGAMSLNS" duration="00:00:00.0000025" startTime="2026-09-15T17:31:06.1104793+08:00" endTime="2026-09-15T17:31:06.1104793+08:00" testType="13cdc9d9-ddb5-4fa4-a97d-d965ccfc6d4b" outcome="Passed" testListId="8c84fa94-04c1-424b-9868-57a2d4851a1d" relativeResultsDirectory="30d494ea-4ee5-4eff-8f63-f8651c5a4e26" />
    <UnitTestResult executionId="cae17c5e-f0fd-45cd-b90b-5ecd5b92e8b6" testId="3dd7513b-e4bc-20e7-0a5b-9b7ae5ed49d4" testName="KingdomArcherOptions.Combat.Tests.RateTests.Timer_NativeThrow_SkipsTheDrainAndKeepsTheException" computerName="PC-GTCHXGAMSLNS" duration="00:00:00.0001298" startTime="2026-09-15T17:31:06.1147854+08:00" endTime="2026-09-15T17:31:06.1147855+08:00" testType="13cdc9d9-ddb5-4fa4-a97d-d965ccfc6d4b" outcome="Passed" testListId="8c84fa94-04c1-424b-9868-57a2d4851a1d" relativeResultsDirectory="cae17c5e-f0fd-45cd-b90b-5ecd5b92e8b6" />
    <UnitTestResult executionId="c9ceb28b-6851-44ea-a9d2-8228653a74a0" testId="53dee791-4b9a-363f-3f59-a86f0953b231" testName="KingdomArcherOptions.Combat.Tests.ScatterTests.VolleyCount_IsTotalArrowsIncludingOriginal_ClampedTo1Through3(configured: -2, expectedExtras: 0)" computerName="PC-GTCHXGAMSLNS" duration="00:00:00.0000073" startTime="2026-09-15T17:31:06.0623190+08:00" endTime="2026-09-15T17:31:06.0623190+08:00" testType="13cdc9d9-ddb5-4fa4-a97d-d965ccfc6d4b" outcome="Passed" testListId="8c84fa94-04c1-424b-9868-57a2d4851a1d" relativeResultsDirectory="c9ceb28b-6851-44ea-a9d2-8228653a74a0" />
    <UnitTestResult executionId="273834ad-a2e8-4327-b83e-54007d9f3d43" testId="27563f64-6916-c451-fded-a4d5efb899a7" testName="KingdomArcherOptions.Combat.Tests.HeroRangeTests.TableIsBoundedToTwoHeroes" computerName="PC-GTCHXGAMSLNS" duration="00:00:00.0000753" startTime="2026-09-15T17:31:06.0935024+08:00" endTime="2026-09-15T17:31:06.0935025+08:00" testType="13cdc9d9-ddb5-4fa4-a97d-d965ccfc6d4b" outcome="Passed" testListId="8c84fa94-04c1-424b-9868-57a2d4851a1d" relativeResultsDirectory="273834ad-a2e8-4327-b83e-54007d9f3d43" />
    <UnitTestResult executionId="c8696a90-15ca-44eb-9984-8e7d97652488" testId="bd0cf178-0eb9-dbce-8851-6c9acfd62f41" testName="KingdomArcherOptions.Combat.Tests.CadenceIdentityTests.MoveNextExit_WithReassignedIteratorOwner_RestoresTheOriginalAndNeverWritesTheNewOne" computerName="PC-GTCHXGAMSLNS" duration="00:00:00.0002284" startTime="2026-09-15T17:31:06.1021284+08:00" endTime="2026-09-15T17:31:06.1021284+08:00" testType="13cdc9d9-ddb5-4fa4-a97d-d965ccfc6d4b" outcome="Passed" testListId="8c84fa94-04c1-424b-9868-57a2d4851a1d" relativeResultsDirectory="c8696a90-15ca-44eb-9984-8e7d97652488" />
    <UnitTestResult executionId="d8b874c3-b3f4-4b7b-ace7-ca710dd8ef17" testId="4bdb0a48-0666-fff7-6171-cfea415b5fc2" testName="KingdomArcherOptions.Combat.Tests.ScatterPoolGateTests.ResolvedBiomeSwapPrefabPoolIsWhatTheGateChecks" computerName="PC-GTCHXGAMSLNS" duration="00:00:00.0003590" startTime="2026-09-15T17:31:06.0942202+08:00" endTime="2026-09-15T17:31:06.0942208+08:00" testType="13cdc9d9-ddb5-4fa4-a97d-d965ccfc6d4b" outcome="Passed" testListId="8c84fa94-04c1-424b-9868-57a2d4851a1d" relativeResultsDirectory="d8b874c3-b3f4-4b7b-ace7-ca710dd8ef17" />
    <UnitTestResult executionId="0211bfcf-44f3-415e-bad8-7e9da03a9d05" testId="4273bd2b-016a-8c72-e3b7-bc9ff9cd3815" testName="KingdomArcherOptions.Combat.Tests.ScatterTests.PerfectShot_PropagatesPerfectStateToExtras" computerName="PC-GTCHXGAMSLNS" duration="00:00:00.0004338" startTime="2026-09-15T17:31:06.0849149+08:00" endTime="2026-09-15T17:31:06.0849149+08:00" testType="13cdc9d9-ddb5-4fa4-a97d-d965ccfc6d4b" outcome="Passed" testListId="8c84fa94-04c1-424b-9868-57a2d4851a1d" relativeResultsDirectory="0211bfcf-44f3-415e-bad8-7e9da03a9d05" />
    <UnitTestResult executionId="7e055123-d5a4-4979-b3d4-a2232de81e4b" testId="fccaff4a-bb35-b6e2-6c58-74c933bfbbb8" testName="KingdomArcherOptions.Combat.Tests.ScatterTests.ExtrasUseTheFiringScriptableObjectPrefab" computerName="PC-GTCHXGAMSLNS" duration="00:00:00.0002680" startTime="2026-09-15T17:31:06.0854365+08:00" endTime="2026-09-15T17:31:06.0854365+08:00" testType="13cdc9d9-ddb5-4fa4-a97d-d965ccfc6d4b" outcome="Passed" testListId="8c84fa94-04c1-424b-9868-57a2d4851a1d" relativeResultsDirectory="7e055123-d5a4-4979-b3d4-a2232de81e4b" />
    <UnitTestResult executionId="b4ddfa8a-d8c3-418e-8f0e-7015c541c40a" testId="74bfd6dd-2041-f601-ea95-282b92c4bfb5" testName="KingdomArcherOptions.Combat.Tests.MedievalScatterIntegrationTests.ShootingPipeline_UsesOnlyMedievalLeader(style: 3, extras: 0)" computerName="PC-GTCHXGAMSLNS" duration="00:00:00.0000066" startTime="2026-09-15T17:31:06.1073450+08:00" endTime="2026-09-15T17:31:06.1073450+08:00" testType="13cdc9d9-ddb5-4fa4-a97d-d965ccfc6d4b" outcome="Passed" testListId="8c84fa94-04c1-424b-9868-57a2d4851a1d" relativeResultsDirectory="b4ddfa8a-d8c3-418e-8f0e-7015c541c40a" />
    <UnitTestResult executionId="6392f3a7-83ad-4711-a9e3-4492ebd07e5c" testId="3176976c-0b98-3874-20d6-1d04e90c9668" testName="KingdomArcherOptions.Combat.Tests.HeroCombatTests.HeroCombatShot_SpawnsTwoExtrasOnTopOfTheNativeArrow" computerName="PC-GTCHXGAMSLNS" duration="00:00:00.0000974" startTime="2026-09-15T17:31:06.1123566+08:00" endTime="2026-09-15T17:31:06.1123566+08:00" testType="13cdc9d9-ddb5-4fa4-a97d-d965ccfc6d4b" outcome="Passed" testListId="8c84fa94-04c1-424b-9868-57a2d4851a1d" relativeResultsDirectory="6392f3a7-83ad-4711-a9e3-4492ebd07e5c" />
    <UnitTestResult executionId="ab067824-8b78-483a-a09f-3659da8c1f49" testId="c239dc19-3f76-fce3-f7af-7048361aaf00" testName="KingdomArcherOptions.Combat.Tests.MedievalScatterIntegrationTests.ExcludedSourcesAndTargets_StillShootOneOriginalArrow(reason: &quot;crossbow&quot;)" computerName="PC-GTCHXGAMSLNS" duration="00:00:00.0001226" startTime="2026-09-15T17:31:06.1055363+08:00" endTime="2026-09-15T17:31:06.1055364+08:00" testType="13cdc9d9-ddb5-4fa4-a97d-d965ccfc6d4b" outcome="Passed" testListId="8c84fa94-04c1-424b-9868-57a2d4851a1d" relativeResultsDirectory="ab067824-8b78-483a-a09f-3659da8c1f49" />
    <UnitTestResult executionId="4ddddb72-d646-4922-9ad3-6c811068c43e" testId="4d7986af-721e-99d8-abe6-42937dbe5da0" testName="KingdomArcherOptions.Combat.Tests.HeroCombatTests.HeroEvents_AreForwardedThroughExistingHooksExactlyOnce" computerName="PC-GTCHXGAMSLNS" duration="00:00:00.0000958" startTime="2026-09-15T17:31:06.1125379+08:00" endTime="2026-09-15T17:31:06.1125379+08:00" testType="13cdc9d9-ddb5-4fa4-a97d-d965ccfc6d4b" outcome="Passed" testListId="8c84fa94-04c1-424b-9868-57a2d4851a1d" relativeResultsDirectory="4ddddb72-d646-4922-9ad3-6c811068c43e" />
    <UnitTestResult executionId="d9eced7c-75e4-4d27-bd26-555c82bd736f" testId="b2b0c3c0-9ade-995c-7d4e-9d1782381334" testName="KingdomArcherOptions.Combat.Tests.HeroRangeTests.Apply_RedirectsTheFireAttackAndKeepsTheActivePointerOnTheMatchingClone" computerName="PC-GTCHXGAMSLNS" duration="00:00:00.0000825" startTime="2026-09-15T17:31:06.0916402+08:00" endTime="2026-09-15T17:31:06.0916402+08:00" testType="13cdc9d9-ddb5-4fa4-a97d-d965ccfc6d4b" outcome="Passed" testListId="8c84fa94-04c1-424b-9868-57a2d4851a1d" relativeResultsDirectory="d9eced7c-75e4-4d27-bd26-555c82bd736f" />
    <UnitTestResult executionId="9caea59c-b3cb-4a15-980e-984bd97c036d" testId="3f2161f4-d365-98c3-b45d-656c03d738c6" testName="KingdomArcherOptions.Combat.Tests.PatchContractTests.WrapperDeclaresAHarmonyDiscoverablePatchMethod(patchClass: typeof(KingdomEnhancedMod.Archer_ShootCoroutine_OptionsCadence_Patch), declaringType: &quot;_Shoot_d__225&quot;, nativeMethod: &quot;MoveNext&quot;, patchMethod: &quot;Prefix&quot;)" computerName="PC-GTCHXGAMSLNS" duration="00:00:00.0000073" startTime="2026-09-15T17:31:06.0972008+08:00" endTime="2026-09-15T17:31:06.0972009+08:00" testType="13cdc9d9-ddb5-4fa4-a97d-d965ccfc6d4b" outcome="Passed" testListId="8c84fa94-04c1-424b-9868-57a2d4851a1d" relativeResultsDirectory="9caea59c-b3cb-4a15-980e-984bd97c036d" />
    <UnitTestResult executionId="c5d0b07a-15f7-4640-a3c2-58fcb19a187a" testId="532a91df-7790-d053-49e8-bcd1b8f76dbe" testName="KingdomArcherOptions.Combat.Tests.ScatterTests.WorldScopeOff_SpawnsNoExtras" computerName="PC-GTCHXGAMSLNS" duration="00:00:00.0000517" startTime="2026-09-15T17:31:06.0849695+08:00" endTime="2026-09-15T17:31:06.0849695+08:00" testType="13cdc9d9-ddb5-4fa4-a97d-d965ccfc6d4b" outcome="Passed" testListId="8c84fa94-04c1-424b-9868-57a2d4851a1d" relativeResultsDirectory="c5d0b07a-15f7-4640-a3c2-58fcb19a187a" />
    <UnitTestResult executionId="3f1b3300-3e45-485f-943a-9d79bb7cb355" testId="ccfc20f3-cd5c-1261-7f5c-eebda21e9f0a" testName="KingdomArcherOptions.Combat.Tests.ScatterTests.PrefabWithoutSoftSimulator_SkipsExtras" computerName="PC-GTCHXGAMSLNS" duration="00:00:00.0000658" startTime="2026-09-15T17:31:06.0864542+08:00" endTime="2026-09-15T17:31:06.0864543+08:00" testType="13cdc9d9-ddb5-4fa4-a97d-d965ccfc6d4b" outcome="Passed" testListId="8c84fa94-04c1-424b-9868-57a2d4851a1d" relativeResultsDirectory="3f1b3300-3e45-485f-943a-9d79bb7cb355" />
    <UnitTestResult executionId="6032eeb0-7f2e-4e0a-8c92-c8e5e386aabf" testId="20a12f97-4731-c02f-77ee-496e14021a5c" testName="KingdomArcherOptions.Combat.Tests.ScatterTests.OnlineClientReady_SendsTheNativeVelocitySequenceForEachExtra" computerName="PC-GTCHXGAMSLNS" duration="00:00:00.0001499" startTime="2026-09-15T17:31:06.0863693+08:00" endTime="2026-09-15T17:31:06.0863693+08:00" testType="13cdc9d9-ddb5-4fa4-a97d-d965ccfc6d4b" outcome="Passed" testListId="8c84fa94-04c1-424b-9868-57a2d4851a1d" relativeResultsDirectory="6032eeb0-7f2e-4e0a-8c92-c8e5e386aabf" />
    <UnitTestResult executionId="b6a21141-9e6a-41e8-8c29-eeab9082ba74" testId="1158df21-b810-a69b-c0d7-e22568449726" testName="KingdomArcherOptions.Combat.Tests.HeroRangeTests.Apply_FailsClosedWhenTheScannerIsMissing" computerName="PC-GTCHXGAMSLNS" duration="00:00:00.0000836" startTime="2026-09-15T17:31:06.0919497+08:00" endTime="2026-09-15T17:31:06.0919498+08:00" testType="13cdc9d9-ddb5-4fa4-a97d-d965ccfc6d4b" outcome="Passed" testListId="8c84fa94-04c1-424b-9868-57a2d4851a1d" relativeResultsDirectory="b6a21141-9e6a-41e8-8c29-eeab9082ba74" />
    <UnitTestResult executionId="88f3c797-9c1d-47a6-b05e-dc6649cd2bbd" testId="9f43ee1b-fba5-17c0-ebac-ffbf5e1c99ce" testName="KingdomArcherOptions.Combat.Tests.ScatterTests.VolleyCount_IsTotalArrowsIncludingOriginal_ClampedTo1Through3(configured: 1, expectedExtras: 0)" computerName="PC-GTCHXGAMSLNS" duration="00:00:00.0000074" startTime="2026-09-15T17:31:06.0622826+08:00" endTime="2026-09-15T17:31:06.0622827+08:00" testType="13cdc9d9-ddb5-4fa4-a97d-d965ccfc6d4b" outcome="Passed" testListId="8c84fa94-04c1-424b-9868-57a2d4851a1d" relativeResultsDirectory="88f3c797-9c1d-47a6-b05e-dc6649cd2bbd" />
    <UnitTestResult executionId="1f0fdd17-cfc7-455a-a624-a82bef3a2460" testId="6646995b-59dd-1559-72a7-3a6f340677a7" testName="KingdomArcherOptions.Combat.Tests.HeroCombatTests.EffectiveMultiplier_TreatsInvalidConfiguredValueAsOne" computerName="PC-GTCHXGAMSLNS" duration="00:00:00.0000359" startTime="2026-09-15T17:31:06.1123965+08:00" endTime="2026-09-15T17:31:06.1123965+08:00" testType="13cdc9d9-ddb5-4fa4-a97d-d965ccfc6d4b" outcome="Passed" testListId="8c84fa94-04c1-424b-9868-57a2d4851a1d" relativeResultsDirectory="1f0fdd17-cfc7-455a-a624-a82bef3a2460" />
    <UnitTestResult executionId="c69843fe-3519-44f3-a211-eff0c2a1ef9e" testId="c97072e0-9195-941e-c8f2-04b1560ba1a7" testName="KingdomArcherOptions.Combat.Tests.HeroRangeTests.ScaledRange_ExtendsTheNativeEnvelopeByExactlyOnePointTwoFive" computerName="PC-GTCHXGAMSLNS" duration="00:00:00.0000716" startTime="2026-09-15T17:31:06.0928662+08:00" endTime="2026-09-15T17:31:06.0928662+08:00" testType="13cdc9d9-ddb5-4fa4-a97d-d965ccfc6d4b" outcome="Passed" testListId="8c84fa94-04c1-424b-9868-57a2d4851a1d" relativeResultsDirectory="c69843fe-3519-44f3-a211-eff0c2a1ef9e" />
    <UnitTestResult executionId="8c9eb5f7-ce56-4c1f-beb8-064073f46af4" testId="b194dd01-bb8d-0e05-9f6c-18a0714decfd" testName="KingdomArcherOptions.Combat.Tests.MedievalScatterIntegrationTests.ExcludedSourcesAndTargets_StillShootOneOriginalArrow(reason: &quot;wildlife&quot;)" computerName="PC-GTCHXGAMSLNS" duration="00:00:00.0000068" startTime="2026-09-15T17:31:06.1059071+08:00" endTime="2026-09-15T17:31:06.1059071+08:00" testType="13cdc9d9-ddb5-4fa4-a97d-d965ccfc6d4b" outcome="Passed" testListId="8c84fa94-04c1-424b-9868-57a2d4851a1d" relativeResultsDirectory="8c9eb5f7-ce56-4c1f-beb8-064073f46af4" />
    <UnitTestResult executionId="028fc096-12a3-4c9b-8b90-761543b57042" testId="354fd38c-a305-0e28-9cb4-5dd878b20c3b" testName="KingdomArcherOptions.Combat.Tests.HeroCombatTests.WantedExtras_MatchesHeroAndMedievalRules(heroCombat: False, scatterOn: True, volleyCount: 3, expected: 2)" computerName="PC-GTCHXGAMSLNS" duration="00:00:00.0000014" startTime="2026-09-15T17:31:06.1080075+08:00" endTime="2026-09-15T17:31:06.1080075+08:00" testType="13cdc9d9-ddb5-4fa4-a97d-d965ccfc6d4b" outcome="Passed" testListId="8c84fa94-04c1-424b-9868-57a2d4851a1d" relativeResultsDirectory="028fc096-12a3-4c9b-8b90-761543b57042" />
    <UnitTestResult executionId="e271a387-09cc-4000-ad16-f21c7971f866" testId="826e5f7d-f6cb-f037-19b0-143721e64bc7" testName="KingdomArcherOptions.Combat.Tests.CadenceIdentityTests.EnableWithReusedPointer_RetiresTheStaleReceiptAndLeavesTheNewObjectUntouched" computerName="PC-GTCHXGAMSLNS" duration="00:00:00.0040684" startTime="2026-09-15T17:31:06.1017811+08:00" endTime="2026-09-15T17:31:06.1017813+08:00" testType="13cdc9d9-ddb5-4fa4-a97d-d965ccfc6d4b" outcome="Passed" testListId="8c84fa94-04c1-424b-9868-57a2d4851a1d" relativeResultsDirectory="e271a387-09cc-4000-ad16-f21c7971f866" />
    <UnitTestResult executionId="21e8d968-4cb9-47e7-876c-db10149edc06" testId="8d0ddaf9-308d-2bd3-d6ba-f62a10044141" testName="KingdomArcherOptions.Combat.Tests.HeroRangeTests.ScannerMirror_FollowsShootRangeAndRestoresByCas" computerName="PC-GTCHXGAMSLNS" duration="00:00:00.0001057" startTime="2026-09-15T17:31:06.0934199+08:00" endTime="2026-09-15T17:31:06.0934200+08:00" testType="13cdc9d9-ddb5-4fa4-a97d-d965ccfc6d4b" outcome="Passed" testListId="8c84fa94-04c1-424b-9868-57a2d4851a1d" relativeResultsDirectory="21e8d968-4cb9-47e7-876c-db10149edc06" />
    <UnitTestResult executionId="9d2466ca-3b00-497e-b246-f15a0c89a977" testId="92c3ecdf-2698-900b-179d-89d3c1807520" testName="KingdomArcherOptions.Combat.Tests.PatchContractTests.WrapperDeclaresAHarmonyDiscoverablePatchMethod(patchClass: typeof(KingdomEnhancedMod.ArrowAttack_FireArrowInternal_Scatter_Patch), declaringType: &quot;ArrowAttack&quot;, nativeMethod: &quot;FireArrowInternal&quot;, patchMethod: &quot;Postfix&quot;)" computerName="PC-GTCHXGAMSLNS" duration="00:00:00.0005929" startTime="2026-09-15T17:31:06.0965315+08:00" endTime="2026-09-15T17:31:06.0965319+08:00" testType="13cdc9d9-ddb5-4fa4-a97d-d965ccfc6d4b" outcome="Passed" testListId="8c84fa94-04c1-424b-9868-57a2d4851a1d" relativeResultsDirectory="9d2466ca-3b00-497e-b246-f15a0c89a977" />
    <UnitTestResult executionId="684a8465-0a48-45a1-88fd-48f367151544" testId="baf7b4e3-747f-c7ec-60c2-87c94bd9cd9c" testName="KingdomArcherOptions.Combat.Tests.ScatterLedgerRetentionTests.DeactivatedWorldLayer_DoesNotForgetLiveLeases" computerName="PC-GTCHXGAMSLNS" duration="00:00:00.0003177" startTime="2026-09-15T17:31:06.1045608+08:00" endTime="2026-09-15T17:31:06.1045608+08:00" testType="13cdc9d9-ddb5-4fa4-a97d-d965ccfc6d4b" outcome="Passed" testListId="8c84fa94-04c1-424b-9868-57a2d4851a1d" relativeResultsDirectory="684a8465-0a48-45a1-88fd-48f367151544" />
    <UnitTestResult executionId="0ca99230-4503-45f4-938b-be583b27e43b" testId="31a907e3-d98b-3ea0-7b19-a29fec0558ad" testName="KingdomArcherOptions.Combat.Tests.HeroRangeTests.NativeFireBuffSwitch_LandsOnTheClonedFireAttack" computerName="PC-GTCHXGAMSLNS" duration="00:00:00.0000898" startTime="2026-09-15T17:31:06.0927810+08:00" endTime="2026-09-15T17:31:06.0927810+08:00" testType="13cdc9d9-ddb5-4fa4-a97d-d965ccfc6d4b" outcome="Passed" testListId="8c84fa94-04c1-424b-9868-57a2d4851a1d" relativeResultsDirectory="0ca99230-4503-45f4-938b-be583b27e43b" />
    <UnitTestResult executionId="95a8b397-d94c-4b6c-aadd-24f5f955d460" testId="8205749d-2243-e80b-7b13-af25a135e6cb" testName="KingdomArcherOptions.Combat.Tests.CadenceIdentityTests.MoveNextExit_WithDestroyedOriginalOwner_DoesNotWriteTheObjectAtTheReusedAddress" computerName="PC-GTCHXGAMSLNS" duration="00:00:00.0000815" startTime="2026-09-15T17:31:06.1021530+08:00" endTime="2026-09-15T17:31:06.1021530+08:00" testType="13cdc9d9-ddb5-4fa4-a97d-d965ccfc6d4b" outcome="Passed" testListId="8c84fa94-04c1-424b-9868-57a2d4851a1d" relativeResultsDirectory="95a8b397-d94c-4b6c-aadd-24f5f955d460" />
    <UnitTestResult executionId="65f30e68-f2db-49c7-976c-ec4c784d1a95" testId="ae932f8d-1775-44b9-8edc-62db8c826b31" testName="KingdomArcherOptions.Combat.Tests.RateTests.Disabled_DoesNotBorrowAndNeverTouchesTheCadenceFields" computerName="PC-GTCHXGAMSLNS" duration="00:00:00.0001090" startTime="2026-09-15T17:31:06.1141632+08:00" endTime="2026-09-15T17:31:06.1141633+08:00" testType="13cdc9d9-ddb5-4fa4-a97d-d965ccfc6d4b" outcome="Passed" testListId="8c84fa94-04c1-424b-9868-57a2d4851a1d" relativeResultsDirectory="65f30e68-f2db-49c7-976c-ec4c784d1a95" />
    <UnitTestResult executionId="96938a3c-7337-45aa-a877-dc3266835b2c" testId="13cae8e6-0e9e-9387-df41-720b0b250c55" testName="KingdomArcherOptions.Combat.Tests.ScatterTests.VolleyCount_IsTotalArrowsIncludingOriginal_ClampedTo1Through3(configured: 5, expectedExtras: 2)" computerName="PC-GTCHXGAMSLNS" duration="00:00:00.0122110" startTime="2026-09-15T17:31:06.0604686+08:00" endTime="2026-09-15T17:31:06.0604790+08:00" testType="13cdc9d9-ddb5-4fa4-a97d-d965ccfc6d4b" outcome="Passed" testListId="8c84fa94-04c1-424b-9868-57a2d4851a1d" relativeResultsDirectory="96938a3c-7337-45aa-a877-dc3266835b2c" />
    <UnitTestResult executionId="aace6cad-988b-4133-b75b-2383cdc3ffbb" testId="ba876746-146d-3116-705d-651e3d58d7c2" testName="KingdomArcherOptions.Combat.Tests.RateTests.Borrow_NativeFailureStillReturnsTheFieldsAndKeepsTheRealException" computerName="PC-GTCHXGAMSLNS" duration="00:00:00.0003103" startTime="2026-09-15T17:31:06.1136692+08:00" endTime="2026-09-15T17:31:06.1136692+08:00" testType="13cdc9d9-ddb5-4fa4-a97d-d965ccfc6d4b" outcome="Passed" testListId="8c84fa94-04c1-424b-9868-57a2d4851a1d" relativeResultsDirectory="aace6cad-988b-4133-b75b-2383cdc3ffbb" />
    <UnitTestResult executionId="f051fed3-b7b1-4779-a4f2-9f3947c6960c" testId="00eb0f43-5f54-c259-3806-41e626d9dce7" testName="KingdomArcherOptions.Combat.Tests.RateTests.Borrow_MultiplierIsClampedToOneThroughTwo" computerName="PC-GTCHXGAMSLNS" duration="00:00:00.0000679" startTime="2026-09-15T17:31:06.1170758+08:00" endTime="2026-09-15T17:31:06.1170758+08:00" testType="13cdc9d9-ddb5-4fa4-a97d-d965ccfc6d4b" outcome="Passed" testListId="8c84fa94-04c1-424b-9868-57a2d4851a1d" relativeResultsDirectory="f051fed3-b7b1-4779-a4f2-9f3947c6960c" />
    <UnitTestResult executionId="e23b3b40-1df2-4b92-ae58-4f32fbd3b9e4" testId="11320ed5-5ced-04a1-7a9f-d18dac3a1b30" testName="KingdomArcherOptions.Combat.Tests.HeroCombatTests.EffectiveMultiplier_UsesMaxInsteadOfProduct(configured: 1.5, rateSwitchOn: False, hero: False, expected: 1)" computerName="PC-GTCHXGAMSLNS" duration="00:00:00.0000004" startTime="2026-09-15T17:31:06.1105367+08:00" endTime="2026-09-15T17:31:06.1105368+08:00" testType="13cdc9d9-ddb5-4fa4-a97d-d965ccfc6d4b" outcome="Passed" testListId="8c84fa94-04c1-424b-9868-57a2d4851a1d" relativeResultsDirectory="e23b3b40-1df2-4b92-ae58-4f32fbd3b9e4" />
    <UnitTestResult executionId="e8638d69-88b7-4597-ac00-afec78a1e823" testId="fcb6084b-3d7e-8e4a-3816-63eb47d2dccb" testName="KingdomArcherOptions.Combat.Tests.ScatterTests.HitExtras_AreRetiredSoTheLedgerKeepsServing" computerName="PC-GTCHXGAMSLNS" duration="00:00:00.0013561" startTime="2026-09-15T17:31:06.0623678+08:00" endTime="2026-09-15T17:31:06.0623678+08:00" testType="13cdc9d9-ddb5-4fa4-a97d-d965ccfc6d4b" outcome="Passed" testListId="8c84fa94-04c1-424b-9868-57a2d4851a1d" relativeResultsDirectory="e8638d69-88b7-4597-ac00-afec78a1e823" />
    <UnitTestResult executionId="925bfbe8-14e0-4c30-a642-c26ab10baf87" testId="d1645042-d703-1b4d-a5d6-9bfd8fb40565" testName="KingdomArcherOptions.Combat.Tests.HeroCombatTests.HeroEvents_AreNotForwardedWhileTheSwitchIsOff" computerName="PC-GTCHXGAMSLNS" duration="00:00:00.0000704" startTime="2026-09-15T17:31:06.1124297+08:00" endTime="2026-09-15T17:31:06.1124297+08:00" testType="13cdc9d9-ddb5-4fa4-a97d-d965ccfc6d4b" outcome="Passed" testListId="8c84fa94-04c1-424b-9868-57a2d4851a1d" relativeResultsDirectory="925bfbe8-14e0-4c30-a642-c26ab10baf87" />
    <UnitTestResult executionId="ee7c3b2c-f869-49cf-abd5-8f64f3a1cd56" testId="b4a3846f-313f-029b-e7c7-3d40e2505eba" testName="KingdomArcherOptions.Combat.Tests.MedievalScatterIntegrationTests.ExcludedSourcesAndTargets_StillShootOneOriginalArrow(reason: &quot;norse&quot;)" computerName="PC-GTCHXGAMSLNS" duration="00:00:00.0007221" startTime="2026-09-15T17:31:06.1053913+08:00" endTime="2026-09-15T17:31:06.1053914+08:00" testType="13cdc9d9-ddb5-4fa4-a97d-d965ccfc6d4b" outcome="Passed" testListId="8c84fa94-04c1-424b-9868-57a2d4851a1d" relativeResultsDirectory="ee7c3b2c-f869-49cf-abd5-8f64f3a1cd56" />
    <UnitTestResult executionId="fb3b15f4-67b6-47de-8c12-21a494d3a95b" testId="8119a66e-f7d4-fda3-e2c3-9ccc923bd810" testName="KingdomArcherOptions.Combat.Tests.ScatterTests.VolleyCount_IsTotalArrowsIncludingOriginal_ClampedTo1Through3(configured: 2, expectedExtras: 1)" computerName="PC-GTCHXGAMSLNS" duration="00:00:00.0000090" startTime="2026-09-15T17:31:06.0623349+08:00" endTime="2026-09-15T17:31:06.0623349+08:00" testType="13cdc9d9-ddb5-4fa4-a97d-d965ccfc6d4b" outcome="Passed" testListId="8c84fa94-04c1-424b-9868-57a2d4851a1d" relativeResultsDirectory="fb3b15f4-67b6-47de-8c12-21a494d3a95b" />
    <UnitTestResult executionId="de416ae9-813a-4619-8f47-b1e3979d80e7" testId="302fdd5f-711b-1bc0-43e5-a19d49ffc075" testName="KingdomArcherOptions.Combat.Tests.PatchContractTests.WrapperDeclaresAHarmonyDiscoverablePatchMethod(patchClass: typeof(KingdomEnhancedMod.Archer_Update_RateCadence_Patch), declaringType: &quot;Archer&quot;, nativeMethod: &quot;Update&quot;, patchMethod: &quot;Finalizer&quot;)" computerName="PC-GTCHXGAMSLNS" duration="00:00:00.0000108" startTime="2026-09-15T17:31:06.0972151+08:00" endTime="2026-09-15T17:31:06.0972151+08:00" testType="13cdc9d9-ddb5-4fa4-a97d-d965ccfc6d4b" outcome="Passed" testListId="8c84fa94-04c1-424b-9868-57a2d4851a1d" relativeResultsDirectory="de416ae9-813a-4619-8f47-b1e3979d80e7" />
    <UnitTestResult executionId="a7d243ad-ba9d-4fec-9cb2-7e45779d7fde" testId="9d68488f-628f-924a-0f75-bdc917138486" testName="KingdomArcherOptions.Combat.Tests.RateTests.CrossbowPackageAcrossFrames_IsNeverDerivedFromTheShortenedValue" computerName="PC-GTCHXGAMSLNS" duration="00:00:00.0001248" startTime="2026-09-15T17:31:06.1161339+08:00" endTime="2026-09-15T17:31:06.1161339+08:00" testType="13cdc9d9-ddb5-4fa4-a97d-d965ccfc6d4b" outcome="Passed" testListId="8c84fa94-04c1-424b-9868-57a2d4851a1d" relativeResultsDirectory="a7d243ad-ba9d-4fec-9cb2-7e45779d7fde" />
    <UnitTestResult executionId="d4a78089-499c-4865-bc7c-3ceb1f40369a" testId="46c54910-e530-c399-1793-8a01b30c3a13" testName="KingdomArcherOptions.Combat.Tests.ScatterTests.NonArcherSource_SpawnsNoExtras" computerName="PC-GTCHXGAMSLNS" duration="00:00:00.0000764" startTime="2026-09-15T17:31:06.0850398+08:00" endTime="2026-09-15T17:31:06.0850398+08:00" testType="13cdc9d9-ddb5-4fa4-a97d-d965ccfc6d4b" outcome="Passed" testListId="8c84fa94-04c1-424b-9868-57a2d4851a1d" relativeResultsDirectory="d4a78089-499c-4865-bc7c-3ceb1f40369a" />
    <UnitTestResult executionId="9557407d-7343-474e-ad29-f3840a21eb8c" testId="850f0ce7-5b97-4b93-293e-a89a707b0be9" testName="KingdomArcherOptions.Combat.Tests.HeroRangeTests.TickReportsOwnershipLossWhenTheBaseFieldIsReplaced" computerName="PC-GTCHXGAMSLNS" duration="00:00:00.0000554" startTime="2026-09-15T17:31:06.0936547+08:00" endTime="2026-09-15T17:31:06.0936547+08:00" testType="13cdc9d9-ddb5-4fa4-a97d-d965ccfc6d4b" outcome="Passed" testListId="8c84fa94-04c1-424b-9868-57a2d4851a1d" relativeResultsDirectory="9557407d-7343-474e-ad29-f3840a21eb8c" />
    <UnitTestResult executionId="9e7858d7-a28e-40e7-8d51-00544edbf1b7" testId="18ea9e19-e5cd-fb2d-c7dc-11458131e4e9" testName="KingdomArcherOptions.Combat.Tests.HeroRangeTests.Apply_FailureDuringScannerClaimDestroysTheOwnedClones" computerName="PC-GTCHXGAMSLNS" duration="00:00:00.0001909" startTime="2026-09-15T17:31:06.0932992+08:00" endTime="2026-09-15T17:31:06.0932993+08:00" testType="13cdc9d9-ddb5-4fa4-a97d-d965ccfc6d4b" outcome="Passed" testListId="8c84fa94-04c1-424b-9868-57a2d4851a1d" relativeResultsDirectory="9e7858d7-a28e-40e7-8d51-00544edbf1b7" />
    <UnitTestResult executionId="d7d2b619-3f49-4681-a888-aa3805082f68" testId="2b644450-aae6-1f50-f895-75d4001146f1" testName="KingdomArcherOptions.Combat.Tests.HeroCombatTests.HeroSwitchOff_RevokesHeroEvenWhenTheRuntimeStillClaimsIt" computerName="PC-GTCHXGAMSLNS" duration="00:00:00.0000726" startTime="2026-09-15T17:31:06.1112721+08:00" endTime="2026-09-15T17:31:06.1112722+08:00" testType="13cdc9d9-ddb5-4fa4-a97d-d965ccfc6d4b" outcome="Passed" testListId="8c84fa94-04c1-424b-9868-57a2d4851a1d" relativeResultsDirectory="d7d2b619-3f49-4681-a888-aa3805082f68" />
    <UnitTestResult executionId="9a567703-6761-4d5e-b93a-f23b2b5f0760" testId="e43dd690-9c1f-99f0-b0df-a38ed107b41b" testName="KingdomArcherOptions.Combat.Tests.ScatterLedgerRetentionTests.ProvenHit_ReleasesTheLease" computerName="PC-GTCHXGAMSLNS" duration="00:00:00.0002209" startTime="2026-09-15T17:31:06.1038887+08:00" endTime="2026-09-15T17:31:06.1038888+08:00" testType="13cdc9d9-ddb5-4fa4-a97d-d965ccfc6d4b" outcome="Passed" testListId="8c84fa94-04c1-424b-9868-57a2d4851a1d" relativeResultsDirectory="9a567703-6761-4d5e-b93a-f23b2b5f0760" />
    <UnitTestResult executionId="6d9e1e6f-d923-40cd-8905-39d7188d7035" testId="115a3bcf-a49d-883b-ec40-0355a46bae35" testName="KingdomArcherOptions.Combat.Tests.HeroRangeTests.Apply_WithNonPositiveMagnitudeFailsClosedWithoutTouchingTheBase" computerName="PC-GTCHXGAMSLNS" duration="00:00:00.0001209" startTime="2026-09-15T17:31:06.0931688+08:00" endTime="2026-09-15T17:31:06.0931689+08:00" testType="13cdc9d9-ddb5-4fa4-a97d-d965ccfc6d4b" outcome="Passed" testListId="8c84fa94-04c1-424b-9868-57a2d4851a1d" relativeResultsDirectory="6d9e1e6f-d923-40cd-8905-39d7188d7035" />
    <UnitTestResult executionId="02c2d11d-0610-4f46-a7e6-af336df7ba6b" testId="272d865a-e65a-36c6-ff30-3ed94b3e002b" testName="KingdomArcherOptions.Combat.Tests.RateTests.Timer_SkipsInertGrabbedDeadPausedUnauthorizedAndOutOfScopeArchers" computerName="PC-GTCHXGAMSLNS" duration="00:00:00.0001256" startTime="2026-09-15T17:31:06.1162767+08:00" endTime="2026-09-15T17:31:06.1162767+08:00" testType="13cdc9d9-ddb5-4fa4-a97d-d965ccfc6d4b" outcome="Passed" testListId="8c84fa94-04c1-424b-9868-57a2d4851a1d" relativeResultsDirectory="02c2d11d-0610-4f46-a7e6-af336df7ba6b" />
    <UnitTestResult executionId="69a10127-ec62-46ce-b409-e3f60d08f472" testId="64160608-6b06-906c-9a36-dd534758e007" testName="KingdomArcherOptions.Combat.Tests.RateTests.Borrow_PrefixWriteFailure_IsRecordedAndNeverEscapesTheCoroutine" computerName="PC-GTCHXGAMSLNS" duration="00:00:00.0003159" startTime="2026-09-15T17:31:06.1140234+08:00" endTime="2026-09-15T17:31:06.1140234+08:00" testType="13cdc9d9-ddb5-4fa4-a97d-d965ccfc6d4b" outcome="Passed" testListId="8c84fa94-04c1-424b-9868-57a2d4851a1d" relativeResultsDirectory="69a10127-ec62-46ce-b409-e3f60d08f472" />
    <UnitTestResult executionId="5c8c55c6-d49b-4dca-9f18-0caa485a9ece" testId="9a64f7f2-dc2f-a271-3837-1ac497632667" testName="KingdomArcherOptions.Combat.Tests.MedievalScatterIntegrationTests.GoldPayloadRoundTrip_PreservesPerfectAndColoursClientWithLocalScatterOff" computerName="PC-GTCHXGAMSLNS" duration="00:00:00.0004470" startTime="2026-09-15T17:31:06.1060993+08:00" endTime="2026-09-15T17:31:06.1060994+08:00" testType="13cdc9d9-ddb5-4fa4-a97d-d965ccfc6d4b" outcome="Passed" testListId="8c84fa94-04c1-424b-9868-57a2d4851a1d" relativeResultsDirectory="5c8c55c6-d49b-4dca-9f18-0caa485a9ece" />
    <UnitTestResult executionId="a47e8c1f-4881-4ebd-9ecb-740df4e4de7f" testId="bc8b7d80-8c39-396b-91f0-4b474ec7442c" testName="KingdomArcherOptions.Combat.Tests.RateTests.Borrow_WithDeadlandsNesting_ScalesOnTopOfDlTempAndBothFinalizersRestoreOriginals" computerName="PC-GTCHXGAMSLNS" duration="00:00:00.0002721" startTime="2026-09-15T17:31:06.1168146+08:00" endTime="2026-09-15T17:31:06.1168147+08:00" testType="13cdc9d9-ddb5-4fa4-a97d-d965ccfc6d4b" outcome="Passed" testListId="8c84fa94-04c1-424b-9868-57a2d4851a1d" relativeResultsDirectory="a47e8c1f-4881-4ebd-9ecb-740df4e4de7f" />
    <UnitTestResult executionId="91861663-b66d-4ed6-b239-848f750d4a54" testId="a3e7689f-f0b1-e5e7-571c-df91789d4634" testName="KingdomArcherOptions.Combat.Tests.ScatterTests.DeadOrDamageableMissingArcher_SpawnsNoExtras(withDamageable: True)" computerName="PC-GTCHXGAMSLNS" duration="00:00:00.0052056" startTime="2026-09-15T17:31:06.0814884+08:00" endTime="2026-09-15T17:31:06.0814884+08:00" testType="13cdc9d9-ddb5-4fa4-a97d-d965ccfc6d4b" outcome="Passed" testListId="8c84fa94-04c1-424b-9868-57a2d4851a1d" relativeResultsDirectory="91861663-b66d-4ed6-b239-848f750d4a54" />
    <UnitTestResult executionId="d09e4b9d-38ac-4f06-9afa-6463a595e880" testId="409cc09b-ec75-eb65-a11c-0b99aa9cff68" testName="KingdomArcherOptions.Combat.Tests.HeroCombatTests.RuntimeFailure_IsIsolatedFromNativeShotAndUpdatePaths" computerName="PC-GTCHXGAMSLNS" duration="00:00:00.0005599" startTime="2026-09-15T17:31:06.1118790+08:00" endTime="2026-09-15T17:31:06.1118790+08:00" testType="13cdc9d9-ddb5-4fa4-a97d-d965ccfc6d4b" outcome="Passed" testListId="8c84fa94-04c1-424b-9868-57a2d4851a1d" relativeResultsDirectory="d09e4b9d-38ac-4f06-9afa-6463a595e880" />
    <UnitTestResult executionId="99c320dc-ad0b-49be-b669-aa2d826a13f5" testId="40f5f6d0-2c93-06f4-7417-08894ec7a063" testName="KingdomArcherOptions.Combat.Tests.ScatterTests.TrackedLedger_CapsAtSixtyFourLiveExtras" computerName="PC-GTCHXGAMSLNS" duration="00:00:00.0003542" startTime="2026-09-15T17:31:06.0815234+08:00" endTime="2026-09-15T17:31:06.0815235+08:00" testType="13cdc9d9-ddb5-4fa4-a97d-d965ccfc6d4b" outcome="Passed" testListId="8c84fa94-04c1-424b-9868-57a2d4851a1d" relativeResultsDirectory="99c320dc-ad0b-49be-b669-aa2d826a13f5" />
    <UnitTestResult executionId="fba67843-580c-4608-99cf-8ebe3ef9eb53" testId="ae629810-21d6-cec9-7009-658555401608" testName="KingdomArcherOptions.Combat.Tests.HeroRangeTests.Apply_IsIdempotentAndNeverClonesItsOwnClone" computerName="PC-GTCHXGAMSLNS" duration="00:00:00.0001958" startTime="2026-09-15T17:31:06.0925713+08:00" endTime="2026-09-15T17:31:06.0925713+08:00" testType="13cdc9d9-ddb5-4fa4-a97d-d965ccfc6d4b" outcome="Passed" testListId="8c84fa94-04c1-424b-9868-57a2d4851a1d" relativeResultsDirectory="fba67843-580c-4608-99cf-8ebe3ef9eb53" />
    <UnitTestResult executionId="e43df639-8ac3-4728-9bc9-fba6d24d30fc" testId="d0832529-f295-2d12-ffe2-62c92f246d57" testName="KingdomArcherOptions.Combat.Tests.MedievalScatterIntegrationTests.ShootingPipeline_UsesOnlyMedievalLeader(style: 2, extras: 0)" computerName="PC-GTCHXGAMSLNS" duration="00:00:00.0000104" startTime="2026-09-15T17:31:06.1073300+08:00" endTime="2026-09-15T17:31:06.1073301+08:00" testType="13cdc9d9-ddb5-4fa4-a97d-d965ccfc6d4b" outcome="Passed" testListId="8c84fa94-04c1-424b-9868-57a2d4851a1d" relativeResultsDirectory="e43df639-8ac3-4728-9bc9-fba6d24d30fc" />
    <UnitTestResult executionId="a3495921-3475-457b-a6fe-78256a1e17e7" testId="6ee25d75-97c2-4725-f8f5-5dce2f8c45c4" testName="KingdomArcherOptions.Combat.Tests.HeroCombatTests.EffectiveMultiplier_UsesMaxInsteadOfProduct(configured: 1.25, rateSwitchOn: True, hero: True, expected: 1.5)" computerName="PC-GTCHXGAMSLNS" duration="00:00:00.0000008" startTime="2026-09-15T17:31:06.1105085+08:00" endTime="2026-09-15T17:31:06.1105085+08:00" testType="13cdc9d9-ddb5-4fa4-a97d-d965ccfc6d4b" outcome="Passed" testListId="8c84fa94-04c1-424b-9868-57a2d4851a1d" relativeResultsDirectory="a3495921-3475-457b-a6fe-78256a1e17e7" />
    <UnitTestResult executionId="dcf329e9-927d-4a5d-8690-ea65abb9a15b" testId="5ec54819-2a1a-001b-4d78-6f847737f3d5" testName="KingdomArcherOptions.Combat.Tests.PatchContractTests.WrapperDeclaresAHarmonyDiscoverablePatchMethod(patchClass: typeof(KingdomEnhancedMod.Archer_OnEnable_RateLifetime_Patch), declaringType: &quot;Archer&quot;, nativeMethod: &quot;OnEnable&quot;, patchMethod: &quot;Prefix&quot;)" computerName="PC-GTCHXGAMSLNS" duration="00:00:00.0000053" startTime="2026-09-15T17:31:06.0972296+08:00" endTime="2026-09-15T17:31:06.0972296+08:00" testType="13cdc9d9-ddb5-4fa4-a97d-d965ccfc6d4b" outcome="Passed" testListId="8c84fa94-04c1-424b-9868-57a2d4851a1d" relativeResultsDirectory="dcf329e9-927d-4a5d-8690-ea65abb9a15b" />
    <UnitTestResult executionId="eb4b9dfe-e810-46ab-bf42-5d31d82d5f2f" testId="4fc90253-c70e-a75a-b3d7-22a8f84a3398" testName="KingdomArcherOptions.Combat.Tests.PatchContractTests.WrapperDeclaresAHarmonyDiscoverablePatchMethod(patchClass: typeof(KingdomEnhancedMod.Archer_Update_RateCadence_Patch), declaringType: &quot;Archer&quot;, nativeMethod: &quot;Update&quot;, patchMethod: &quot;Postfix&quot;)" computerName="PC-GTCHXGAMSLNS" duration="00:00:00.0000063" startTime="2026-09-15T17:31:06.0971862+08:00" endTime="2026-09-15T17:31:06.0971862+08:00" testType="13cdc9d9-ddb5-4fa4-a97d-d965ccfc6d4b" outcome="Passed" testListId="8c84fa94-04c1-424b-9868-57a2d4851a1d" relativeResultsDirectory="eb4b9dfe-e810-46ab-bf42-5d31d82d5f2f" />
    <UnitTestResult executionId="642cd970-9240-49c9-9e45-16f418dbae21" testId="87fa56ea-2999-f918-3e3a-c31c60ce66c8" testName="KingdomArcherOptions.Combat.Tests.RateTests.Timer_SkipsNonRangedPlayerControlledAndShootingArchers" computerName="PC-GTCHXGAMSLNS" duration="00:00:00.0001628" startTime="2026-09-15T17:31:06.1144739+08:00" endTime="2026-09-15T17:31:06.1144740+08:00" testType="13cdc9d9-ddb5-4fa4-a97d-d965ccfc6d4b" outcome="Passed" testListId="8c84fa94-04c1-424b-9868-57a2d4851a1d" relativeResultsDirectory="642cd970-9240-49c9-9e45-16f418dbae21" />
    <UnitTestResult executionId="61b98078-fde6-49ff-b352-f57b5a0c9030" testId="d0d97444-4168-f7c6-2c7a-3f3418c22938" testName="KingdomArcherOptions.Combat.Tests.HeroRangeTests.Apply_ClonesTheAttackAndScalesOnlyTheTwoProjectileMagnitudes" computerName="PC-GTCHXGAMSLNS" duration="00:00:00.0000875" startTime="2026-09-15T17:31:06.0926769+08:00" endTime="2026-09-15T17:31:06.0926770+08:00" testType="13cdc9d9-ddb5-4fa4-a97d-d965ccfc6d4b" outcome="Passed" testListId="8c84fa94-04c1-424b-9868-57a2d4851a1d" relativeResultsDirectory="61b98078-fde6-49ff-b352-f57b5a0c9030" />
    <UnitTestResult executionId="3d36ce16-ffa3-4c2e-99b8-54867089b3df" testId="29076054-f172-ac3d-bcc5-d1c0c955519a" testName="KingdomArcherOptions.Combat.Tests.ScatterTests.OnlineClientNotReadyYet_SpawnsNoExtras" computerName="PC-GTCHXGAMSLNS" duration="00:00:00.0000727" startTime="2026-09-15T17:31:06.0849523+08:00" endTime="2026-09-15T17:31:06.0849524+08:00" testType="13cdc9d9-ddb5-4fa4-a97d-d965ccfc6d4b" outcome="Passed" testListId="8c84fa94-04c1-424b-9868-57a2d4851a1d" relativeResultsDirectory="3d36ce16-ffa3-4c2e-99b8-54867089b3df" />
    <UnitTestResult executionId="aea0a909-ff1e-4505-85e3-7d1d7895f6e7" testId="a4763725-3860-9d45-a709-55aa00dad3a8" testName="KingdomArcherOptions.Combat.Tests.PatchContractTests.WrapperDeclaresAHarmonyDiscoverablePatchMethod(patchClass: typeof(KingdomEnhancedMod.Arrow_OnEnable_ExtraLedger_Patch), declaringType: &quot;Arrow&quot;, nativeMethod: &quot;OnEnable&quot;, patchMethod: &quot;Prefix&quot;)" computerName="PC-GTCHXGAMSLNS" duration="00:00:00.0000099" startTime="2026-09-15T17:31:06.0971493+08:00" endTime="2026-09-15T17:31:06.0971493+08:00" testType="13cdc9d9-ddb5-4fa4-a97d-d965ccfc6d4b" outcome="Passed" testListId="8c84fa94-04c1-424b-9868-57a2d4851a1d" relativeResultsDirectory="aea0a909-ff1e-4505-85e3-7d1d7895f6e7" />
    <UnitTestResult executionId="e525be81-898c-4e3f-bd03-4a4058c5dc5e" testId="41f8d910-fe0b-7a01-debd-5bf6de169b58" testName="KingdomArcherOptions.Combat.Tests.ScatterPoolGateTests.ResolvedPrefabMissingDependencies_SkipsExtras(withArrow: True, withRigidbody: True, withSoftSim: False)" computerName="PC-GTCHXGAMSLNS" duration="00:00:00.0000096" startTime="2026-09-15T17:31:06.0945920+08:00" endTime="2026-09-15T17:31:06.0945920+08:00" testType="13cdc9d9-ddb5-4fa4-a97d-d965ccfc6d4b" outcome="Passed" testListId="8c84fa94-04c1-424b-9868-57a2d4851a1d" relativeResultsDirectory="e525be81-898c-4e3f-bd03-4a4058c5dc5e" />
    <UnitTestResult executionId="927a2166-005a-47da-86d9-3875313b4509" testId="26fa805e-1b3c-613b-6c33-d0e21696879d" testName="KingdomArcherOptions.Combat.Tests.ScatterTests.UnresolvedPrefabPool_SkipsExtrasWithoutInstantiating" computerName="PC-GTCHXGAMSLNS" duration="00:00:00.0001365" startTime="2026-09-15T17:31:06.0848864+08:00" endTime="2026-09-15T17:31:06.0848864+08:00" testType="13cdc9d9-ddb5-4fa4-a97d-d965ccfc6d4b" outcome="Passed" testListId="8c84fa94-04c1-424b-9868-57a2d4851a1d" relativeResultsDirectory="927a2166-005a-47da-86d9-3875313b4509" />
    <UnitTestResult executionId="948947a1-c95f-427b-9a04-83d4fcf88dfa" testId="9dc48afb-fb00-6944-631c-59d62131aa47" testName="KingdomArcherOptions.Combat.Tests.RateTests.Borrow_ShrinksOnlyForTheCoroutineStepAndIsReturnedAfterwards" computerName="PC-GTCHXGAMSLNS" duration="00:00:00.0000978" startTime="2026-09-15T17:31:06.1146404+08:00" endTime="2026-09-15T17:31:06.1146404+08:00" testType="13cdc9d9-ddb5-4fa4-a97d-d965ccfc6d4b" outcome="Passed" testListId="8c84fa94-04c1-424b-9868-57a2d4851a1d" relativeResultsDirectory="948947a1-c95f-427b-9a04-83d4fcf88dfa" />
    <UnitTestResult executionId="188bfa96-c667-4de5-a21c-28fe1383314e" testId="4120aece-80ce-f1af-6c33-a00d810e9d61" testName="KingdomArcherOptions.Combat.Tests.RateTests.Timer_DisabledDoesNothing" computerName="PC-GTCHXGAMSLNS" duration="00:00:00.0000553" startTime="2026-09-15T17:31:06.1156636+08:00" endTime="2026-09-15T17:31:06.1156636+08:00" testType="13cdc9d9-ddb5-4fa4-a97d-d965ccfc6d4b" outcome="Passed" testListId="8c84fa94-04c1-424b-9868-57a2d4851a1d" relativeResultsDirectory="188bfa96-c667-4de5-a21c-28fe1383314e" />
    <UnitTestResult executionId="56c981b7-23a2-4b17-8d05-59273c608d3b" testId="93a3008e-7489-0aa6-8914-9cc6fc7b5f79" testName="KingdomArcherOptions.Combat.Tests.HeroCombatTests.EffectiveMultiplier_UsesMaxInsteadOfProduct(configured: 2, rateSwitchOn: True, hero: False, expected: 2)" computerName="PC-GTCHXGAMSLNS" duration="00:00:00.0000006" startTime="2026-09-15T17:31:06.1105226+08:00" endTime="2026-09-15T17:31:06.1105226+08:00" testType="13cdc9d9-ddb5-4fa4-a97d-d965ccfc6d4b" outcome="Passed" testListId="8c84fa94-04c1-424b-9868-57a2d4851a1d" relativeResultsDirectory="56c981b7-23a2-4b17-8d05-59273c608d3b" />
    <UnitTestResult executionId="604434de-8028-47d7-a32c-a3a0eed6448e" testId="2b869cc2-bb74-aa59-f0dd-decbfc2e8acc" testName="KingdomArcherOptions.Combat.Tests.ScatterTests.VolleyCount_IsTotalArrowsIncludingOriginal_ClampedTo1Through3(configured: 3, expectedExtras: 2)" computerName="PC-GTCHXGAMSLNS" duration="00:00:00.0000134" startTime="2026-09-15T17:31:06.0622653+08:00" endTime="2026-09-15T17:31:06.0622653+08:00" testType="13cdc9d9-ddb5-4fa4-a97d-d965ccfc6d4b" outcome="Passed" testListId="8c84fa94-04c1-424b-9868-57a2d4851a1d" relativeResultsDirectory="604434de-8028-47d7-a32c-a3a0eed6448e" />
    <UnitTestResult executionId="6cc13f3f-a3f2-49a6-881f-214eaf438958" testId="ce37209e-a71b-a90f-7280-b00ac74c6d0b" testName="KingdomArcherOptions.Combat.Tests.RateTests.EnableBeforeNewLife_ReturnsTheOutstandingReceipt" computerName="PC-GTCHXGAMSLNS" duration="00:00:00.0001981" startTime="2026-09-15T17:31:06.1156427+08:00" endTime="2026-09-15T17:31:06.1156427+08:00" testType="13cdc9d9-ddb5-4fa4-a97d-d965ccfc6d4b" outcome="Passed" testListId="8c84fa94-04c1-424b-9868-57a2d4851a1d" relativeResultsDirectory="6cc13f3f-a3f2-49a6-881f-214eaf438958" />
    <UnitTestResult executionId="33067def-a840-4a10-858e-a5520f8c7431" testId="fefa800f-4e41-6ae3-fc54-59e056310785" testName="KingdomArcherOptions.Combat.Tests.HeroRangeTests.WrapperIdentity_MatchesOnPointerAndGoIdNotOnReference" computerName="PC-GTCHXGAMSLNS" duration="00:00:00.0003278" startTime="2026-09-15T17:31:06.0905740+08:00" endTime="2026-09-15T17:31:06.0905741+08:00" testType="13cdc9d9-ddb5-4fa4-a97d-d965ccfc6d4b" outcome="Passed" testListId="8c84fa94-04c1-424b-9868-57a2d4851a1d" relativeResultsDirectory="33067def-a840-4a10-858e-a5520f8c7431" />
    <UnitTestResult executionId="8fa904dc-78cf-485b-bb91-9add69ca3c64" testId="001cf572-60d6-0f0d-ae1b-93aff90a79bd" testName="KingdomArcherOptions.Combat.Tests.MedievalScatterIntegrationTests.TeamChangeAffectsNextShot_ExistingExtrasKeepTheirColour" computerName="PC-GTCHXGAMSLNS" duration="00:00:00.0002641" startTime="2026-09-15T17:31:06.1076436+08:00" endTime="2026-09-15T17:31:06.1076437+08:00" testType="13cdc9d9-ddb5-4fa4-a97d-d965ccfc6d4b" outcome="Passed" testListId="8c84fa94-04c1-424b-9868-57a2d4851a1d" relativeResultsDirectory="8fa904dc-78cf-485b-bb91-9add69ca3c64" />
    <UnitTestResult executionId="747577e8-9a4a-447d-b363-371b3aa14cc7" testId="95435d5a-1c54-14b4-6666-02d40457e7ed" testName="KingdomArcherOptions.Combat.Tests.RateTests.Borrow_ReturnFailure_KeepsARetryableReceiptAndBlocksFurtherShrinking" computerName="PC-GTCHXGAMSLNS" duration="00:00:00.0002181" startTime="2026-09-15T17:31:06.1165079+08:00" endTime="2026-09-15T17:31:06.1165079+08:00" testType="13cdc9d9-ddb5-4fa4-a97d-d965ccfc6d4b" outcome="Passed" testListId="8c84fa94-04c1-424b-9868-57a2d4851a1d" relativeResultsDirectory="747577e8-9a4a-447d-b363-371b3aa14cc7" />
    <UnitTestResult executionId="b9b08f82-3245-40fe-b204-5f516f4cb9c8" testId="c7b4d592-3789-90d2-5e4b-3bbb9d7c8d10" testName="KingdomArcherOptions.Combat.Tests.ScatterTests.VolleyCount_IsTotalArrowsIncludingOriginal_ClampedTo1Through3(configured: 0, expectedExtras: 0)" computerName="PC-GTCHXGAMSLNS" duration="00:00:00.0000167" startTime="2026-09-15T17:31:06.0622400+08:00" endTime="2026-09-15T17:31:06.0622401+08:00" testType="13cdc9d9-ddb5-4fa4-a97d-d965ccfc6d4b" outcome="Passed" testListId="8c84fa94-04c1-424b-9868-57a2d4851a1d" relativeResultsDirectory="b9b08f82-3245-40fe-b204-5f516f4cb9c8" />
    <UnitTestResult executionId="d230ea2b-690d-4926-ab42-f6f2d2fc6acb" testId="4c9b3235-3bdd-3e10-1590-66bb44a2810a" testName="KingdomArcherOptions.Combat.Tests.ScatterPoolGateTests.ResolvedPrefabMissingDependencies_SkipsExtras(withArrow: True, withRigidbody: False, withSoftSim: True)" computerName="PC-GTCHXGAMSLNS" duration="00:00:00.0001652" startTime="2026-09-15T17:31:06.0945060+08:00" endTime="2026-09-15T17:31:06.0945060+08:00" testType="13cdc9d9-ddb5-4fa4-a97d-d965ccfc6d4b" outcome="Passed" testListId="8c84fa94-04c1-424b-9868-57a2d4851a1d" relativeResultsDirectory="d230ea2b-690d-4926-ab42-f6f2d2fc6acb" />
    <UnitTestResult executionId="faaf5007-fe2b-4544-8a45-9a971d874a64" testId="26b96e44-82a7-f106-cf85-3f22979be6a9" testName="KingdomArcherOptions.Combat.Tests.RangeCleanupRegression.FirstPendingOwnerCannotStarveSecondRetry" computerName="PC-GTCHXGAMSLNS" duration="00:00:00.0001708" startTime="2026-09-15T17:31:06.1131390+08:00" endTime="2026-09-15T17:31:06.1131392+08:00" testType="13cdc9d9-ddb5-4fa4-a97d-d965ccfc6d4b" outcome="Passed" testListId="8c84fa94-04c1-424b-9868-57a2d4851a1d" relativeResultsDirectory="faaf5007-fe2b-4544-8a45-9a971d874a64" />
    <UnitTestResult executionId="4c7c5155-61c8-49a5-842a-278d6e05beae" testId="d4e07dfa-c880-d89c-a87b-939b80e8f22f" testName="KingdomArcherOptions.Combat.Tests.MedievalScatterIntegrationTests.PooledGoldExtra_BecomesAnOrdinaryArrowWithOriginalColour_WhenDisabled" computerName="PC-GTCHXGAMSLNS" duration="00:00:00.0008097" startTime="2026-09-15T17:31:06.1069471+08:00" endTime="2026-09-15T17:31:06.1069472+08:00" testType="13cdc9d9-ddb5-4fa4-a97d-d965ccfc6d4b" outcome="Passed" testListId="8c84fa94-04c1-424b-9868-57a2d4851a1d" relativeResultsDirectory="4c7c5155-61c8-49a5-842a-278d6e05beae" />
    <UnitTestResult executionId="f45fff4f-2cde-4d86-9769-9d29a82655ad" testId="7674a45e-4088-c058-7697-9464a6ab0168" testName="KingdomArcherOptions.Combat.Tests.RangeCleanupRegression.LaterNativeFireAssetAndForeignActiveAreDetected" computerName="PC-GTCHXGAMSLNS" duration="00:00:00.0001750" startTime="2026-09-15T17:31:06.1129209+08:00" endTime="2026-09-15T17:31:06.1129210+08:00" testType="13cdc9d9-ddb5-4fa4-a97d-d965ccfc6d4b" outcome="Passed" testListId="8c84fa94-04c1-424b-9868-57a2d4851a1d" relativeResultsDirectory="f45fff4f-2cde-4d86-9769-9d29a82655ad" />
    <UnitTestResult executionId="74466185-8734-4124-9e9e-79b3fcff9713" testId="fc558afa-43a4-4142-bfbd-7f7ab8da5cc8" testName="KingdomArcherOptions.Combat.Tests.HeroCombatTests.HeroTimer_IsNotDoubleScaledWhenTheNormalSwitchIsAlsoOn" computerName="PC-GTCHXGAMSLNS" duration="00:00:00.0021302" startTime="2026-09-15T17:31:06.1101534+08:00" endTime="2026-09-15T17:31:06.1101535+08:00" testType="13cdc9d9-ddb5-4fa4-a97d-d965ccfc6d4b" outcome="Passed" testListId="8c84fa94-04c1-424b-9868-57a2d4851a1d" relativeResultsDirectory="74466185-8734-4124-9e9e-79b3fcff9713" />
    <UnitTestResult executionId="03a86c33-11a3-47cc-9ff2-ebe57115b755" testId="d40a3dcb-39e6-a3bc-9236-66fce511226d" testName="KingdomArcherOptions.Combat.Tests.ScatterTests.PrefabWithoutRigidbody_SkipsExtras" computerName="PC-GTCHXGAMSLNS" duration="00:00:00.0000943" startTime="2026-09-15T17:31:06.0851998+08:00" endTime="2026-09-15T17:31:06.0851999+08:00" testType="13cdc9d9-ddb5-4fa4-a97d-d965ccfc6d4b" outcome="Passed" testListId="8c84fa94-04c1-424b-9868-57a2d4851a1d" relativeResultsDirectory="03a86c33-11a3-47cc-9ff2-ebe57115b755" />
    <UnitTestResult executionId="84a8a779-796a-4f43-b06f-bffa27a8c569" testId="b6c4b293-4d5c-afc6-4869-516a999489de" testName="KingdomArcherOptions.Combat.Tests.HeroRangeTests.Apply_WithoutABaseAttackReportsFailureSoTheOperatorCanRevoke" computerName="PC-GTCHXGAMSLNS" duration="00:00:00.0000419" startTime="2026-09-15T17:31:06.0937073+08:00" endTime="2026-09-15T17:31:06.0937073+08:00" testType="13cdc9d9-ddb5-4fa4-a97d-d965ccfc6d4b" outcome="Passed" testListId="8c84fa94-04c1-424b-9868-57a2d4851a1d" relativeResultsDirectory="84a8a779-796a-4f43-b06f-bffa27a8c569" />
    <UnitTestResult executionId="99fd0609-a45f-4922-83bf-4771b760fc01" testId="3f3f1028-f1ca-347f-6bed-36295de86a39" testName="KingdomArcherOptions.Combat.Tests.HeroCombatTests.WantedExtras_MatchesHeroAndMedievalRules(heroCombat: False, scatterOn: True, volleyCount: 1, expected: 0)" computerName="PC-GTCHXGAMSLNS" duration="00:00:00.0000530" startTime="2026-09-15T17:31:06.1078032+08:00" endTime="2026-09-15T17:31:06.1078033+08:00" testType="13cdc9d9-ddb5-4fa4-a97d-d965ccfc6d4b" outcome="Passed" testListId="8c84fa94-04c1-424b-9868-57a2d4851a1d" relativeResultsDirectory="99fd0609-a45f-4922-83bf-4771b760fc01" />
    <UnitTestResult executionId="7bbb9f07-e845-40e7-8d7f-cba53a165cb4" testId="5f432861-766c-cbd4-d500-0d5feea9b106" testName="KingdomArcherOptions.Combat.Tests.PatchContractTests.WrapperDeclaresAHarmonyDiscoverablePatchMethod(patchClass: typeof(KingdomEnhancedMod.Archer_ShootCoroutine_OptionsCadence_Patch), declaringType: &quot;_Shoot_d__225&quot;, nativeMethod: &quot;MoveNext&quot;, patchMethod: &quot;Finalizer&quot;)" computerName="PC-GTCHXGAMSLNS" duration="00:00:00.0000731" startTime="2026-09-15T17:31:06.0971711+08:00" endTime="2026-09-15T17:31:06.0971711+08:00" testType="13cdc9d9-ddb5-4fa4-a97d-d965ccfc6d4b" outcome="Passed" testListId="8c84fa94-04c1-424b-9868-57a2d4851a1d" relativeResultsDirectory="7bbb9f07-e845-40e7-8d7f-cba53a165cb4" />
    <UnitTestResult executionId="868bd8f8-7a7b-4c44-95c8-2359e6f60d1a" testId="6b411d9c-dd86-0f2f-706a-530f9a672bc5" testName="KingdomArcherOptions.Combat.Tests.MedievalScatterIntegrationTests.ExcludedSourcesAndTargets_StillShootOneOriginalArrow(reason: &quot;friendly&quot;)" computerName="PC-GTCHXGAMSLNS" duration="00:00:00.0000524" startTime="2026-09-15T17:31:06.1056009+08:00" endTime="2026-09-15T17:31:06.1056010+08:00" testType="13cdc9d9-ddb5-4fa4-a97d-d965ccfc6d4b" outcome="Passed" testListId="8c84fa94-04c1-424b-9868-57a2d4851a1d" relativeResultsDirectory="868bd8f8-7a7b-4c44-95c8-2359e6f60d1a" />
    <UnitTestResult executionId="bafee864-dd37-476e-bee0-3368bee25b55" testId="c0b9c220-9375-4974-5ffe-cf3803c38d34" testName="KingdomArcherOptions.Combat.Tests.HeroCombatTests.OriginPolicy_OnlyHeroBindsNormalArrows" computerName="PC-GTCHXGAMSLNS" duration="00:00:00.0000424" startTime="2026-09-15T17:31:06.1113039+08:00" endTime="2026-09-15T17:31:06.1113039+08:00" testType="13cdc9d9-ddb5-4fa4-a97d-d965ccfc6d4b" outcome="Passed" testListId="8c84fa94-04c1-424b-9868-57a2d4851a1d" relativeResultsDirectory="bafee864-dd37-476e-bee0-3368bee25b55" />
    <UnitTestResult executionId="4a579f40-a7e5-419e-841b-55c649c20bb8" testId="3bbd4fee-ab6a-a329-3bc1-40bfebccbd79" testName="KingdomArcherOptions.Combat.Tests.MedievalScatterIntegrationTests.ExcludedSourcesAndTargets_StillShootOneOriginalArrow(reason: &quot;unassigned&quot;)" computerName="PC-GTCHXGAMSLNS" duration="00:00:00.0000100" startTime="2026-09-15T17:31:06.1058896+08:00" endTime="2026-09-15T17:31:06.1058897+08:00" testType="13cdc9d9-ddb5-4fa4-a97d-d965ccfc6d4b" outcome="Passed" testListId="8c84fa94-04c1-424b-9868-57a2d4851a1d" relativeResultsDirectory="4a579f40-a7e5-419e-841b-55c649c20bb8" />
    <UnitTestResult executionId="ff440559-1244-4dbf-b02b-82572e099424" testId="30150ece-fd3b-4571-fb78-03d272a4c7d2" testName="KingdomArcherOptions.Combat.Tests.MedievalScatterIntegrationTests.ShootingPipeline_UsesOnlyMedievalLeader(style: 0, extras: 2)" computerName="PC-GTCHXGAMSLNS" duration="00:00:00.0000152" startTime="2026-09-15T17:31:06.1073649+08:00" endTime="2026-09-15T17:31:06.1073650+08:00" testType="13cdc9d9-ddb5-4fa4-a97d-d965ccfc6d4b" outcome="Passed" testListId="8c84fa94-04c1-424b-9868-57a2d4851a1d" relativeResultsDirectory="ff440559-1244-4dbf-b02b-82572e099424" />
    <UnitTestResult executionId="b51079e5-bf68-4b48-8f17-2d80e1ae3018" testId="5d46915e-504d-8cd3-2680-7e4fb3791f58" testName="KingdomArcherOptions.Combat.Tests.HeroCombatTests.HeroHuntingShot_KeepsTheSingleNativeArrow" computerName="PC-GTCHXGAMSLNS" duration="00:00:00.0001825" startTime="2026-09-15T17:31:06.1106554+08:00" endTime="2026-09-15T17:31:06.1106554+08:00" testType="13cdc9d9-ddb5-4fa4-a97d-d965ccfc6d4b" outcome="Passed" testListId="8c84fa94-04c1-424b-9868-57a2d4851a1d" relativeResultsDirectory="b51079e5-bf68-4b48-8f17-2d80e1ae3018" />
    <UnitTestResult executionId="58fdb337-55bd-4b51-8136-c0e00318a08d" testId="e818609a-dda4-eace-bc59-c6217a6702e2" testName="KingdomArcherOptions.Combat.Tests.HeroCombatTests.HeroRate_IsOnePointFiveWhenTheNormalRateSwitchIsOff" computerName="PC-GTCHXGAMSLNS" duration="00:00:00.0001127" startTime="2026-09-15T17:31:06.1109945+08:00" endTime="2026-09-15T17:31:06.1109946+08:00" testType="13cdc9d9-ddb5-4fa4-a97d-d965ccfc6d4b" outcome="Passed" testListId="8c84fa94-04c1-424b-9868-57a2d4851a1d" relativeResultsDirectory="58fdb337-55bd-4b51-8136-c0e00318a08d" />
    <UnitTestResult executionId="5d82d328-8b76-4a7e-a458-2f5a389e5ef9" testId="f9658615-dc6a-1eeb-a3a0-2e9f1b34ad32" testName="KingdomArcherOptions.Combat.Tests.ScatterLedgerRetentionTests.ToggleOffOn_KeepsLiveLeasesSoTheAliveCapHolds" computerName="PC-GTCHXGAMSLNS" duration="00:00:00.0003117" startTime="2026-09-15T17:31:06.1042234+08:00" endTime="2026-09-15T17:31:06.1042234+08:00" testType="13cdc9d9-ddb5-4fa4-a97d-d965ccfc6d4b" outcome="Passed" testListId="8c84fa94-04c1-424b-9868-57a2d4851a1d" relativeResultsDirectory="5d82d328-8b76-4a7e-a458-2f5a389e5ef9" />
    <UnitTestResult executionId="9790f85c-a32c-42ba-bf8f-231f52049fdf" testId="17bb2a3e-54cd-b4a0-b4d3-c5b954c3e1f7" testName="KingdomArcherOptions.Combat.Tests.HeroCombatTests.OnEnableIsForwardedEvenWhileTheSwitchIsOffSoPoolCleanupIsNeverMissed" computerName="PC-GTCHXGAMSLNS" duration="00:00:00.0001195" startTime="2026-09-15T17:31:06.1107693+08:00" endTime="2026-09-15T17:31:06.1107694+08:00" testType="13cdc9d9-ddb5-4fa4-a97d-d965ccfc6d4b" outcome="Passed" testListId="8c84fa94-04c1-424b-9868-57a2d4851a1d" relativeResultsDirectory="9790f85c-a32c-42ba-bf8f-231f52049fdf" />
    <UnitTestResult executionId="3047183b-1188-44b9-929d-b4ef1acab307" testId="717f1e33-1882-3058-907a-cf038eaaad87" testName="KingdomArcherOptions.Combat.Tests.RateTests.Borrow_FloorsNeverSlowAnAlreadyFasterValue" computerName="PC-GTCHXGAMSLNS" duration="00:00:00.0001268" startTime="2026-09-15T17:31:06.1160029+08:00" endTime="2026-09-15T17:31:06.1160030+08:00" testType="13cdc9d9-ddb5-4fa4-a97d-d965ccfc6d4b" outcome="Passed" testListId="8c84fa94-04c1-424b-9868-57a2d4851a1d" relativeResultsDirectory="3047183b-1188-44b9-929d-b4ef1acab307" />
    <UnitTestResult executionId="3adac5a2-8707-48af-bbb9-92dcff131e60" testId="17540a94-5be6-0d6c-c7eb-52dc8cf68434" testName="KingdomArcherOptions.Combat.Tests.ScatterTests.MalformedCachedInstance_RemainsCountedUntilNativeRetirement(perfectFailure: True)" computerName="PC-GTCHXGAMSLNS" duration="00:00:00.0072271" startTime="2026-09-15T17:31:06.0814520+08:00" endTime="2026-09-15T17:31:06.0814521+08:00" testType="13cdc9d9-ddb5-4fa4-a97d-d965ccfc6d4b" outcome="Passed" testListId="8c84fa94-04c1-424b-9868-57a2d4851a1d" relativeResultsDirectory="3adac5a2-8707-48af-bbb9-92dcff131e60" />
    <UnitTestResult executionId="361444af-c131-4723-8896-42d2738d36c0" testId="e8451c1f-adba-700c-dbef-9346d508ffd4" testName="KingdomArcherOptions.Combat.Tests.HeroCombatTests.HeroSpec_IsPinnedToThreeArrowsPointTwoFiveRadiusAndOneDamage" computerName="PC-GTCHXGAMSLNS" duration="00:00:00.0000386" startTime="2026-09-15T17:31:06.1110164+08:00" endTime="2026-09-15T17:31:06.1110164+08:00" testType="13cdc9d9-ddb5-4fa4-a97d-d965ccfc6d4b" outcome="Passed" testListId="8c84fa94-04c1-424b-9868-57a2d4851a1d" relativeResultsDirectory="361444af-c131-4723-8896-42d2738d36c0" />
    <UnitTestResult executionId="b44e4390-44e4-41bd-bb61-a18df0045211" testId="cbe12fcc-92db-6ab6-b6d8-25ef6cc0ac7f" testName="KingdomArcherOptions.Combat.Tests.HeroRangeTests.Restore_ReturnsEveryFieldByCasAndFreesTheClones" computerName="PC-GTCHXGAMSLNS" duration="00:00:00.0000725" startTime="2026-09-15T17:31:06.0922110+08:00" endTime="2026-09-15T17:31:06.0922110+08:00" testType="13cdc9d9-ddb5-4fa4-a97d-d965ccfc6d4b" outcome="Passed" testListId="8c84fa94-04c1-424b-9868-57a2d4851a1d" relativeResultsDirectory="b44e4390-44e4-41bd-bb61-a18df0045211" />
    <UnitTestResult executionId="58d7f255-3b72-4058-8c7b-032ab0294788" testId="59a13065-e637-6556-2b57-a5fb7d212711" testName="KingdomArcherOptions.Combat.Tests.ScatterTests.VolleyCount_IsTotalArrowsIncludingOriginal_ClampedTo1Through3(configured: 4, expectedExtras: 2)" computerName="PC-GTCHXGAMSLNS" duration="00:00:00.0005095" startTime="2026-09-15T17:31:06.0620754+08:00" endTime="2026-09-15T17:31:06.0620754+08:00" testType="13cdc9d9-ddb5-4fa4-a97d-d965ccfc6d4b" outcome="Passed" testListId="8c84fa94-04c1-424b-9868-57a2d4851a1d" relativeResultsDirectory="58d7f255-3b72-4058-8c7b-032ab0294788" />
    <UnitTestResult executionId="5bdddc42-3662-4435-b7cd-9b8cd31dd30c" testId="377d0177-33f5-9496-aaa2-c4d65daaabbe" testName="KingdomArcherOptions.Combat.Tests.HeroRangeTests.FireAliasWithTheNormalAttackUsesASingleCloneForBothFields" computerName="PC-GTCHXGAMSLNS" duration="00:00:00.0024290" startTime="2026-09-15T17:31:06.0902379+08:00" endTime="2026-09-15T17:31:06.0902380+08:00" testType="13cdc9d9-ddb5-4fa4-a97d-d965ccfc6d4b" outcome="Passed" testListId="8c84fa94-04c1-424b-9868-57a2d4851a1d" relativeResultsDirectory="5bdddc42-3662-4435-b7cd-9b8cd31dd30c" />
    <UnitTestResult executionId="66a81452-bb55-4609-b978-79efc9f8db44" testId="f1b5bc97-7352-de40-9f66-76cace93d187" testName="KingdomArcherOptions.Combat.Tests.PatchContractTests.PatchPrioritiesImplementTheDeadlandsNestingContract" computerName="PC-GTCHXGAMSLNS" duration="00:00:00.0002225" startTime="2026-09-15T17:31:06.0959014+08:00" endTime="2026-09-15T17:31:06.0959015+08:00" testType="13cdc9d9-ddb5-4fa4-a97d-d965ccfc6d4b" outcome="Passed" testListId="8c84fa94-04c1-424b-9868-57a2d4851a1d" relativeResultsDirectory="66a81452-bb55-4609-b978-79efc9f8db44" />
    <UnitTestResult executionId="30f69483-e4a4-4372-a824-adbacf5a56c7" testId="5f860886-a7af-c6b2-e5ab-9fd135400814" testName="KingdomArcherOptions.Combat.Tests.ScatterTests.DeadOrDamageableMissingArcher_SpawnsNoExtras(withDamageable: False)" computerName="PC-GTCHXGAMSLNS" duration="00:00:00.0001525" startTime="2026-09-15T17:31:06.0815032+08:00" endTime="2026-09-15T17:31:06.0815032+08:00" testType="13cdc9d9-ddb5-4fa4-a97d-d965ccfc6d4b" outcome="Passed" testListId="8c84fa94-04c1-424b-9868-57a2d4851a1d" relativeResultsDirectory="30f69483-e4a4-4372-a824-adbacf5a56c7" />
    <UnitTestResult executionId="9bd66868-0617-429d-baa2-ef725fdfafb8" testId="d064ba40-cba7-cced-533e-4ad979049f62" testName="KingdomArcherOptions.Combat.Tests.HeroCombatTests.EffectiveMultiplier_UsesMaxInsteadOfProduct(configured: 1, rateSwitchOn: True, hero: True, expected: 1.5)" computerName="PC-GTCHXGAMSLNS" duration="00:00:00.0000010" startTime="2026-09-15T17:31:06.1104940+08:00" endTime="2026-09-15T17:31:06.1104941+08:00" testType="13cdc9d9-ddb5-4fa4-a97d-d965ccfc6d4b" outcome="Passed" testListId="8c84fa94-04c1-424b-9868-57a2d4851a1d" relativeResultsDirectory="9bd66868-0617-429d-baa2-ef725fdfafb8" />
    <UnitTestResult executionId="2a3e51d7-b9cb-4562-a4de-a2e5af6ea319" testId="b8fc12c3-63aa-b558-4462-49199638475b" testName="KingdomArcherOptions.Combat.Tests.ScatterTests.Enabled_SpawnsVolleyMinusOne_AndLeavesTheNativeShotUntouched" computerName="PC-GTCHXGAMSLNS" duration="00:00:00.0042992" startTime="2026-09-15T17:31:06.0840268+08:00" endTime="2026-09-15T17:31:06.0840271+08:00" testType="13cdc9d9-ddb5-4fa4-a97d-d965ccfc6d4b" outcome="Passed" testListId="8c84fa94-04c1-424b-9868-57a2d4851a1d" relativeResultsDirectory="2a3e51d7-b9cb-4562-a4de-a2e5af6ea319" />
    <UnitTestResult executionId="2f03fb77-c9d7-40d5-8319-bd0eee713d4a" testId="45ea16f5-4917-d02b-7613-1f8d4f4f9bfd" testName="KingdomArcherOptions.Combat.Tests.HeroRangeTests.Clear_KeepsPendingEntriesInsteadOfDroppingTheReceipt" computerName="PC-GTCHXGAMSLNS" duration="00:00:00.0002486" startTime="2026-09-15T17:31:06.0920042+08:00" endTime="2026-09-15T17:31:06.0920042+08:00" testType="13cdc9d9-ddb5-4fa4-a97d-d965ccfc6d4b" outcome="Passed" testListId="8c84fa94-04c1-424b-9868-57a2d4851a1d" relativeResultsDirectory="2f03fb77-c9d7-40d5-8319-bd0eee713d4a" />
    <UnitTestResult executionId="865af3a1-5390-425b-9808-2379470f6635" testId="c130f581-a243-1f21-bda8-f580aa6f23f7" testName="KingdomArcherOptions.Combat.Tests.MedievalScatterIntegrationTests.ShootingPipeline_UsesOnlyMedievalLeader(style: 4, extras: 0)" computerName="PC-GTCHXGAMSLNS" duration="00:00:00.0001531" startTime="2026-09-15T17:31:06.1071215+08:00" endTime="2026-09-15T17:31:06.1071215+08:00" testType="13cdc9d9-ddb5-4fa4-a97d-d965ccfc6d4b" outcome="Passed" testListId="8c84fa94-04c1-424b-9868-57a2d4851a1d" relativeResultsDirectory="865af3a1-5390-425b-9808-2379470f6635" />
[...]
    <TestEntry testId="0a7d6c2c-10f4-bd07-e164-e4bf6d637249" executionId="7a55a787-aa9c-4f16-b253-44a70e7eb074" testListId="8c84fa94-04c1-424b-9868-57a2d4851a1d" />
    <TestEntry testId="46f3c966-f20d-d5d4-daad-652ab65e20e7" executionId="e44b5926-dad4-43b3-8454-5d186a749821" testListId="8c84fa94-04c1-424b-9868-57a2d4851a1d" />
    <TestEntry testId="85e417ad-433f-1610-4de1-f178a77f8fd5" executionId="d1d35859-f529-4d9a-8006-bc34e64246c3" testListId="8c84fa94-04c1-424b-9868-57a2d4851a1d" />
    <TestEntry testId="c5fe9db3-049e-f843-131f-fd67f70f3ac5" executionId="30d494ea-4ee5-4eff-8f63-f8651c5a4e26" testListId="8c84fa94-04c1-424b-9868-57a2d4851a1d" />
    <TestEntry testId="3dd7513b-e4bc-20e7-0a5b-9b7ae5ed49d4" executionId="cae17c5e-f0fd-45cd-b90b-5ecd5b92e8b6" testListId="8c84fa94-04c1-424b-9868-57a2d4851a1d" />
    <TestEntry testId="53dee791-4b9a-363f-3f59-a86f0953b231" executionId="c9ceb28b-6851-44ea-a9d2-8228653a74a0" testListId="8c84fa94-04c1-424b-9868-57a2d4851a1d" />
    <TestEntry testId="27563f64-6916-c451-fded-a4d5efb899a7" executionId="273834ad-a2e8-4327-b83e-54007d9f3d43" testListId="8c84fa94-04c1-424b-9868-57a2d4851a1d" />
    <TestEntry testId="bd0cf178-0eb9-dbce-8851-6c9acfd62f41" executionId="c8696a90-15ca-44eb-9984-8e7d97652488" testListId="8c84fa94-04c1-424b-9868-57a2d4851a1d" />
    <TestEntry testId="4bdb0a48-0666-fff7-6171-cfea415b5fc2" executionId="d8b874c3-b3f4-4b7b-ace7-ca710dd8ef17" testListId="8c84fa94-04c1-424b-9868-57a2d4851a1d" />
    <TestEntry testId="4273bd2b-016a-8c72-e3b7-bc9ff9cd3815" executionId="0211bfcf-44f3-415e-bad8-7e9da03a9d05" testListId="8c84fa94-04c1-424b-9868-57a2d4851a1d" />
    <TestEntry testId="fccaff4a-bb35-b6e2-6c58-74c933bfbbb8" executionId="7e055123-d5a4-4979-b3d4-a2232de81e4b" testListId="8c84fa94-04c1-424b-9868-57a2d4851a1d" />
    <TestEntry testId="74bfd6dd-2041-f601-ea95-282b92c4bfb5" executionId="b4ddfa8a-d8c3-418e-8f0e-7015c541c40a" testListId="8c84fa94-04c1-424b-9868-57a2d4851a1d" />
    <TestEntry testId="3176976c-0b98-3874-20d6-1d04e90c9668" executionId="6392f3a7-83ad-4711-a9e3-4492ebd07e5c" testListId="8c84fa94-04c1-424b-9868-57a2d4851a1d" />
    <TestEntry testId="c239dc19-3f76-fce3-f7af-7048361aaf00" executionId="ab067824-8b78-483a-a09f-3659da8c1f49" testListId="8c84fa94-04c1-424b-9868-57a2d4851a1d" />
    <TestEntry testId="4d7986af-721e-99d8-abe6-42937dbe5da0" executionId="4ddddb72-d646-4922-9ad3-6c811068c43e" testListId="8c84fa94-04c1-424b-9868-57a2d4851a1d" />
    <TestEntry testId="b2b0c3c0-9ade-995c-7d4e-9d1782381334" executionId="d9eced7c-75e4-4d27-bd26-555c82bd736f" testListId="8c84fa94-04c1-424b-9868-57a2d4851a1d" />
    <TestEntry testId="3f2161f4-d365-98c3-b45d-656c03d738c6" executionId="9caea59c-b3cb-4a15-980e-984bd97c036d" testListId="8c84fa94-04c1-424b-9868-57a2d4851a1d" />
    <TestEntry testId="532a91df-7790-d053-49e8-bcd1b8f76dbe" executionId="c5d0b07a-15f7-4640-a3c2-58fcb19a187a" testListId="8c84fa94-04c1-424b-9868-57a2d4851a1d" />
    <TestEntry testId="ccfc20f3-cd5c-1261-7f5c-eebda21e9f0a" executionId="3f1b3300-3e45-485f-943a-9d79bb7cb355" testListId="8c84fa94-04c1-424b-9868-57a2d4851a1d" />
    <TestEntry testId="20a12f97-4731-c02f-77ee-496e14021a5c" executionId="6032eeb0-7f2e-4e0a-8c92-c8e5e386aabf" testListId="8c84fa94-04c1-424b-9868-57a2d4851a1d" />
    <TestEntry testId="1158df21-b810-a69b-c0d7-e22568449726" executionId="b6a21141-9e6a-41e8-8c29-eeab9082ba74" testListId="8c84fa94-04c1-424b-9868-57a2d4851a1d" />
    <TestEntry testId="9f43ee1b-fba5-17c0-ebac-ffbf5e1c99ce" executionId="88f3c797-9c1d-47a6-b05e-dc6649cd2bbd" testListId="8c84fa94-04c1-424b-9868-57a2d4851a1d" />
    <TestEntry testId="6646995b-59dd-1559-72a7-3a6f340677a7" executionId="1f0fdd17-cfc7-455a-a624-a82bef3a2460" testListId="8c84fa94-04c1-424b-9868-57a2d4851a1d" />
    <TestEntry testId="c97072e0-9195-941e-c8f2-04b1560ba1a7" executionId="c69843fe-3519-44f3-a211-eff0c2a1ef9e" testListId="8c84fa94-04c1-424b-9868-57a2d4851a1d" />
    <TestEntry testId="b194dd01-bb8d-0e05-9f6c-18a0714decfd" executionId="8c9eb5f7-ce56-4c1f-beb8-064073f46af4" testListId="8c84fa94-04c1-424b-9868-57a2d4851a1d" />
    <TestEntry testId="354fd38c-a305-0e28-9cb4-5dd878b20c3b" executionId="028fc096-12a3-4c9b-8b90-761543b57042" testListId="8c84fa94-04c1-424b-9868-57a2d4851a1d" />
    <TestEntry testId="826e5f7d-f6cb-f037-19b0-143721e64bc7" executionId="e271a387-09cc-4000-ad16-f21c7971f866" testListId="8c84fa94-04c1-424b-9868-57a2d4851a1d" />
    <TestEntry testId="8d0ddaf9-308d-2bd3-d6ba-f62a10044141" executionId="21e8d968-4cb9-47e7-876c-db10149edc06" testListId="8c84fa94-04c1-424b-9868-57a2d4851a1d" />
    <TestEntry testId="92c3ecdf-2698-900b-179d-89d3c1807520" executionId="9d2466ca-3b00-497e-b246-f15a0c89a977" testListId="8c84fa94-04c1-424b-9868-57a2d4851a1d" />
    <TestEntry testId="baf7b4e3-747f-c7ec-60c2-87c94bd9cd9c" executionId="684a8465-0a48-45a1-88fd-48f367151544" testListId="8c84fa94-04c1-424b-9868-57a2d4851a1d" />
    <TestEntry testId="31a907e3-d98b-3ea0-7b19-a29fec0558ad" executionId="0ca99230-4503-45f4-938b-be583b27e43b" testListId="8c84fa94-04c1-424b-9868-57a2d4851a1d" />
    <TestEntry testId="8205749d-2243-e80b-7b13-af25a135e6cb" executionId="95a8b397-d94c-4b6c-aadd-24f5f955d460" testListId="8c84fa94-04c1-424b-9868-57a2d4851a1d" />
    <TestEntry testId="ae932f8d-1775-44b9-8edc-62db8c826b31" executionId="65f30e68-f2db-49c7-976c-ec4c784d1a95" testListId="8c84fa94-04c1-424b-9868-57a2d4851a1d" />
    <TestEntry testId="13cae8e6-0e9e-9387-df41-720b0b250c55" executionId="96938a3c-7337-45aa-a877-dc3266835b2c" testListId="8c84fa94-04c1-424b-9868-57a2d4851a1d" />
    <TestEntry testId="ba876746-146d-3116-705d-651e3d58d7c2" executionId="aace6cad-988b-4133-b75b-2383cdc3ffbb" testListId="8c84fa94-04c1-424b-9868-57a2d4851a1d" />
    <TestEntry testId="00eb0f43-5f54-c259-3806-41e626d9dce7" executionId="f051fed3-b7b1-4779-a4f2-9f3947c6960c" testListId="8c84fa94-04c1-424b-9868-57a2d4851a1d" />
    <TestEntry testId="11320ed5-5ced-04a1-7a9f-d18dac3a1b30" executionId="e23b3b40-1df2-4b92-ae58-4f32fbd3b9e4" testListId="8c84fa94-04c1-424b-9868-57a2d4851a1d" />
    <TestEntry testId="fcb6084b-3d7e-8e4a-3816-63eb47d2dccb" executionId="e8638d69-88b7-4597-ac00-afec78a1e823" testListId="8c84fa94-04c1-424b-9868-57a2d4851a1d" />
    <TestEntry testId="d1645042-d703-1b4d-a5d6-9bfd8fb40565" executionId="925bfbe8-14e0-4c30-a642-c26ab10baf87" testListId="8c84fa94-04c1-424b-9868-57a2d4851a1d" />
    <TestEntry testId="b4a3846f-313f-029b-e7c7-3d40e2505eba" executionId="ee7c3b2c-f869-49cf-abd5-8f64f3a1cd56" testListId="8c84fa94-04c1-424b-9868-57a2d4851a1d" />
    <TestEntry testId="8119a66e-f7d4-fda3-e2c3-9ccc923bd810" executionId="fb3b15f4-67b6-47de-8c12-21a494d3a95b" testListId="8c84fa94-04c1-424b-9868-57a2d4851a1d" />
    <TestEntry testId="302fdd5f-711b-1bc0-43e5-a19d49ffc075" executionId="de416ae9-813a-4619-8f47-b1e3979d80e7" testListId="8c84fa94-04c1-424b-9868-57a2d4851a1d" />
    <TestEntry testId="9d68488f-628f-924a-0f75-bdc917138486" executionId="a7d243ad-ba9d-4fec-9cb2-7e45779d7fde" testListId="8c84fa94-04c1-424b-9868-57a2d4851a1d" />
    <TestEntry testId="46c54910-e530-c399-1793-8a01b30c3a13" executionId="d4a78089-499c-4865-bc7c-3ceb1f40369a" testListId="8c84fa94-04c1-424b-9868-57a2d4851a1d" />
    <TestEntry testId="850f0ce7-5b97-4b93-293e-a89a707b0be9" executionId="9557407d-7343-474e-ad29-f3840a21eb8c" testListId="8c84fa94-04c1-424b-9868-57a2d4851a1d" />
    <TestEntry testId="18ea9e19-e5cd-fb2d-c7dc-11458131e4e9" executionId="9e7858d7-a28e-40e7-8d51-00544edbf1b7" testListId="8c84fa94-04c1-424b-9868-57a2d4851a1d" />
    <TestEntry testId="2b644450-aae6-1f50-f895-75d4001146f1" executionId="d7d2b619-3f49-4681-a888-aa3805082f68" testListId="8c84fa94-04c1-424b-9868-57a2d4851a1d" />
    <TestEntry testId="e43dd690-9c1f-99f0-b0df-a38ed107b41b" executionId="9a567703-6761-4d5e-b93a-f23b2b5f0760" testListId="8c84fa94-04c1-424b-9868-57a2d4851a1d" />
    <TestEntry testId="115a3bcf-a49d-883b-ec40-0355a46bae35" executionId="6d9e1e6f-d923-40cd-8905-39d7188d7035" testListId="8c84fa94-04c1-424b-9868-57a2d4851a1d" />
    <TestEntry testId="272d865a-e65a-36c6-ff30-3ed94b3e002b" executionId="02c2d11d-0610-4f46-a7e6-af336df7ba6b" testListId="8c84fa94-04c1-424b-9868-57a2d4851a1d" />
    <TestEntry testId="64160608-6b06-906c-9a36-dd534758e007" executionId="69a10127-ec62-46ce-b409-e3f60d08f472" testListId="8c84fa94-04c1-424b-9868-57a2d4851a1d" />
    <TestEntry testId="9a64f7f2-dc2f-a271-3837-1ac497632667" executionId="5c8c55c6-d49b-4dca-9f18-0caa485a9ece" testListId="8c84fa94-04c1-424b-9868-57a2d4851a1d" />
    <TestEntry testId="bc8b7d80-8c39-396b-91f0-4b474ec7442c" executionId="a47e8c1f-4881-4ebd-9ecb-740df4e4de7f" testListId="8c84fa94-04c1-424b-9868-57a2d4851a1d" />
    <TestEntry testId="a3e7689f-f0b1-e5e7-571c-df91789d4634" executionId="91861663-b66d-4ed6-b239-848f750d4a54" testListId="8c84fa94-04c1-424b-9868-57a2d4851a1d" />
    <TestEntry testId="409cc09b-ec75-eb65-a11c-0b99aa9cff68" executionId="d09e4b9d-38ac-4f06-9afa-6463a595e880" testListId="8c84fa94-04c1-424b-9868-57a2d4851a1d" />
    <TestEntry testId="40f5f6d0-2c93-06f4-7417-08894ec7a063" executionId="99c320dc-ad0b-49be-b669-aa2d826a13f5" testListId="8c84fa94-04c1-424b-9868-57a2d4851a1d" />
    <TestEntry testId="ae629810-21d6-cec9-7009-658555401608" executionId="fba67843-580c-4608-99cf-8ebe3ef9eb53" testListId="8c84fa94-04c1-424b-9868-57a2d4851a1d" />
    <TestEntry testId="d0832529-f295-2d12-ffe2-62c92f246d57" executionId="e43df639-8ac3-4728-9bc9-fba6d24d30fc" testListId="8c84fa94-04c1-424b-9868-57a2d4851a1d" />
    <TestEntry testId="6ee25d75-97c2-4725-f8f5-5dce2f8c45c4" executionId="a3495921-3475-457b-a6fe-78256a1e17e7" testListId="8c84fa94-04c1-424b-9868-57a2d4851a1d" />
    <TestEntry testId="5ec54819-2a1a-001b-4d78-6f847737f3d5" executionId="dcf329e9-927d-4a5d-8690-ea65abb9a15b" testListId="8c84fa94-04c1-424b-9868-57a2d4851a1d" />
    <TestEntry testId="4fc90253-c70e-a75a-b3d7-22a8f84a3398" executionId="eb4b9dfe-e810-46ab-bf42-5d31d82d5f2f" testListId="8c84fa94-04c1-424b-9868-57a2d4851a1d" />
    <TestEntry testId="87fa56ea-2999-f918-3e3a-c31c60ce66c8" executionId="642cd970-9240-49c9-9e45-16f418dbae21" testListId="8c84fa94-04c1-424b-9868-57a2d4851a1d" />
    <TestEntry testId="d0d97444-4168-f7c6-2c7a-3f3418c22938" executionId="61b98078-fde6-49ff-b352-f57b5a0c9030" testListId="8c84fa94-04c1-424b-9868-57a2d4851a1d" />
    <TestEntry testId="29076054-f172-ac3d-bcc5-d1c0c955519a" executionId="3d36ce16-ffa3-4c2e-99b8-54867089b3df" testListId="8c84fa94-04c1-424b-9868-57a2d4851a1d" />
    <TestEntry testId="a4763725-3860-9d45-a709-55aa00dad3a8" executionId="aea0a909-ff1e-4505-85e3-7d1d7895f6e7" testListId="8c84fa94-04c1-424b-9868-57a2d4851a1d" />
    <TestEntry testId="41f8d910-fe0b-7a01-debd-5bf6de169b58" executionId="e525be81-898c-4e3f-bd03-4a4058c5dc5e" testListId="8c84fa94-04c1-424b-9868-57a2d4851a1d" />
    <TestEntry testId="26fa805e-1b3c-613b-6c33-d0e21696879d" executionId="927a2166-005a-47da-86d9-3875313b4509" testListId="8c84fa94-04c1-424b-9868-57a2d4851a1d" />
    <TestEntry testId="9dc48afb-fb00-6944-631c-59d62131aa47" executionId="948947a1-c95f-427b-9a04-83d4fcf88dfa" testListId="8c84fa94-04c1-424b-9868-57a2d4851a1d" />
    <TestEntry testId="4120aece-80ce-f1af-6c33-a00d810e9d61" executionId="188bfa96-c667-4de5-a21c-28fe1383314e" testListId="8c84fa94-04c1-424b-9868-57a2d4851a1d" />
    <TestEntry testId="93a3008e-7489-0aa6-8914-9cc6fc7b5f79" executionId="56c981b7-23a2-4b17-8d05-59273c608d3b" testListId="8c84fa94-04c1-424b-9868-57a2d4851a1d" />
    <TestEntry testId="2b869cc2-bb74-aa59-f0dd-decbfc2e8acc" executionId="604434de-8028-47d7-a32c-a3a0eed6448e" testListId="8c84fa94-04c1-424b-9868-57a2d4851a1d" />
    <TestEntry testId="ce37209e-a71b-a90f-7280-b00ac74c6d0b" executionId="6cc13f3f-a3f2-49a6-881f-214eaf438958" testListId="8c84fa94-04c1-424b-9868-57a2d4851a1d" />
    <TestEntry testId="fefa800f-4e41-6ae3-fc54-59e056310785" executionId="33067def-a840-4a10-858e-a5520f8c7431" testListId="8c84fa94-04c1-424b-9868-57a2d4851a1d" />
    <TestEntry testId="001cf572-60d6-0f0d-ae1b-93aff90a79bd" executionId="8fa904dc-78cf-485b-bb91-9add69ca3c64" testListId="8c84fa94-04c1-424b-9868-57a2d4851a1d" />
    <TestEntry testId="95435d5a-1c54-14b4-6666-02d40457e7ed" executionId="747577e8-9a4a-447d-b363-371b3aa14cc7" testListId="8c84fa94-04c1-424b-9868-57a2d4851a1d" />
    <TestEntry testId="c7b4d592-3789-90d2-5e4b-3bbb9d7c8d10" executionId="b9b08f82-3245-40fe-b204-5f516f4cb9c8" testListId="8c84fa94-04c1-424b-9868-57a2d4851a1d" />
    <TestEntry testId="4c9b3235-3bdd-3e10-1590-66bb44a2810a" executionId="d230ea2b-690d-4926-ab42-f6f2d2fc6acb" testListId="8c84fa94-04c1-424b-9868-57a2d4851a1d" />
    <TestEntry testId="26b96e44-82a7-f106-cf85-3f22979be6a9" executionId="faaf5007-fe2b-4544-8a45-9a971d874a64" testListId="8c84fa94-04c1-424b-9868-57a2d4851a1d" />
    <TestEntry testId="d4e07dfa-c880-d89c-a87b-939b80e8f22f" executionId="4c7c5155-61c8-49a5-842a-278d6e05beae" testListId="8c84fa94-04c1-424b-9868-57a2d4851a1d" />
    <TestEntry testId="7674a45e-4088-c058-7697-9464a6ab0168" executionId="f45fff4f-2cde-4d86-9769-9d29a82655ad" testListId="8c84fa94-04c1-424b-9868-57a2d4851a1d" />
    <TestEntry testId="fc558afa-43a4-4142-bfbd-7f7ab8da5cc8" executionId="74466185-8734-4124-9e9e-79b3fcff9713" testListId="8c84fa94-04c1-424b-9868-57a2d4851a1d" />
    <TestEntry testId="d40a3dcb-39e6-a3bc-9236-66fce511226d" executionId="03a86c33-11a3-47cc-9ff2-ebe57115b755" testListId="8c84fa94-04c1-424b-9868-57a2d4851a1d" />
    <TestEntry testId="b6c4b293-4d5c-afc6-4869-516a999489de" executionId="84a8a779-796a-4f43-b06f-bffa27a8c569" testListId="8c84fa94-04c1-424b-9868-57a2d4851a1d" />
    <TestEntry testId="3f3f1028-f1ca-347f-6bed-36295de86a39" executionId="99fd0609-a45f-4922-83bf-4771b760fc01" testListId="8c84fa94-04c1-424b-9868-57a2d4851a1d" />
    <TestEntry testId="5f432861-766c-cbd4-d500-0d5feea9b106" executionId="7bbb9f07-e845-40e7-8d7f-cba53a165cb4" testListId="8c84fa94-04c1-424b-9868-57a2d4851a1d" />
    <TestEntry testId="6b411d9c-dd86-0f2f-706a-530f9a672bc5" executionId="868bd8f8-7a7b-4c44-95c8-2359e6f60d1a" testListId="8c84fa94-04c1-424b-9868-57a2d4851a1d" />
    <TestEntry testId="c0b9c220-9375-4974-5ffe-cf3803c38d34" executionId="bafee864-dd37-476e-bee0-3368bee25b55" testListId="8c84fa94-04c1-424b-9868-57a2d4851a1d" />
    <TestEntry testId="3bbd4fee-ab6a-a329-3bc1-40bfebccbd79" executionId="4a579f40-a7e5-419e-841b-55c649c20bb8" testListId="8c84fa94-04c1-424b-9868-57a2d4851a1d" />
    <TestEntry testId="30150ece-fd3b-4571-fb78-03d272a4c7d2" executionId="ff440559-1244-4dbf-b02b-82572e099424" testListId="8c84fa94-04c1-424b-9868-57a2d4851a1d" />
    <TestEntry testId="5d46915e-504d-8cd3-2680-7e4fb3791f58" executionId="b51079e5-bf68-4b48-8f17-2d80e1ae3018" testListId="8c84fa94-04c1-424b-9868-57a2d4851a1d" />
    <TestEntry testId="e818609a-dda4-eace-bc59-c6217a6702e2" executionId="58fdb337-55bd-4b51-8136-c0e00318a08d" testListId="8c84fa94-04c1-424b-9868-57a2d4851a1d" />
    <TestEntry testId="f9658615-dc6a-1eeb-a3a0-2e9f1b34ad32" executionId="5d82d328-8b76-4a7e-a458-2f5a389e5ef9" testListId="8c84fa94-04c1-424b-9868-57a2d4851a1d" />
    <TestEntry testId="17bb2a3e-54cd-b4a0-b4d3-c5b954c3e1f7" executionId="9790f85c-a32c-42ba-bf8f-231f52049fdf" testListId="8c84fa94-04c1-424b-9868-57a2d4851a1d" />
    <TestEntry testId="717f1e33-1882-3058-907a-cf038eaaad87" executionId="3047183b-1188-44b9-929d-b4ef1acab307" testListId="8c84fa94-04c1-424b-9868-57a2d4851a1d" />
    <TestEntry testId="17540a94-5be6-0d6c-c7eb-52dc8cf68434" executionId="3adac5a2-8707-48af-bbb9-92dcff131e60" testListId="8c84fa94-04c1-424b-9868-57a2d4851a1d" />
    <TestEntry testId="e8451c1f-adba-700c-dbef-9346d508ffd4" executionId="361444af-c131-4723-8896-42d2738d36c0" testListId="8c84fa94-04c1-424b-9868-57a2d4851a1d" />
    <TestEntry testId="cbe12fcc-92db-6ab6-b6d8-25ef6cc0ac7f" executionId="b44e4390-44e4-41bd-bb61-a18df0045211" testListId="8c84fa94-04c1-424b-9868-57a2d4851a1d" />
    <TestEntry testId="59a13065-e637-6556-2b57-a5fb7d212711" executionId="58d7f255-3b72-4058-8c7b-032ab0294788" testListId="8c84fa94-04c1-424b-9868-57a2d4851a1d" />
    <TestEntry testId="377d0177-33f5-9496-aaa2-c4d65daaabbe" executionId="5bdddc42-3662-4435-b7cd-9b8cd31dd30c" testListId="8c84fa94-04c1-424b-9868-57a2d4851a1d" />
    <TestEntry testId="f1b5bc97-7352-de40-9f66-76cace93d187" executionId="66a81452-bb55-4609-b978-79efc9f8db44" testListId="8c84fa94-04c1-424b-9868-57a2d4851a1d" />
    <TestEntry testId="5f860886-a7af-c6b2-e5ab-9fd135400814" executionId="30f69483-e4a4-4372-a824-adbacf5a56c7" testListId="8c84fa94-04c1-424b-9868-57a2d4851a1d" />
    <TestEntry testId="d064ba40-cba7-cced-533e-4ad979049f62" executionId="9bd66868-0617-429d-baa2-ef725fdfafb8" testListId="8c84fa94-04c1-424b-9868-57a2d4851a1d" />
    <TestEntry testId="b8fc12c3-63aa-b558-4462-49199638475b" executionId="2a3e51d7-b9cb-4562-a4de-a2e5af6ea319" testListId="8c84fa94-04c1-424b-9868-57a2d4851a1d" />
    <TestEntry testId="45ea16f5-4917-d02b-7613-1f8d4f4f9bfd" executionId="2f03fb77-c9d7-40d5-8319-bd0eee713d4a" testListId="8c84fa94-04c1-424b-9868-57a2d4851a1d" />
    <TestEntry testId="c130f581-a243-1f21-bda8-f580aa6f23f7" executionId="865af3a1-5390-425b-9808-2379470f6635" testListId="8c84fa94-04c1-424b-9868-57a2d4851a1d" />
    <TestEntry testId="59bc4f98-a8de-7739-e362-cf2b7aafa8cc" executionId="6c4c99ab-68c7-4af3-9894-7a3f1a9b7dd3" testListId="8c84fa94-04c1-424b-9868-57a2d4851a1d" />
    <TestEntry testId="0794d3de-2d16-e58d-8876-5d62a7edcabb" executionId="11986ad5-a9ff-4a7f-83de-9b0bdeba5a2e" testListId="8c84fa94-04c1-424b-9868-57a2d4851a1d" />
    <TestEntry testId="a3fe4a3a-1144-a547-5606-b2b8094aada6" executionId="8405859a-df0d-4465-aa3c-dc5bb1f20fc8" testListId="8c84fa94-04c1-424b-9868-57a2d4851a1d" />
    <TestEntry testId="3f6b220d-67e7-4e1b-5018-1e41fd3ae933" executionId="7c29cc5d-8952-41cd-89b4-70267396236d" testListId="8c84fa94-04c1-424b-9868-57a2d4851a1d" />
    <TestEntry testId="a8aabd37-d386-43f7-e54f-1af24f31608d" executionId="92faa39e-f055-47d4-a3be-45d4576e30c1" testListId="8c84fa94-04c1-424b-9868-57a2d4851a1d" />
    <TestEntry testId="a30b74c2-c68a-e183-3273-1235141a9300" executionId="e3abc5b0-5be0-4b41-bd21-45cdde89a965" testListId="8c84fa94-04c1-424b-9868-57a2d4851a1d" />
    <TestEntry testId="3669168a-4d77-d411-57b6-6f30c815800a" executionId="6ec4c800-e561-476e-8acd-820906c720ff" testListId="8c84fa94-04c1-424b-9868-57a2d4851a1d" />
    <TestEntry testId="3c0a18b5-9472-7302-669c-c5e29972a7cb" executionId="933c13be-b694-457f-b0e0-01aacaba0186" testListId="8c84fa94-04c1-424b-9868-57a2d4851a1d" />
    <TestEntry testId="a5719599-4f7a-d0a9-3390-16feaf869b2b" executionId="8bdcb47a-bfb8-4fa7-adc0-06798e215483" testListId="8c84fa94-04c1-424b-9868-57a2d4851a1d" />
    <TestEntry testId="02c0b085-7fa1-b0bc-2a53-c75cf63367eb" executionId="78400209-30a3-449b-b57b-a913dc6b9c4f" testListId="8c84fa94-04c1-424b-9868-57a2d4851a1d" />
  </TestEntries>
  <TestLists>
    <TestList name="列表中未列出的结果" id="8c84fa94-04c1-424b-9868-57a2d4851a1d" />
    <TestList name="所有已加载的结果" id="19431567-8539-422a-85d7-44ee4e166bda" />
  </TestLists>
  <ResultSummary outcome="Completed">
    <Counters total="146" executed="146" passed="146" failed="0" error="0" timeout="0" aborted="0" inconclusive="0" passedButRunAborted="0" notRunnable="0" notExecuted="0" disconnected="0" warning="0" completed="0" inProgress="0" pending="0" />
    <Output>
      <StdOut>[xUnit.net 00:00:00.00] xUnit.net VSTest Adapter v2.8.2+699d445a1a (64-bit .NET 8.0.29)&#xD;
[xUnit.net 00:00:00.04]   Discovering: KingdomArcherOptions.Combat.Tests&#xD;
[xUnit.net 00:00:00.08]   Discovered:  KingdomArcherOptions.Combat.Tests&#xD;
[xUnit.net 00:00:00.08]   Starting:    KingdomArcherOptions.Combat.Tests&#xD;
[xUnit.net 00:00:00.18]   Finished:    KingdomArcherOptions.Combat.Tests&#xD;
</StdOut>
    </Output>
  </ResultSummary>
</TestRun>