<?xml version="1.0" encoding="utf-8"?>
<TestRun id="5f0ec8c0-e0de-413d-a4d4-5f6a11983b0f" name="ADMIN@PC-GTCHXGAMSLNS 2026-09-15 17:31:06" runUser="PC-GTCHXGAMSLNS\ADMIN" xmlns="http://microsoft.com/schemas/VisualStudio/TeamTest/2010">
  <Times creation="2026-09-15T17:31:06.4808649+08:00" queuing="2026-09-15T17:31:06.4808652+08:00" start="2026-09-15T17:31:06.0725194+08:00" finish="2026-09-15T17:31:06.5359630+08:00" />
  <TestSettings name="default" id="f80c930d-883a-4137-b63c-ff21ddf55edd">
    <Deployment runDeploymentRoot="ADMIN_PC-GTCHXGAMSLNS_2026-09-15_17_31_06" />
  </TestSettings>
  <Results>
    <UnitTestResult executionId="834a3e48-b108-4f01-8a1f-11d408d88670" testId="dbebc605-1144-e098-bda7-78b53c332a12" testName="KingdomGreekImpact.Tests.EligibilityTests.NonFireArrowShotWhileWindowOpen_NotEligible" computerName="PC-GTCHXGAMSLNS" duration="00:00:00.0001328" startTime="2026-09-15T17:31:06.4667496+08:00" endTime="2026-09-15T17:31:06.4667496+08:00" testType="13cdc9d9-ddb5-4fa4-a97d-d965ccfc6d4b" outcome="Passed" testListId="8c84fa94-04c1-424b-9868-57a2d4851a1d" relativeResultsDirectory="834a3e48-b108-4f01-8a1f-11d408d88670" />
    <UnitTestResult executionId="474441c8-6807-4017-beb1-692da9a28318" testId="a9f5a671-af1e-e587-c501-09db0ca467e3" testName="KingdomGreekImpact.Tests.HookContractTests.ShotHooks_TargetAuditedNativeEntries" computerName="PC-GTCHXGAMSLNS" duration="00:00:00.0027749" startTime="2026-09-15T17:31:06.4787129+08:00" endTime="2026-09-15T17:31:06.4787131+08:00" testType="13cdc9d9-ddb5-4fa4-a97d-d965ccfc6d4b" outcome="Passed" testListId="8c84fa94-04c1-424b-9868-57a2d4851a1d" relativeResultsDirectory="474441c8-6807-4017-beb1-692da9a28318" />
    <UnitTestResult executionId="3157e70a-a18f-484f-a69c-daf9b75ea3c6" testId="8ffec6dd-d8a0-25f3-3d8a-3c50282f6064" testName="KingdomGreekImpact.Tests.EligibilityTests.ConfigOn_EligibleFireArrow" computerName="PC-GTCHXGAMSLNS" duration="00:00:00.0001566" startTime="2026-09-15T17:31:06.4670952+08:00" endTime="2026-09-15T17:31:06.4670952+08:00" testType="13cdc9d9-ddb5-4fa4-a97d-d965ccfc6d4b" outcome="Passed" testListId="8c84fa94-04c1-424b-9868-57a2d4851a1d" relativeResultsDirectory="3157e70a-a18f-484f-a69c-daf9b75ea3c6" />
    <UnitTestResult executionId="f22b38ba-7793-49c3-a717-82a44338ea4f" testId="73905e1a-ddb6-fd4f-50eb-c7b70e2e7551" testName="KingdomGreekImpact.Tests.LedgerTests.ArcherEnable_AlsoInvalidatesOpenVolley" computerName="PC-GTCHXGAMSLNS" duration="00:00:00.0002358" startTime="2026-09-15T17:31:06.4656739+08:00" endTime="2026-09-15T17:31:06.4656739+08:00" testType="13cdc9d9-ddb5-4fa4-a97d-d965ccfc6d4b" outcome="Passed" testListId="8c84fa94-04c1-424b-9868-57a2d4851a1d" relativeResultsDirectory="f22b38ba-7793-49c3-a717-82a44338ea4f" />
    <UnitTestResult executionId="63d2d525-b697-420a-ba3b-81155429cc60" testId="1645f1f2-dae0-ebc3-0938-f79f254ecb8c" testName="KingdomGreekImpact.Tests.DamageSubstitutionTests.SubstitutedBranch_MatchesNativeDirectDamage_WithoutDot" computerName="PC-GTCHXGAMSLNS" duration="00:00:00.0001731" startTime="2026-09-15T17:31:06.4716934+08:00" endTime="2026-09-15T17:31:06.4716934+08:00" testType="13cdc9d9-ddb5-4fa4-a97d-d965ccfc6d4b" outcome="Passed" testListId="8c84fa94-04c1-424b-9868-57a2d4851a1d" relativeResultsDirectory="63d2d525-b697-420a-ba3b-81155429cc60" />
    <UnitTestResult executionId="261598c1-b60f-4619-97a3-aa1856731126" testId="0d5dd87b-814e-d4e8-5dab-00813d918095" testName="KingdomGreekImpact.Tests.BurstTests.FilteredTargets_NotDamaged(mode: &quot;immune&quot;)" computerName="PC-GTCHXGAMSLNS" duration="00:00:00.0000197" startTime="2026-09-15T17:31:06.4480139+08:00" endTime="2026-09-15T17:31:06.4480139+08:00" testType="13cdc9d9-ddb5-4fa4-a97d-d965ccfc6d4b" outcome="Passed" testListId="8c84fa94-04c1-424b-9868-57a2d4851a1d" relativeResultsDirectory="261598c1-b60f-4619-97a3-aa1856731126" />
    <UnitTestResult executionId="0ae985ef-ed71-4eaf-8db9-e0f4e7ce72db" testId="47590d66-12ff-075f-a1e9-50a31747fdb6" testName="KingdomGreekImpact.Tests.EligibilityTests.GatingConditions_MakeShotIneligible(mode: &quot;style2&quot;)" computerName="PC-GTCHXGAMSLNS" duration="00:00:00.0002522" startTime="2026-09-15T17:31:06.4667955+08:00" endTime="2026-09-15T17:31:06.4667956+08:00" testType="13cdc9d9-ddb5-4fa4-a97d-d965ccfc6d4b" outcome="Passed" testListId="8c84fa94-04c1-424b-9868-57a2d4851a1d" relativeResultsDirectory="0ae985ef-ed71-4eaf-8db9-e0f4e7ce72db" />
    <UnitTestResult executionId="f0428022-d53c-4443-9336-993246b8945d" testId="6ee307a0-b34e-dbb5-ff1c-474797bb9b73" testName="KingdomGreekImpact.Tests.LedgerTests.ReleaseAllThenReusedSlot_StaleFinalizerDoesNotTouchNewScope" computerName="PC-GTCHXGAMSLNS" duration="00:00:00.0001684" startTime="2026-09-15T17:31:06.4660189+08:00" endTime="2026-09-15T17:31:06.4660189+08:00" testType="13cdc9d9-ddb5-4fa4-a97d-d965ccfc6d4b" outcome="Passed" testListId="8c84fa94-04c1-424b-9868-57a2d4851a1d" relativeResultsDirectory="f0428022-d53c-4443-9336-993246b8945d" />
    <UnitTestResult executionId="75eb8880-b055-4be4-8c39-0e5db0373ffa" testId="153815c9-9063-a38a-8097-502813e217a6" testName="KingdomGreekImpact.Tests.DamageSubstitutionTests.PerfectShot_UsesNativeMultiplier" computerName="PC-GTCHXGAMSLNS" duration="00:00:00.0000942" startTime="2026-09-15T17:31:06.4674636+08:00" endTime="2026-09-15T17:31:06.4674636+08:00" testType="13cdc9d9-ddb5-4fa4-a97d-d965ccfc6d4b" outcome="Passed" testListId="8c84fa94-04c1-424b-9868-57a2d4851a1d" relativeResultsDirectory="75eb8880-b055-4be4-8c39-0e5db0373ffa" />
    <UnitTestResult executionId="3c10a6e7-693d-4165-a9c9-784b31a1c2f7" testId="5dfc5d64-f3bd-fe39-ab95-55adbcce85fb" testName="KingdomGreekImpact.Tests.BurstTests.TriggerHitCollider_Included" computerName="PC-GTCHXGAMSLNS" duration="00:00:00.0013549" startTime="2026-09-15T17:31:06.4644760+08:00" endTime="2026-09-15T17:31:06.4644760+08:00" testType="13cdc9d9-ddb5-4fa4-a97d-d965ccfc6d4b" outcome="Passed" testListId="8c84fa94-04c1-424b-9868-57a2d4851a1d" relativeResultsDirectory="3c10a6e7-693d-4165-a9c9-784b31a1c2f7" />
    <UnitTestResult executionId="e4fff604-cfcd-427e-a87e-372f1aadc294" testId="7524a78a-91be-10d2-716e-9da2f2a08d94" testName="KingdomGreekImpact.Tests.BurstTests.FilteredTargets_NotDamaged(mode: &quot;friendlyTroll&quot;)" computerName="PC-GTCHXGAMSLNS" duration="00:00:00.0000638" startTime="2026-09-15T17:31:06.4479897+08:00" endTime="2026-09-15T17:31:06.4479897+08:00" testType="13cdc9d9-ddb5-4fa4-a97d-d965ccfc6d4b" outcome="Passed" testListId="8c84fa94-04c1-424b-9868-57a2d4851a1d" relativeResultsDirectory="e4fff604-cfcd-427e-a87e-372f1aadc294" />
    <UnitTestResult executionId="18e5faac-e09e-42b6-9f22-8c658a3d88b1" testId="beb18cb0-62e4-39c4-78e6-0c847714b19d" testName="KingdomGreekImpact.Tests.BurstTests.PerfectShotDamage_Unchanged" computerName="PC-GTCHXGAMSLNS" duration="00:00:00.0001606" startTime="2026-09-15T17:31:06.4643673+08:00" endTime="2026-09-15T17:31:06.4643674+08:00" testType="13cdc9d9-ddb5-4fa4-a97d-d965ccfc6d4b" outcome="Passed" testListId="8c84fa94-04c1-424b-9868-57a2d4851a1d" relativeResultsDirectory="18e5faac-e09e-42b6-9f22-8c658a3d88b1" />
    <UnitTestResult executionId="f82b866b-2cbf-4937-877a-0f85a34248ca" testId="2ceda428-0147-8b17-de73-56e2864908f8" testName="KingdomGreekImpact.Tests.HeroImpactTests.HeroFireArrowWithHeroSwitchOff_FallsBackToNativeDot" computerName="PC-GTCHXGAMSLNS" duration="00:00:00.0001182" startTime="2026-09-15T17:31:06.4741936+08:00" endTime="2026-09-15T17:31:06.4741937+08:00" testType="13cdc9d9-ddb5-4fa4-a97d-d965ccfc6d4b" outcome="Passed" testListId="8c84fa94-04c1-424b-9868-57a2d4851a1d" relativeResultsDirectory="f82b866b-2cbf-4937-877a-0f85a34248ca" />
    <UnitTestResult executionId="c0aecaf3-0d66-4968-a680-5a7fa81ec46f" testId="c288efdf-2601-78b2-a0d4-e742241c205c" testName="KingdomGreekImpact.Tests.HeroImpactTests.HeroOrigin_DoesNotRequireGreekWindowsOrKnightFollower" computerName="PC-GTCHXGAMSLNS" duration="00:00:00.0001340" startTime="2026-09-15T17:31:06.4738686+08:00" endTime="2026-09-15T17:31:06.4738686+08:00" testType="13cdc9d9-ddb5-4fa4-a97d-d965ccfc6d4b" outcome="Passed" testListId="8c84fa94-04c1-424b-9868-57a2d4851a1d" relativeResultsDirectory="c0aecaf3-0d66-4968-a680-5a7fa81ec46f" />
    <UnitTestResult executionId="3de791e1-09e0-4f02-a4ee-88dd80580b7f" testId="82a30cda-fcf9-8acc-7215-2e93fa4d62d7" testName="KingdomGreekImpact.Tests.HeroImpactTests.HeroSwitchOn_KeepsGreekPathUnchangedForNonHeroArrows" computerName="PC-GTCHXGAMSLNS" duration="00:00:00.0001350" startTime="2026-09-15T17:31:06.4755329+08:00" endTime="2026-09-15T17:31:06.4755330+08:00" testType="13cdc9d9-ddb5-4fa4-a97d-d965ccfc6d4b" outcome="Passed" testListId="8c84fa94-04c1-424b-9868-57a2d4851a1d" relativeResultsDirectory="3de791e1-09e0-4f02-a4ee-88dd80580b7f" />
    <UnitTestResult executionId="af53d01e-06c9-4cd8-adc1-8b849f25dde7" testId="c8ef848e-8d3d-a16f-1a87-bfb81d570f08" testName="KingdomGreekImpact.Tests.DamageSubstitutionTests.ForeignTarget_RunsNativePath" computerName="PC-GTCHXGAMSLNS" duration="00:00:00.0001073" startTime="2026-09-15T17:31:06.4674179+08:00" endTime="2026-09-15T17:31:06.4674179+08:00" testType="13cdc9d9-ddb5-4fa4-a97d-d965ccfc6d4b" outcome="Passed" testListId="8c84fa94-04c1-424b-9868-57a2d4851a1d" relativeResultsDirectory="af53d01e-06c9-4cd8-adc1-8b849f25dde7" />
    <UnitTestResult executionId="5de8f273-ede0-4ee6-915e-82613cc07834" testId="41513b6f-8d0b-6546-d04e-51d1ec28c4f1" testName="KingdomGreekImpact.Tests.BurstTests.DirectHit_KeepsArrowDamage_SuppressesDot" computerName="PC-GTCHXGAMSLNS" duration="00:00:00.0000793" startTime="2026-09-15T17:31:06.4645822+08:00" endTime="2026-09-15T17:31:06.4645822+08:00" testType="13cdc9d9-ddb5-4fa4-a97d-d965ccfc6d4b" outcome="Passed" testListId="8c84fa94-04c1-424b-9868-57a2d4851a1d" relativeResultsDirectory="5de8f273-ede0-4ee6-915e-82613cc07834" />
    <UnitTestResult executionId="b8d7f8d7-6a51-4e5c-b5b2-065f51c11226" testId="e9b73d1b-83be-464c-13a9-66c52f840f57" testName="KingdomGreekImpact.Tests.LedgerTests.TargetMovedOutOfCircleDuringBurst_Skipped" computerName="PC-GTCHXGAMSLNS" duration="00:00:00.0002304" startTime="2026-09-15T17:31:06.4660674+08:00" endTime="2026-09-15T17:31:06.4660674+08:00" testType="13cdc9d9-ddb5-4fa4-a97d-d965ccfc6d4b" outcome="Passed" testListId="8c84fa94-04c1-424b-9868-57a2d4851a1d" relativeResultsDirectory="b8d7f8d7-6a51-4e5c-b5b2-065f51c11226" />
    <UnitTestResult executionId="a574c8f6-2d7f-4975-a762-0735ab97ce2d" testId="b9a83bfa-c9e9-9904-e213-3c364fc60419" testName="KingdomGreekImpact.Tests.HeroImpactTests.HeroFireArrowUnderItsOwnSwitch_CancelsNativeDot" computerName="PC-GTCHXGAMSLNS" duration="00:00:00.0001220" startTime="2026-09-15T17:31:06.4749371+08:00" endTime="2026-09-15T17:31:06.4749371+08:00" testType="13cdc9d9-ddb5-4fa4-a97d-d965ccfc6d4b" outcome="Passed" testListId="8c84fa94-04c1-424b-9868-57a2d4851a1d" relativeResultsDirectory="a574c8f6-2d7f-4975-a762-0735ab97ce2d" />
    <UnitTestResult executionId="c2650680-efde-4e5b-94cd-2c703327ad41" testId="ab586800-0d3c-3358-3ac7-b50bba6dce17" testName="KingdomGreekImpact.Tests.OperatorRegressionTests.FailedSpawnIdentityReadDoesNotConsumeAnyLease" computerName="PC-GTCHXGAMSLNS" duration="00:00:00.0002481" startTime="2026-09-15T17:31:06.4664606+08:00" endTime="2026-09-15T17:31:06.4664606+08:00" testType="13cdc9d9-ddb5-4fa4-a97d-d965ccfc6d4b" outcome="Passed" testListId="8c84fa94-04c1-424b-9868-57a2d4851a1d" relativeResultsDirectory="c2650680-efde-4e5b-94cd-2c703327ad41" />
    <UnitTestResult executionId="dd4e6d5b-29e7-4cc5-b514-ca292cfd1891" testId="107205d4-6aac-0861-c48b-d9de088449b7" testName="KingdomGreekImpact.Tests.HeroImpactTests.HeroShotWithoutEnemyTarget_StaysVanilla" computerName="PC-GTCHXGAMSLNS" duration="00:00:00.0001307" startTime="2026-09-15T17:31:06.4745309+08:00" endTime="2026-09-15T17:31:06.4745309+08:00" testType="13cdc9d9-ddb5-4fa4-a97d-d965ccfc6d4b" outcome="Passed" testListId="8c84fa94-04c1-424b-9868-57a2d4851a1d" relativeResultsDirectory="dd4e6d5b-29e7-4cc5-b514-ca292cfd1891" />
    <UnitTestResult executionId="de5b1e6b-fb08-4b45-a73b-c1f91fc0bf18" testId="886b561f-3b19-dd5a-3682-14f6e7bf9368" testName="KingdomGreekImpact.Tests.LedgerTests.AuthorityFalse_NoBorrowNoBurst" computerName="PC-GTCHXGAMSLNS" duration="00:00:00.0001607" startTime="2026-09-15T17:31:06.4660432+08:00" endTime="2026-09-15T17:31:06.4660432+08:00" testType="13cdc9d9-ddb5-4fa4-a97d-d965ccfc6d4b" outcome="Passed" testListId="8c84fa94-04c1-424b-9868-57a2d4851a1d" relativeResultsDirectory="de5b1e6b-fb08-4b45-a73b-c1f91fc0bf18" />
    <UnitTestResult executionId="06eddbc0-12d6-4431-a3ed-1e9a25b273d8" testId="f35b9301-568b-6935-6f1e-b38ff7c32ce3" testName="KingdomGreekImpact.Tests.EligibilityTests.GatingConditions_MakeShotIneligible(mode: &quot;deadArcher&quot;)" computerName="PC-GTCHXGAMSLNS" duration="00:00:00.0000145" startTime="2026-09-15T17:31:06.4668504+08:00" endTime="2026-09-15T17:31:06.4668504+08:00" testType="13cdc9d9-ddb5-4fa4-a97d-d965ccfc6d4b" outcome="Passed" testListId="8c84fa94-04c1-424b-9868-57a2d4851a1d" relativeResultsDirectory="06eddbc0-12d6-4431-a3ed-1e9a25b273d8" />
    <UnitTestResult executionId="a98b7a6a-5f54-4791-a8b9-8b16519df3ff" testId="0c8b8077-a66f-64e8-684a-969af609b201" testName="KingdomGreekImpact.Tests.LedgerTests.NonAcceptedHit_EndsTransactionAndKeepsLease" computerName="PC-GTCHXGAMSLNS" duration="00:00:00.0001652" startTime="2026-09-15T17:31:06.4656056+08:00" endTime="2026-09-15T17:31:06.4656056+08:00" testType="13cdc9d9-ddb5-4fa4-a97d-d965ccfc6d4b" outcome="Passed" testListId="8c84fa94-04c1-424b-9868-57a2d4851a1d" relativeResultsDirectory="a98b7a6a-5f54-4791-a8b9-8b16519df3ff" />
    <UnitTestResult executionId="29989be3-a9b9-464f-bb36-30cabc1219dc" testId="5e9bc700-2c05-4aa7-5b72-af3f6cfddd9e" testName="KingdomGreekImpact.Tests.OperatorRegressionTests.StateChangeBetweenHitAndDamageDoesNotSubstitute(changeWorld: False)" computerName="PC-GTCHXGAMSLNS" duration="00:00:00.0001175" startTime="2026-09-15T17:31:06.4664112+08:00" endTime="2026-09-15T17:31:06.4664112+08:00" testType="13cdc9d9-ddb5-4fa4-a97d-d965ccfc6d4b" outcome="Passed" testListId="8c84fa94-04c1-424b-9868-57a2d4851a1d" relativeResultsDirectory="29989be3-a9b9-464f-bb36-30cabc1219dc" />
    <UnitTestResult executionId="02ef351d-128e-4ce6-8c88-252740677a6b" testId="cbd44856-436f-0f20-b2e0-a1128b77034c" testName="KingdomGreekImpact.Tests.HookContractTests.NoSecondHitObjectHook_AndNoCustomRpcSurface" computerName="PC-GTCHXGAMSLNS" duration="00:00:00.0003606" startTime="2026-09-15T17:31:06.4759118+08:00" endTime="2026-09-15T17:31:06.4759121+08:00" testType="13cdc9d9-ddb5-4fa4-a97d-d965ccfc6d4b" outcome="Passed" testListId="8c84fa94-04c1-424b-9868-57a2d4851a1d" relativeResultsDirectory="02ef351d-128e-4ce6-8c88-252740677a6b" />
    <UnitTestResult executionId="19f93c13-3b0e-4493-b24f-fe57d38f142c" testId="98519545-bf8a-806d-a332-6aea490eaa7e" testName="KingdomGreekImpact.Tests.OperatorRegressionTests.SequentialClosedShotsStillInFlightRespectVolleyCapacity" computerName="PC-GTCHXGAMSLNS" duration="00:00:00.0004884" startTime="2026-09-15T17:31:06.4664837+08:00" endTime="2026-09-15T17:31:06.4664837+08:00" testType="13cdc9d9-ddb5-4fa4-a97d-d965ccfc6d4b" outcome="Passed" testListId="8c84fa94-04c1-424b-9868-57a2d4851a1d" relativeResultsDirectory="19f93c13-3b0e-4493-b24f-fe57d38f142c" />
    <UnitTestResult executionId="9aab8bb8-22bf-4e13-865b-6c009da1a9d4" testId="fed3c003-86cd-55fd-c643-666fe516dad2" testName="KingdomGreekImpact.Tests.OperatorRegressionTests.OldSameLifeTicketCannotEndOrAbortNewHit(end: False)" computerName="PC-GTCHXGAMSLNS" duration="00:00:00.0003275" startTime="2026-09-15T17:31:06.4663404+08:00" endTime="2026-09-15T17:31:06.4663404+08:00" testType="13cdc9d9-ddb5-4fa4-a97d-d965ccfc6d4b" outcome="Passed" testListId="8c84fa94-04c1-424b-9868-57a2d4851a1d" relativeResultsDirectory="9aab8bb8-22bf-4e13-865b-6c009da1a9d4" />
    <UnitTestResult executionId="657b5607-9d85-4595-9b4f-b41b875a534f" testId="6fdf2b0e-e15a-9a14-c01f-88f8d3b90ab1" testName="KingdomGreekImpact.Tests.HookContractTests.OperatorFacingApi_HasExpectedSignatures" computerName="PC-GTCHXGAMSLNS" duration="00:00:00.0001705" startTime="2026-09-15T17:31:06.4789131+08:00" endTime="2026-09-15T17:31:06.4789131+08:00" testType="13cdc9d9-ddb5-4fa4-a97d-d965ccfc6d4b" outcome="Passed" testListId="8c84fa94-04c1-424b-9868-57a2d4851a1d" relativeResultsDirectory="657b5607-9d85-4595-9b4f-b41b875a534f" />
    <UnitTestResult executionId="ad91910a-4e4d-4608-a413-f65d8db2b5a2" testId="7c167db8-4a8b-f8f8-552e-9ef06d6e4c7d" testName="KingdomGreekImpact.Tests.BurstTests.Neighbour_CircleHit_DamagedOnceWithFireSource" computerName="PC-GTCHXGAMSLNS" duration="00:00:00.0001865" startTime="2026-09-15T17:31:06.4645360+08:00" endTime="2026-09-15T17:31:06.4645360+08:00" testType="13cdc9d9-ddb5-4fa4-a97d-d965ccfc6d4b" outcome="Passed" testListId="8c84fa94-04c1-424b-9868-57a2d4851a1d" relativeResultsDirectory="ad91910a-4e4d-4608-a413-f65d8db2b5a2" />
    <UnitTestResult executionId="ef3a512b-926b-4e03-b2fc-46ff03f88ad7" testId="96f0ae78-a8ae-a0ee-66eb-d5830b40bd6f" testName="KingdomGreekImpact.Tests.BurstTests.ChildColliderWithParentDamageable_ResolvedAndDeduped" computerName="PC-GTCHXGAMSLNS" duration="00:00:00.0001726" startTime="2026-09-15T17:31:06.4654767+08:00" endTime="2026-09-15T17:31:06.4654767+08:00" testType="13cdc9d9-ddb5-4fa4-a97d-d965ccfc6d4b" outcome="Passed" testListId="8c84fa94-04c1-424b-9868-57a2d4851a1d" relativeResultsDirectory="ef3a512b-926b-4e03-b2fc-46ff03f88ad7" />
    <UnitTestResult executionId="82b43297-7976-48e9-be60-ceb5785298b4" testId="5d8254a4-3c22-ecc1-1e11-d18604f4c527" testName="KingdomGreekImpact.Tests.DamageSubstitutionTests.NoTransaction_TryDamageAlwaysRunsNative" computerName="PC-GTCHXGAMSLNS" duration="00:00:00.0000979" startTime="2026-09-15T17:31:06.4673941+08:00" endTime="2026-09-15T17:31:06.4673941+08:00" testType="13cdc9d9-ddb5-4fa4-a97d-d965ccfc6d4b" outcome="Passed" testListId="8c84fa94-04c1-424b-9868-57a2d4851a1d" relativeResultsDirectory="82b43297-7976-48e9-be60-ceb5785298b4" />
    <UnitTestResult executionId="3a975a57-143c-458c-a9a0-8ce2cd0e1ab4" testId="b0ca20b7-3bad-fabf-af35-3a96172324cd" testName="KingdomGreekImpact.Tests.EligibilityTests.ConfigOff_KeepsVanillaBehaviour" computerName="PC-GTCHXGAMSLNS" duration="00:00:00.0001289" startTime="2026-09-15T17:31:06.4671640+08:00" endTime="2026-09-15T17:31:06.4671640+08:00" testType="13cdc9d9-ddb5-4fa4-a97d-d965ccfc6d4b" outcome="Passed" testListId="8c84fa94-04c1-424b-9868-57a2d4851a1d" relativeResultsDirectory="3a975a57-143c-458c-a9a0-8ce2cd0e1ab4" />
    <UnitTestResult executionId="a0eda70a-ec7f-454c-8091-16a7f6a6069d" testId="4854c6cd-26e4-7fdd-f6d1-f21159f85465" testName="KingdomGreekImpact.Tests.BurstTests.InvulnerableTarget_NotDamaged" computerName="PC-GTCHXGAMSLNS" duration="00:00:00.0000837" startTime="2026-09-15T17:31:06.4655041+08:00" endTime="2026-09-15T17:31:06.4655041+08:00" testType="13cdc9d9-ddb5-4fa4-a97d-d965ccfc6d4b" outcome="Passed" testListId="8c84fa94-04c1-424b-9868-57a2d4851a1d" relativeResultsDirectory="a0eda70a-ec7f-454c-8091-16a7f6a6069d" />
    <UnitTestResult executionId="c0d9fd47-3d89-48d6-8fc6-d5deaaa31e79" testId="be1065c3-0a2f-2de2-7e09-2e1144fac14e" testName="KingdomGreekImpact.Tests.BurstTests.EdgeOverlapCounts_NotCentreDistance" computerName="PC-GTCHXGAMSLNS" duration="00:00:00.0001841" startTime="2026-09-15T17:31:06.4480684+08:00" endTime="2026-09-15T17:31:06.4480684+08:00" testType="13cdc9d9-ddb5-4fa4-a97d-d965ccfc6d4b" outcome="Passed" testListId="8c84fa94-04c1-424b-9868-57a2d4851a1d" relativeResultsDirectory="c0d9fd47-3d89-48d6-8fc6-d5deaaa31e79" />
    <UnitTestResult executionId="42bd3b92-074f-490b-b959-235517fe02b0" testId="8373b436-cb8c-2fee-5224-b88639675bb5" testName="KingdomGreekImpact.Tests.BurstTests.FilteredTargets_NotDamaged(mode: &quot;noEnemyComponent&quot;)" computerName="PC-GTCHXGAMSLNS" duration="00:00:00.0000145" startTime="2026-09-15T17:31:06.4480338+08:00" endTime="2026-09-15T17:31:06.4480338+08:00" testType="13cdc9d9-ddb5-4fa4-a97d-d965ccfc6d4b" outcome="Passed" testListId="8c84fa94-04c1-424b-9868-57a2d4851a1d" relativeResultsDirectory="42bd3b92-074f-490b-b959-235517fe02b0" />
    <UnitTestResult executionId="440ba64c-2788-4197-b050-f30fb1d9a59f" testId="3b2ffcf3-4974-baf2-9b11-dfd552856ccd" testName="KingdomGreekImpact.Tests.OperatorRegressionTests.RecycledLeaseThenThrowCannotMarkNewHitFailed" computerName="PC-GTCHXGAMSLNS" duration="00:00:00.0005590" startTime="2026-09-15T17:31:06.4664342+08:00" endTime="2026-09-15T17:31:06.4664342+08:00" testType="13cdc9d9-ddb5-4fa4-a97d-d965ccfc6d4b" outcome="Passed" testListId="8c84fa94-04c1-424b-9868-57a2d4851a1d" relativeResultsDirectory="440ba64c-2788-4197-b050-f30fb1d9a59f" />
    <UnitTestResult executionId="1bd7fe14-583a-4c8b-9103-a3f21802aa27" testId="019dfcf5-9941-389c-19ba-00d93d9e7860" testName="KingdomGreekImpact.Tests.HeroImpactTests.HeroVolley_ExtraArrowsDoNotDamageTheSameNeighbourTwice" computerName="PC-GTCHXGAMSLNS" duration="00:00:00.0013999" startTime="2026-09-15T17:31:06.4737222+08:00" endTime="2026-09-15T17:31:06.4737223+08:00" testType="13cdc9d9-ddb5-4fa4-a97d-d965ccfc6d4b" outcome="Passed" testListId="8c84fa94-04c1-424b-9868-57a2d4851a1d" relativeResultsDirectory="1bd7fe14-583a-4c8b-9103-a3f21802aa27" />
    <UnitTestResult executionId="46232637-093f-4717-9c55-9770fe968ab6" testId="d8f4c85c-6b1b-1b27-6f84-e773b1a7cbdd" testName="KingdomGreekImpact.Tests.EligibilityTests.ForeignArrowAttack_NotEligible" computerName="PC-GTCHXGAMSLNS" duration="00:00:00.0000774" startTime="2026-09-15T17:31:06.4671171+08:00" endTime="2026-09-15T17:31:06.4671172+08:00" testType="13cdc9d9-ddb5-4fa4-a97d-d965ccfc6d4b" outcome="Passed" testListId="8c84fa94-04c1-424b-9868-57a2d4851a1d" relativeResultsDirectory="46232637-093f-4717-9c55-9770fe968ab6" />
    <UnitTestResult executionId="9bac64cd-7ce4-4ef5-97b3-28e87cb456d4" testId="34fbac84-e078-ed96-a4a7-3b055626d127" testName="KingdomGreekImpact.Tests.BurstTests.DisabledOrForeignWorldTargets_NotDamaged" computerName="PC-GTCHXGAMSLNS" duration="00:00:00.0001219" startTime="2026-09-15T17:31:06.4646319+08:00" endTime="2026-09-15T17:31:06.4646319+08:00" testType="13cdc9d9-ddb5-4fa4-a97d-d965ccfc6d4b" outcome="Passed" testListId="8c84fa94-04c1-424b-9868-57a2d4851a1d" relativeResultsDirectory="9bac64cd-7ce4-4ef5-97b3-28e87cb456d4" />
    <UnitTestResult executionId="3bd4b44b-c329-49cd-ab23-5f7a6d81f484" testId="78a34081-0a06-a215-0b54-cbd780fbca91" testName="KingdomGreekImpact.Tests.EligibilityTests.AuthorityAndScopeGates" computerName="PC-GTCHXGAMSLNS" duration="00:00:00.0001352" startTime="2026-09-15T17:31:06.4671412+08:00" endTime="2026-09-15T17:31:06.4671412+08:00" testType="13cdc9d9-ddb5-4fa4-a97d-d965ccfc6d4b" outcome="Passed" testListId="8c84fa94-04c1-424b-9868-57a2d4851a1d" relativeResultsDirectory="3bd4b44b-c329-49cd-ab23-5f7a6d81f484" />
    <UnitTestResult executionId="429d30ea-9542-4e02-9090-6200ee2dbde0" testId="329bc38a-9582-8ae3-78b7-342969e5ad62" testName="KingdomGreekImpact.Tests.HeroImpactTests.HeroSwitchDisabledInflight_StopsBurstAndFx" computerName="PC-GTCHXGAMSLNS" duration="00:00:00.0001689" startTime="2026-09-15T17:31:06.4743775+08:00" endTime="2026-09-15T17:31:06.4743776+08:00" testType="13cdc9d9-ddb5-4fa4-a97d-d965ccfc6d4b" outcome="Passed" testListId="8c84fa94-04c1-424b-9868-57a2d4851a1d" relativeResultsDirectory="429d30ea-9542-4e02-9090-6200ee2dbde0" />
    <UnitTestResult executionId="1e4d7307-66bc-42d5-8ea9-6ccaf180d234" testId="ded14c9f-58f8-5b5b-38fd-bbe82211c358" testName="KingdomGreekImpact.Tests.EligibilityTests.GatingConditions_MakeShotIneligible(mode: &quot;archerWindow&quot;)" computerName="PC-GTCHXGAMSLNS" duration="00:00:00.0001036" startTime="2026-09-15T17:31:06.4668145+08:00" endTime="2026-09-15T17:31:06.4668146+08:00" testType="13cdc9d9-ddb5-4fa4-a97d-d965ccfc6d4b" outcome="Passed" testListId="8c84fa94-04c1-424b-9868-57a2d4851a1d" relativeResultsDirectory="1e4d7307-66bc-42d5-8ea9-6ccaf180d234" />
    <UnitTestResult executionId="013b26b7-eb19-4896-9310-e69e63819adb" testId="e42a176c-dd40-76cd-36e4-d1f2b8809927" testName="KingdomGreekImpact.Tests.HeroImpactTests.HeroNormalArrow_BindsLeaseBurstsFireDamageAndKeepsNativeDirectDamage" computerName="PC-GTCHXGAMSLNS" duration="00:00:00.0001232" startTime="2026-09-15T17:31:06.4747945+08:00" endTime="2026-09-15T17:31:06.4747946+08:00" testType="13cdc9d9-ddb5-4fa4-a97d-d965ccfc6d4b" outcome="Passed" testListId="8c84fa94-04c1-424b-9868-57a2d4851a1d" relativeResultsDirectory="013b26b7-eb19-4896-9310-e69e63819adb" />
    <UnitTestResult executionId="7897f942-9cff-4bb2-81fd-5ecc9380efae" testId="b491f94e-a92c-5438-f8c3-cd65992dc355" testName="KingdomGreekImpact.Tests.EligibilityTests.GatingConditions_MakeShotIneligible(mode: &quot;inertArcher&quot;)" computerName="PC-GTCHXGAMSLNS" duration="00:00:00.0000209" startTime="2026-09-15T17:31:06.4668334+08:00" endTime="2026-09-15T17:31:06.4668334+08:00" testType="13cdc9d9-ddb5-4fa4-a97d-d965ccfc6d4b" outcome="Passed" testListId="8c84fa94-04c1-424b-9868-57a2d4851a1d" relativeResultsDirectory="7897f942-9cff-4bb2-81fd-5ecc9380efae" />
    <UnitTestResult executionId="5f6868d2-2aad-4c14-9926-3a8f172f90a1" testId="405fc579-f106-cdf9-e970-f0996b1da2b5" testName="KingdomGreekImpact.Tests.EligibilityTests.ZeroTimeScale_NotEligible" computerName="PC-GTCHXGAMSLNS" duration="00:00:00.0001041" startTime="2026-09-15T17:31:06.4666799+08:00" endTime="2026-09-15T17:31:06.4666799+08:00" testType="13cdc9d9-ddb5-4fa4-a97d-d965ccfc6d4b" outcome="Passed" testListId="8c84fa94-04c1-424b-9868-57a2d4851a1d" relativeResultsDirectory="5f6868d2-2aad-4c14-9926-3a8f172f90a1" />
    <UnitTestResult executionId="cc87d380-04b2-4a73-ba2a-d0f286caf5e2" testId="2646ee30-3a46-764b-2c90-7085c491c601" testName="KingdomGreekImpact.Tests.BurstTests.SeparateVolleys_DamageIndependently" computerName="PC-GTCHXGAMSLNS" duration="00:00:00.0001267" startTime="2026-09-15T17:31:06.4654439+08:00" endTime="2026-09-15T17:31:06.4654440+08:00" testType="13cdc9d9-ddb5-4fa4-a97d-d965ccfc6d4b" outcome="Passed" testListId="8c84fa94-04c1-424b-9868-57a2d4851a1d" relativeResultsDirectory="cc87d380-04b2-4a73-ba2a-d0f286caf5e2" />
    <UnitTestResult executionId="a6efaa97-7034-4aa6-9837-fc914c1f3189" testId="8999805d-eb0c-98c1-7fc3-5954b9df0e4e" testName="KingdomGreekImpact.Tests.BurstTests.SameVolleyScatterArrows_HitNeighbourOnlyOnce" computerName="PC-GTCHXGAMSLNS" duration="00:00:00.0001382" startTime="2026-09-15T17:31:06.4646547+08:00" endTime="2026-09-15T17:31:06.4646548+08:00" testType="13cdc9d9-ddb5-4fa4-a97d-d965ccfc6d4b" outcome="Passed" testListId="8c84fa94-04c1-424b-9868-57a2d4851a1d" relativeResultsDirectory="a6efaa97-7034-4aa6-9837-fc914c1f3189" />
    <UnitTestResult executionId="f3eef3ef-d8d9-40a3-96a5-7ae744e1bb18" testId="2722d292-74cb-1407-f50b-e45c9dabd5db" testName="KingdomGreekImpact.Tests.LedgerTests.DeepConcurrency_MasksInsteadOfInheriting" computerName="PC-GTCHXGAMSLNS" duration="00:00:00.0002607" startTime="2026-09-15T17:31:06.4663099+08:00" endTime="2026-09-15T17:31:06.4663100+08:00" testType="13cdc9d9-ddb5-4fa4-a97d-d965ccfc6d4b" outcome="Passed" testListId="8c84fa94-04c1-424b-9868-57a2d4851a1d" relativeResultsDirectory="f3eef3ef-d8d9-40a3-96a5-7ae744e1bb18" />
    <UnitTestResult executionId="2c0ea747-f6ba-463b-b25c-034cbb6c16c0" testId="a20cc63e-abc2-f0b0-3322-7a0331470f8d" testName="KingdomGreekImpact.Tests.EligibilityTests.WindowExpired_NewShotIneligible" computerName="PC-GTCHXGAMSLNS" duration="00:00:00.0001416" startTime="2026-09-15T17:31:06.4667732+08:00" endTime="2026-09-15T17:31:06.4667733+08:00" testType="13cdc9d9-ddb5-4fa4-a97d-d965ccfc6d4b" outcome="Passed" testListId="8c84fa94-04c1-424b-9868-57a2d4851a1d" relativeResultsDirectory="2c0ea747-f6ba-463b-b25c-034cbb6c16c0" />
    <UnitTestResult executionId="76b29a24-e11d-4d33-a96c-10ceb7c0cc7d" testId="879a266f-60f5-948f-1dd9-0476ab4409fb" testName="KingdomGreekImpact.Tests.BurstTests.DistantFoe_Untouched" computerName="PC-GTCHXGAMSLNS" duration="00:00:00.0001334" startTime="2026-09-15T17:31:06.4645053+08:00" endTime="2026-09-15T17:31:06.4645053+08:00" testType="13cdc9d9-ddb5-4fa4-a97d-d965ccfc6d4b" outcome="Passed" testListId="8c84fa94-04c1-424b-9868-57a2d4851a1d" relativeResultsDirectory="76b29a24-e11d-4d33-a96c-10ceb7c0cc7d" />
    <UnitTestResult executionId="49858c3e-7e73-4e5c-885b-374c61f10f7a" testId="6512d07b-7857-f0b5-e27f-27ffdad3881a" testName="KingdomGreekImpact.Tests.HeroImpactTests.DualEnabledHeroVolley_TakesHeroOriginAndDoesNotFallBackToGreekWhenHeroCloses" computerName="PC-GTCHXGAMSLNS" duration="00:00:00.0001554" startTime="2026-09-15T17:31:06.4741492+08:00" endTime="2026-09-15T17:31:06.4741493+08:00" testType="13cdc9d9-ddb5-4fa4-a97d-d965ccfc6d4b" outcome="Passed" testListId="8c84fa94-04c1-424b-9868-57a2d4851a1d" relativeResultsDirectory="49858c3e-7e73-4e5c-885b-374c61f10f7a" />
    <UnitTestResult executionId="6fc7b2a3-58ed-4c76-8c19-eb80cdbbab4a" testId="f8e5f713-9413-b9b2-68b1-c4793e44096c" testName="KingdomGreekImpact.Tests.BurstTests.FilteredTargets_NotDamaged(mode: &quot;obstacleLayer&quot;)" computerName="PC-GTCHXGAMSLNS" duration="00:00:00.0000195" startTime="2026-09-15T17:31:06.4479649+08:00" endTime="2026-09-15T17:31:06.4479649+08:00" testType="13cdc9d9-ddb5-4fa4-a97d-d965ccfc6d4b" outcome="Passed" testListId="8c84fa94-04c1-424b-9868-57a2d4851a1d" relativeResultsDirectory="6fc7b2a3-58ed-4c76-8c19-eb80cdbbab4a" />
    <UnitTestResult executionId="402a8820-65d3-4b1b-9786-6c1dd7fb86ef" testId="82092b1c-a776-377b-8b4b-228a05179b8b" testName="KingdomGreekImpact.Tests.DamageSubstitutionTests.AllPaths_LeaveNativeFieldsUntouched" computerName="PC-GTCHXGAMSLNS" duration="00:00:00.0029683" startTime="2026-09-15T17:31:06.4671942+08:00" endTime="2026-09-15T17:31:06.4671942+08:00" testType="13cdc9d9-ddb5-4fa4-a97d-d965ccfc6d4b" outcome="Passed" testListId="8c84fa94-04c1-424b-9868-57a2d4851a1d" relativeResultsDirectory="402a8820-65d3-4b1b-9786-6c1dd7fb86ef" />
    <UnitTestResult executionId="3916a252-d09b-4b76-bdc2-1c73dfc86d73" testId="2211ef09-e7d7-44fc-b24d-82f1a924877b" testName="KingdomGreekImpact.Tests.LedgerTests.Abort_EndsTransactionWithoutAoE" computerName="PC-GTCHXGAMSLNS" duration="00:00:00.0002995" startTime="2026-09-15T17:31:06.4656515+08:00" endTime="2026-09-15T17:31:06.4656515+08:00" testType="13cdc9d9-ddb5-4fa4-a97d-d965ccfc6d4b" outcome="Passed" testListId="8c84fa94-04c1-424b-9868-57a2d4851a1d" relativeResultsDirectory="3916a252-d09b-4b76-bdc2-1c73dfc86d73" />
    <UnitTestResult executionId="c9a05dfb-113e-44b5-985e-3f6f71631e41" testId="d45024a3-5883-5e1d-125a-2ccaef01dbcc" testName="KingdomGreekImpact.Tests.LedgerTests.WorldChangeBeforeTick_WithdrawsLedgerAndBlocksDamage" computerName="PC-GTCHXGAMSLNS" duration="00:00:00.0002329" startTime="2026-09-15T17:31:06.4659724+08:00" endTime="2026-09-15T17:31:06.4659724+08:00" testType="13cdc9d9-ddb5-4fa4-a97d-d965ccfc6d4b" outcome="Passed" testListId="8c84fa94-04c1-424b-9868-57a2d4851a1d" relativeResultsDirectory="c9a05dfb-113e-44b5-985e-3f6f71631e41" />
    <UnitTestResult executionId="a90c5e0c-be73-477a-934b-42005c5d9416" testId="caf4c524-6173-0bc6-31a4-e5c149d88849" testName="KingdomGreekImpact.Tests.BurstTests.FilteredTargets_NotDamaged(mode: &quot;wildlifeLayer&quot;)" computerName="PC-GTCHXGAMSLNS" duration="00:00:00.0151119" startTime="2026-09-15T17:31:06.4460702+08:00" endTime="2026-09-15T17:31:06.4460829+08:00" testType="13cdc9d9-ddb5-4fa4-a97d-d965ccfc6d4b" outcome="Passed" testListId="8c84fa94-04c1-424b-9868-57a2d4851a1d" relativeResultsDirectory="a90c5e0c-be73-477a-934b-42005c5d9416" />
    <UnitTestResult executionId="f224a2ae-4926-4e5d-9f34-8ba76f76580d" testId="14a22a48-050e-3918-89d1-d8d52d41ff0b" testName="KingdomGreekImpact.Tests.DamageSubstitutionTests.ReentrantTryDamage_SameTarget_NoDoubleCountNoNativeDot" computerName="PC-GTCHXGAMSLNS" duration="00:00:00.0002398" startTime="2026-09-15T17:31:06.4672186+08:00" endTime="2026-09-15T17:31:06.4672186+08:00" testType="13cdc9d9-ddb5-4fa4-a97d-d965ccfc6d4b" outcome="Passed" testListId="8c84fa94-04c1-424b-9868-57a2d4851a1d" relativeResultsDirectory="f224a2ae-4926-4e5d-9f34-8ba76f76580d" />
    <UnitTestResult executionId="c7634bab-0e37-491b-b492-ee4ca765dd51" testId="c23d14e7-6e31-47f8-0817-36d8f0d09c9d" testName="KingdomGreekImpact.Tests.LedgerTests.DamageCallbackDroppingAuthority_StopsRemainingTargets" computerName="PC-GTCHXGAMSLNS" duration="00:00:00.0003200" startTime="2026-09-15T17:31:06.4659949+08:00" endTime="2026-09-15T17:31:06.4659949+08:00" testType="13cdc9d9-ddb5-4fa4-a97d-d965ccfc6d4b" outcome="Passed" testListId="8c84fa94-04c1-424b-9868-57a2d4851a1d" relativeResultsDirectory="c7634bab-0e37-491b-b492-ee4ca765dd51" />
    <UnitTestResult executionId="0ff45885-4ce6-4c14-b398-3587b5f9c196" testId="d277a368-6ab1-ab5f-d94b-0d80295c1eef" testName="KingdomGreekImpact.Tests.LedgerTests.DeepNestingOverflow_MasksAndRecoversSymmetrically" computerName="PC-GTCHXGAMSLNS" duration="00:00:00.0001640" startTime="2026-09-15T17:31:06.4660896+08:00" endTime="2026-09-15T17:31:06.4660896+08:00" testType="13cdc9d9-ddb5-4fa4-a97d-d965ccfc6d4b" outcome="Passed" testListId="8c84fa94-04c1-424b-9868-57a2d4851a1d" relativeResultsDirectory="0ff45885-4ce6-4c14-b398-3587b5f9c196" />
    <UnitTestResult executionId="0138503b-daf6-4c4e-9afd-320f0b51b54c" testId="6de100df-1e89-4a01-ca8f-8717106641de" testName="KingdomGreekImpact.Tests.HeroImpactTests.GreekSwitchOff_HeroSwitchOnDoesNotActivateNonHeroGreekArrows" computerName="PC-GTCHXGAMSLNS" duration="00:00:00.0001317" startTime="2026-09-15T17:31:06.4750838+08:00" endTime="2026-09-15T17:31:06.4750839+08:00" testType="13cdc9d9-ddb5-4fa4-a97d-d965ccfc6d4b" outcome="Passed" testListId="8c84fa94-04c1-424b-9868-57a2d4851a1d" relativeResultsDirectory="0138503b-daf6-4c4e-9afd-320f0b51b54c" />
    <UnitTestResult executionId="ddbe01cf-eb55-406e-95e1-673953cdc3c4" testId="eb98799d-fb34-7a1e-247f-82eb8352a817" testName="KingdomGreekImpact.Tests.EligibilityTests.ArrowOutsideAnyVolley_NotEligible" computerName="PC-GTCHXGAMSLNS" duration="00:00:00.0002204" startTime="2026-09-15T17:31:06.4670727+08:00" endTime="2026-09-15T17:31:06.4670727+08:00" testType="13cdc9d9-ddb5-4fa4-a97d-d965ccfc6d4b" outcome="Passed" testListId="8c84fa94-04c1-424b-9868-57a2d4851a1d" relativeResultsDirectory="ddbe01cf-eb55-406e-95e1-673953cdc3c4" />
    <UnitTestResult executionId="587b13c4-b390-4994-ab8f-b7f11f7d3e48" testId="e5c6c2a6-adbf-d3f0-9ebd-ebc2d56582e7" testName="KingdomGreekImpact.Tests.HeroImpactTests.NormalHeroArrow_KeepsNativeDirectDamageWithoutSubstitution" computerName="PC-GTCHXGAMSLNS" duration="00:00:00.0001589" startTime="2026-09-15T17:31:06.4752679+08:00" endTime="2026-09-15T17:31:06.4752680+08:00" testType="13cdc9d9-ddb5-4fa4-a97d-d965ccfc6d4b" outcome="Passed" testListId="8c84fa94-04c1-424b-9868-57a2d4851a1d" relativeResultsDirectory="587b13c4-b390-4994-ab8f-b7f11f7d3e48" />
    <UnitTestResult executionId="8ceface0-de6a-406f-8df4-1432866b8853" testId="8569b7c6-3b86-fda2-f3cd-5cbc51ce99b6" testName="KingdomGreekImpact.Tests.OperatorRegressionTests.OldSameLifeTicketCannotEndOrAbortNewHit(end: True)" computerName="PC-GTCHXGAMSLNS" duration="00:00:00.0001396" startTime="2026-09-15T17:31:06.4663691+08:00" endTime="2026-09-15T17:31:06.4663691+08:00" testType="13cdc9d9-ddb5-4fa4-a97d-d965ccfc6d4b" outcome="Passed" testListId="8c84fa94-04c1-424b-9868-57a2d4851a1d" relativeResultsDirectory="8ceface0-de6a-406f-8df4-1432866b8853" />
    <UnitTestResult executionId="a17b7b73-5de9-4e2d-9b88-b67388b0cedf" testId="744a3287-0056-e2a7-d7e7-b05772634c1a" testName="KingdomGreekImpact.Tests.LedgerTests.ConfigDisable_ReleasesStateAndRestoresVanilla" computerName="PC-GTCHXGAMSLNS" duration="00:00:00.0004239" startTime="2026-09-15T17:31:06.4655564+08:00" endTime="2026-09-15T17:31:06.4655565+08:00" testType="13cdc9d9-ddb5-4fa4-a97d-d965ccfc6d4b" outcome="Passed" testListId="8c84fa94-04c1-424b-9868-57a2d4851a1d" relativeResultsDirectory="a17b7b73-5de9-4e2d-9b88-b67388b0cedf" />
    <UnitTestResult executionId="a35b6bfa-d8d3-45da-9e38-177773cc1865" testId="6cca5950-df15-d3eb-c47b-c55b2530a8dc" testName="KingdomGreekImpact.Tests.LedgerTests.ConcurrentShotsBeyondOldEightLimit_AllEligible" computerName="PC-GTCHXGAMSLNS" duration="00:00:00.0001826" startTime="2026-09-15T17:31:06.4662838+08:00" endTime="2026-09-15T17:31:06.4662838+08:00" testType="13cdc9d9-ddb5-4fa4-a97d-d965ccfc6d4b" outcome="Passed" testListId="8c84fa94-04c1-424b-9868-57a2d4851a1d" relativeResultsDirectory="a35b6bfa-d8d3-45da-9e38-177773cc1865" />
    <UnitTestResult executionId="1247029d-26f7-43a4-a493-c2bb05f13a78" testId="5975818a-e37e-c9c8-9536-e5dc83e50ffc" testName="KingdomGreekImpact.Tests.EligibilityTests.GatingConditions_MakeShotIneligible(mode: &quot;notFollower&quot;)" computerName="PC-GTCHXGAMSLNS" duration="00:00:00.0000120" startTime="2026-09-15T17:31:06.4670502+08:00" endTime="2026-09-15T17:31:06.4670502+08:00" testType="13cdc9d9-ddb5-4fa4-a97d-d965ccfc6d4b" outcome="Passed" testListId="8c84fa94-04c1-424b-9868-57a2d4851a1d" relativeResultsDirectory="1247029d-26f7-43a4-a493-c2bb05f13a78" />
    <UnitTestResult executionId="61f55658-ee99-42e3-a850-5c16be28c47d" testId="0035fa3a-93b7-8fde-3e33-6edefc877a5b" testName="KingdomGreekImpact.Tests.BurstTests.DirectTarget_ExcludedFromBurst" computerName="PC-GTCHXGAMSLNS" duration="00:00:00.0000770" startTime="2026-09-15T17:31:06.4645590+08:00" endTime="2026-09-15T17:31:06.4645590+08:00" testType="13cdc9d9-ddb5-4fa4-a97d-d965ccfc6d4b" outcome="Passed" testListId="8c84fa94-04c1-424b-9868-57a2d4851a1d" relativeResultsDirectory="61f55658-ee99-42e3-a850-5c16be28c47d" />
    <UnitTestResult executionId="c6ac3c79-947f-437c-bb90-e6cb6066260f" testId="a1c24d3e-9df5-fae1-80d9-5218f7c43a2c" testName="KingdomGreekImpact.Tests.LedgerTests.TickWhileDisabled_TouchesNothing" computerName="PC-GTCHXGAMSLNS" duration="00:00:00.0000571" startTime="2026-09-15T17:31:06.4655809+08:00" endTime="2026-09-15T17:31:06.4655809+08:00" testType="13cdc9d9-ddb5-4fa4-a97d-d965ccfc6d4b" outcome="Passed" testListId="8c84fa94-04c1-424b-9868-57a2d4851a1d" relativeResultsDirectory="c6ac3c79-947f-437c-bb90-e6cb6066260f" />
    <UnitTestResult executionId="79063733-46f5-4a0c-b308-3ef8e201858f" testId="aff6f769-5493-7882-7594-38cfccca74be" testName="KingdomGreekImpact.Tests.EligibilityTests.BuffExpiresMidFlight_ShotStillApplies" computerName="PC-GTCHXGAMSLNS" duration="00:00:00.0001412" startTime="2026-09-15T17:31:06.4667030+08:00" endTime="2026-09-15T17:31:06.4667030+08:00" testType="13cdc9d9-ddb5-4fa4-a97d-d965ccfc6d4b" outcome="Passed" testListId="8c84fa94-04c1-424b-9868-57a2d4851a1d" relativeResultsDirectory="79063733-46f5-4a0c-b308-3ef8e201858f" />
    <UnitTestResult executionId="5ea4d263-4b14-486f-8bf4-e46d6cfe345d" testId="52a80600-6f45-533d-9164-82fc75b3a918" testName="KingdomGreekImpact.Tests.DamageSubstitutionTests.DestroyedObjects_BehaveAsNull" computerName="PC-GTCHXGAMSLNS" duration="00:00:00.0003770" startTime="2026-09-15T17:31:06.4721661+08:00" endTime="2026-09-15T17:31:06.4721662+08:00" testType="13cdc9d9-ddb5-4fa4-a97d-d965ccfc6d4b" outcome="Passed" testListId="8c84fa94-04c1-424b-9868-57a2d4851a1d" relativeResultsDirectory="5ea4d263-4b14-486f-8bf4-e46d6cfe345d" />
    <UnitTestResult executionId="3721cccf-01ce-4a54-b32c-d86870403b34" testId="f70e241a-4df0-d2da-ccbf-2759c24cc8cf" testName="KingdomGreekImpact.Tests.LedgerTests.ComponentPointerDiffersFromGoPointer_ArcherEnableInvalidates" computerName="PC-GTCHXGAMSLNS" duration="00:00:00.0017718" startTime="2026-09-15T17:31:06.4659489+08:00" endTime="2026-09-15T17:31:06.4659490+08:00" testType="13cdc9d9-ddb5-4fa4-a97d-d965ccfc6d4b" outcome="Passed" testListId="8c84fa94-04c1-424b-9868-57a2d4851a1d" relativeResultsDirectory="3721cccf-01ce-4a54-b32c-d86870403b34" />
    <UnitTestResult executionId="d0d888e1-b370-43b1-a55a-f30e6ddc6a6a" testId="82eedcc6-852f-908b-b2d7-09fa00fb5cfe" testName="KingdomGreekImpact.Tests.EligibilityTests.NonFirePrefab_NotEligible" computerName="PC-GTCHXGAMSLNS" duration="00:00:00.0001213" startTime="2026-09-15T17:31:06.4667258+08:00" endTime="2026-09-15T17:31:06.4667258+08:00" testType="13cdc9d9-ddb5-4fa4-a97d-d965ccfc6d4b" outcome="Passed" testListId="8c84fa94-04c1-424b-9868-57a2d4851a1d" relativeResultsDirectory="d0d888e1-b370-43b1-a55a-f30e6ddc6a6a" />
    <UnitTestResult executionId="49e66979-2758-4b57-b50a-6ce2dcbff1c0" testId="1f0e154a-cf37-7e3b-aed1-aab8ef9f9867" testName="KingdomGreekImpact.Tests.BurstTests.MultipleCollidersOnSameDamageable_Deduped" computerName="PC-GTCHXGAMSLNS" duration="00:00:00.0011075" startTime="2026-09-15T17:31:06.4481144+08:00" endTime="2026-09-15T17:31:06.4481144+08:00" testType="13cdc9d9-ddb5-4fa4-a97d-d965ccfc6d4b" outcome="Passed" testListId="8c84fa94-04c1-424b-9868-57a2d4851a1d" relativeResultsDirectory="49e66979-2758-4b57-b50a-6ce2dcbff1c0" />
    <UnitTestResult executionId="f9e183b1-bbd9-49bb-b9b4-efa97735740e" testId="69977206-99c1-790d-07f2-0319882c68c0" testName="KingdomGreekImpact.Tests.EligibilityTests.GatingConditions_MakeShotIneligible(mode: &quot;knightWindow&quot;)" computerName="PC-GTCHXGAMSLNS" duration="00:00:00.0000170" startTime="2026-09-15T17:31:06.4670279+08:00" endTime="2026-09-15T17:31:06.4670279+08:00" testType="13cdc9d9-ddb5-4fa4-a97d-d965ccfc6d4b" outcome="Passed" testListId="8c84fa94-04c1-424b-9868-57a2d4851a1d" relativeResultsDirectory="f9e183b1-bbd9-49bb-b9b4-efa97735740e" />
    <UnitTestResult executionId="73afc47c-aacb-46fa-9fb3-5279c3ed2a23" testId="3e487fba-e421-ba6b-6576-d368ae4a31ff" testName="KingdomGreekImpact.Tests.LedgerTests.LeaseCapacity_ConservativelySkips_ThenFullyRecycled" computerName="PC-GTCHXGAMSLNS" duration="00:00:00.0008149" startTime="2026-09-15T17:31:06.4658970+08:00" endTime="2026-09-15T17:31:06.4658971+08:00" testType="13cdc9d9-ddb5-4fa4-a97d-d965ccfc6d4b" outcome="Passed" testListId="8c84fa94-04c1-424b-9868-57a2d4851a1d" relativeResultsDirectory="73afc47c-aacb-46fa-9fb3-5279c3ed2a23" />
    <UnitTestResult executionId="525132fb-e9bc-4ae8-9aef-eee493aef1d3" testId="b839fdef-4e56-672f-c643-32aacabe56c1" testName="KingdomGreekImpact.Tests.BurstTests.FullBuffer_ProcessesCapacityOnly_AndCounts" computerName="PC-GTCHXGAMSLNS" duration="00:00:00.0005019" startTime="2026-09-15T17:31:06.4480919+08:00" endTime="2026-09-15T17:31:06.4480919+08:00" testType="13cdc9d9-ddb5-4fa4-a97d-d965ccfc6d4b" outcome="Passed" testListId="8c84fa94-04c1-424b-9868-57a2d4851a1d" relativeResultsDirectory="525132fb-e9bc-4ae8-9aef-eee493aef1d3" />
    <UnitTestResult executionId="1b426865-597d-44ba-a9da-bd7bff41d4a4" testId="ad2e4047-8ff3-4037-a3ca-b6dd0bb6d319" testName="KingdomGreekImpact.Tests.LedgerTests.PoolReuseInsideDamageCallback_DoesNotDamageOrRetireNewLife" computerName="PC-GTCHXGAMSLNS" duration="00:00:00.0002118" startTime="2026-09-15T17:31:06.4656279+08:00" endTime="2026-09-15T17:31:06.4656279+08:00" testType="13cdc9d9-ddb5-4fa4-a97d-d965ccfc6d4b" outcome="Passed" testListId="8c84fa94-04c1-424b-9868-57a2d4851a1d" relativeResultsDirectory="1b426865-597d-44ba-a9da-bd7bff41d4a4" />
    <UnitTestResult executionId="bd30a739-d151-49bf-96dd-11551500b35d" testId="32458685-3d5e-9010-f8fe-c3ebe7751316" testName="KingdomGreekImpact.Tests.DamageSubstitutionTests.DirectDamageThrows_NoNativeFallbackAndNoAoE" computerName="PC-GTCHXGAMSLNS" duration="00:00:00.0002754" startTime="2026-09-15T17:31:06.4717278+08:00" endTime="2026-09-15T17:31:06.4717278+08:00" testType="13cdc9d9-ddb5-4fa4-a97d-d965ccfc6d4b" outcome="Passed" testListId="8c84fa94-04c1-424b-9868-57a2d4851a1d" relativeResultsDirectory="bd30a739-d151-49bf-96dd-11551500b35d" />
    <UnitTestResult executionId="8a22b150-e626-4382-b5ea-bbbec0a56fce" testId="1a3d74af-8193-a6d9-03b5-3c442b236a2a" testName="KingdomGreekImpact.Tests.BurstTests.NonDamageableTarget_NativeEarlyReturn_NoBurst" computerName="PC-GTCHXGAMSLNS" duration="00:00:00.0001895" startTime="2026-09-15T17:31:06.4646097+08:00" endTime="2026-09-15T17:31:06.4646097+08:00" testType="13cdc9d9-ddb5-4fa4-a97d-d965ccfc6d4b" outcome="Passed" testListId="8c84fa94-04c1-424b-9868-57a2d4851a1d" relativeResultsDirectory="8a22b150-e626-4382-b5ea-bbbec0a56fce" />
    <UnitTestResult executionId="cb36d6bd-1d85-4a0e-97e7-707cfe899a97" testId="3118b4ff-6cdf-8a68-fecc-f02eac58bb3d" testName="KingdomGreekImpact.Tests.OperatorRegressionTests.StateChangeBetweenHitAndDamageDoesNotSubstitute(changeWorld: True)" computerName="PC-GTCHXGAMSLNS" duration="00:00:00.0001301" startTime="2026-09-15T17:31:06.4663919+08:00" endTime="2026-09-15T17:31:06.4663920+08:00" testType="13cdc9d9-ddb5-4fa4-a97d-d965ccfc6d4b" outcome="Passed" testListId="8c84fa94-04c1-424b-9868-57a2d4851a1d" relativeResultsDirectory="cb36d6bd-1d85-4a0e-97e7-707cfe899a97" />
    <UnitTestResult executionId="21eb9c38-5ebc-424e-87f1-a613be89d93a" testId="a0769a19-20d5-6afb-a084-10f2a3ddc7ca" testName="KingdomGreekImpact.Tests.DamageSubstitutionTests.SubstituteOnImmuneTarget_ReturnsTrueWithoutDamage" computerName="PC-GTCHXGAMSLNS" duration="00:00:00.0000974" startTime="2026-09-15T17:31:06.4674404+08:00" endTime="2026-09-15T17:31:06.4674405+08:00" testType="13cdc9d9-ddb5-4fa4-a97d-d965ccfc6d4b" outcome="Passed" testListId="8c84fa94-04c1-424b-9868-57a2d4851a1d" relativeResultsDirectory="21eb9c38-5ebc-424e-87f1-a613be89d93a" />
    <UnitTestResult executionId="184dbf84-2931-40d8-bc49-66552bb753b8" testId="562faea5-673d-0495-13ff-068d8d5b26bd" testName="KingdomGreekImpact.Tests.HeroImpactTests.GreekOnlyArcher_StillReportsTheGreekOrigin" computerName="PC-GTCHXGAMSLNS" duration="00:00:00.0001027" startTime="2026-09-15T17:31:06.4746541+08:00" endTime="2026-09-15T17:31:06.4746542+08:00" testType="13cdc9d9-ddb5-4fa4-a97d-d965ccfc6d4b" outcome="Passed" testListId="8c84fa94-04c1-424b-9868-57a2d4851a1d" relativeResultsDirectory="184dbf84-2931-40d8-bc49-66552bb753b8" />
    <UnitTestResult executionId="fe4e6d81-b377-4d2e-abef-5ddb1cb3c3de" testId="80b89382-3c9b-d6ea-6e05-4eb5c9c47329" testName="KingdomGreekImpact.Tests.LedgerTests.NestedIneligibleScope_MasksOuterThenRestores" computerName="PC-GTCHXGAMSLNS" duration="00:00:00.0001990" startTime="2026-09-15T17:31:06.4659229+08:00" endTime="2026-09-15T17:31:06.4659230+08:00" testType="13cdc9d9-ddb5-4fa4-a97d-d965ccfc6d4b" outcome="Passed" testListId="8c84fa94-04c1-424b-9868-57a2d4851a1d" relativeResultsDirectory="fe4e6d81-b377-4d2e-abef-5ddb1cb3c3de" />
    <UnitTestResult executionId="42e7ac95-be0a-46ae-a210-82f952587126" testId="5e38c0a1-5184-2d4f-ff33-f432b95a80c7" testName="KingdomGreekImpact.Tests.BurstTests.FilteredTargets_NotDamaged(mode: &quot;dead&quot;)" computerName="PC-GTCHXGAMSLNS" duration="00:00:00.0001691" startTime="2026-09-15T17:31:06.4477947+08:00" endTime="2026-09-15T17:31:06.4477947+08:00" testType="13cdc9d9-ddb5-4fa4-a97d-d965ccfc6d4b" outcome="Passed" testListId="8c84fa94-04c1-424b-9868-57a2d4851a1d" relativeResultsDirectory="42e7ac95-be0a-46ae-a210-82f952587126" />
  </Results>
  <TestDefinitions>
    <UnitTest name="KingdomGreekImpact.Tests.BurstTests.DirectHit_KeepsArrowDamage_SuppressesDot" storage="c:\users\admin\projects\ohmymods\tests\hero-archer\greek\bin\debug\net8.0\kingdomgreekimpact.tests.dll" id="41513b6f-8d0b-6546-d04e-51d1ec28c4f1">
      <Execution id="5de8f273-ede0-4ee6-915e-82613cc07834" />
      <TestMethod codeBase="C:\Users\ADMIN\projects\ohmymods\tests\hero-archer\greek\bin\Debug\net8.0\KingdomGreekImpact.Tests.dll" adapterTypeName="executor://xunit/VsTestRunner2/netcoreapp" className="KingdomGreekImpact.Tests.BurstTests" name="DirectHit_KeepsArrowDamage_SuppressesDot" />
    </UnitTest>
    <UnitTest name="KingdomGreekImpact.Tests.HeroImpactTests.NormalHeroArrow_KeepsNativeDirectDamageWithoutSubstitution" storage="c:\users\admin\projects\ohmymods\tests\hero-archer\greek\bin\debug\net8.0\kingdomgreekimpact.tests.dll" id="e5c6c2a6-adbf-d3f0-9ebd-ebc2d56582e7">
      <Execution id="587b13c4-b390-4994-ab8f-b7f11f7d3e48" />
      <TestMethod codeBase="C:\Users\ADMIN\projects\ohmymods\tests\hero-archer\greek\bin\Debug\net8.0\KingdomGreekImpact.Tests.dll" adapterTypeName="executor://xunit/VsTestRunner2/netcoreapp" className="KingdomGreekImpact.Tests.HeroImpactTests" name="NormalHeroArrow_KeepsNativeDirectDamageWithoutSubstitution" />
    </UnitTest>
    <UnitTest name="KingdomGreekImpact.Tests.BurstTests.FullBuffer_ProcessesCapacityOnly_AndCounts" storage="c:\users\admin\projects\ohmymods\tests\hero-archer\greek\bin\debug\net8.0\kingdomgreekimpact.tests.dll" id="b839fdef-4e56-672f-c643-32aacabe56c1">
      <Execution id="525132fb-e9bc-4ae8-9aef-eee493aef1d3" />
      <TestMethod codeBase="C:\Users\ADMIN\projects\ohmymods\tests\hero-archer\greek\bin\Debug\net8.0\KingdomGreekImpact.Tests.dll" adapterTypeName="executor://xunit/VsTestRunner2/netcoreapp" className="KingdomGreekImpact.Tests.BurstTests" name="FullBuffer_ProcessesCapacityOnly_AndCounts" />
    </UnitTest>
    <UnitTest name="KingdomGreekImpact.Tests.DamageSubstitutionTests.NoTransaction_TryDamageAlwaysRunsNative" storage="c:\users\admin\projects\ohmymods\tests\hero-archer\greek\bin\debug\net8.0\kingdomgreekimpact.tests.dll" id="5d8254a4-3c22-ecc1-1e11-d18604f4c527">
      <Execution id="82b43297-7976-48e9-be60-ceb5785298b4" />
      <TestMethod codeBase="C:\Users\ADMIN\projects\ohmymods\tests\hero-archer\greek\bin\Debug\net8.0\KingdomGreekImpact.Tests.dll" adapterTypeName="executor://xunit/VsTestRunner2/netcoreapp" className="KingdomGreekImpact.Tests.DamageSubstitutionTests" name="NoTransaction_TryDamageAlwaysRunsNative" />
    </UnitTest>
    <UnitTest name="KingdomGreekImpact.Tests.EligibilityTests.AuthorityAndScopeGates" storage="c:\users\admin\projects\ohmymods\tests\hero-archer\greek\bin\debug\net8.0\kingdomgreekimpact.tests.dll" id="78a34081-0a06-a215-0b54-cbd780fbca91">
      <Execution id="3bd4b44b-c329-49cd-ab23-5f7a6d81f484" />
      <TestMethod codeBase="C:\Users\ADMIN\projects\ohmymods\tests\hero-archer\greek\bin\Debug\net8.0\KingdomGreekImpact.Tests.dll" adapterTypeName="executor://xunit/VsTestRunner2/netcoreapp" className="KingdomGreekImpact.Tests.EligibilityTests" name="AuthorityAndScopeGates" />
    </UnitTest>
    <UnitTest name="KingdomGreekImpact.Tests.OperatorRegressionTests.StateChangeBetweenHitAndDamageDoesNotSubstitute(changeWorld: False)" storage="c:\users\admin\projects\ohmymods\tests\hero-archer\greek\bin\debug\net8.0\kingdomgreekimpact.tests.dll" id="5e9bc700-2c05-4aa7-5b72-af3f6cfddd9e">
      <Execution id="29989be3-a9b9-464f-bb36-30cabc1219dc" />
      <TestMethod codeBase="C:\Users\ADMIN\projects\ohmymods\tests\hero-archer\greek\bin\Debug\net8.0\KingdomGreekImpact.Tests.dll" adapterTypeName="executor://xunit/VsTestRunner2/netcoreapp" className="KingdomGreekImpact.Tests.OperatorRegressionTests" name="StateChangeBetweenHitAndDamageDoesNotSubstitute" />
    </UnitTest>
    <UnitTest name="KingdomGreekImpact.Tests.DamageSubstitutionTests.SubstituteOnImmuneTarget_ReturnsTrueWithoutDamage" storage="c:\users\admin\projects\ohmymods\tests\hero-archer\greek\bin\debug\net8.0\kingdomgreekimpact.tests.dll" id="a0769a19-20d5-6afb-a084-10f2a3ddc7ca">
      <Execution id="21eb9c38-5ebc-424e-87f1-a613be89d93a" />
      <TestMethod codeBase="C:\Users\ADMIN\projects\ohmymods\tests\hero-archer\greek\bin\Debug\net8.0\KingdomGreekImpact.Tests.dll" adapterTypeName="executor://xunit/VsTestRunner2/netcoreapp" className="KingdomGreekImpact.Tests.DamageSubstitutionTests" name="SubstituteOnImmuneTarget_ReturnsTrueWithoutDamage" />
    </UnitTest>
    <UnitTest name="KingdomGreekImpact.Tests.EligibilityTests.ZeroTimeScale_NotEligible" storage="c:\users\admin\projects\ohmymods\tests\hero-archer\greek\bin\debug\net8.0\kingdomgreekimpact.tests.dll" id="405fc579-f106-cdf9-e970-f0996b1da2b5">
      <Execution id="5f6868d2-2aad-4c14-9926-3a8f172f90a1" />
      <TestMethod codeBase="C:\Users\ADMIN\projects\ohmymods\tests\hero-archer\greek\bin\Debug\net8.0\KingdomGreekImpact.Tests.dll" adapterTypeName="executor://xunit/VsTestRunner2/netcoreapp" className="KingdomGreekImpact.Tests.EligibilityTests" name="ZeroTimeScale_NotEligible" />
    </UnitTest>
    <UnitTest name="KingdomGreekImpact.Tests.EligibilityTests.ConfigOn_EligibleFireArrow" storage="c:\users\admin\projects\ohmymods\tests\hero-archer\greek\bin\debug\net8.0\kingdomgreekimpact.tests.dll" id="8ffec6dd-d8a0-25f3-3d8a-3c50282f6064">
      <Execution id="3157e70a-a18f-484f-a69c-daf9b75ea3c6" />
      <TestMethod codeBase="C:\Users\ADMIN\projects\ohmymods\tests\hero-archer\greek\bin\Debug\net8.0\KingdomGreekImpact.Tests.dll" adapterTypeName="executor://xunit/VsTestRunner2/netcoreapp" className="KingdomGreekImpact.Tests.EligibilityTests" name="ConfigOn_EligibleFireArrow" />
    </UnitTest>
    <UnitTest name="KingdomGreekImpact.Tests.BurstTests.DirectTarget_ExcludedFromBurst" storage="c:\users\admin\projects\ohmymods\tests\hero-archer\greek\bin\debug\net8.0\kingdomgreekimpact.tests.dll" id="0035fa3a-93b7-8fde-3e33-6edefc877a5b">
      <Execution id="61f55658-ee99-42e3-a850-5c16be28c47d" />
      <TestMethod codeBase="C:\Users\ADMIN\projects\ohmymods\tests\hero-archer\greek\bin\Debug\net8.0\KingdomGreekImpact.Tests.dll" adapterTypeName="executor://xunit/VsTestRunner2/netcoreapp" className="KingdomGreekImpact.Tests.BurstTests" name="DirectTarget_ExcludedFromBurst" />
    </UnitTest>
    <UnitTest name="KingdomGreekImpact.Tests.LedgerTests.ReleaseAllThenReusedSlot_StaleFinalizerDoesNotTouchNewScope" storage="c:\users\admin\projects\ohmymods\tests\hero-archer\greek\bin\debug\net8.0\kingdomgreekimpact.tests.dll" id="6ee307a0-b34e-dbb5-ff1c-474797bb9b73">
      <Execution id="f0428022-d53c-4443-9336-993246b8945d" />
      <TestMethod codeBase="C:\Users\ADMIN\projects\ohmymods\tests\hero-archer\greek\bin\Debug\net8.0\KingdomGreekImpact.Tests.dll" adapterTypeName="executor://xunit/VsTestRunner2/netcoreapp" className="KingdomGreekImpact.Tests.LedgerTests" name="ReleaseAllThenReusedSlot_StaleFinalizerDoesNotTouchNewScope" />
    </UnitTest>
    <UnitTest name="KingdomGreekImpact.Tests.LedgerTests.ConfigDisable_ReleasesStateAndRestoresVanilla" storage="c:\users\admin\projects\ohmymods\tests\hero-archer\greek\bin\debug\net8.0\kingdomgreekimpact.tests.dll" id="744a3287-0056-e2a7-d7e7-b05772634c1a">
      <Execution id="a17b7b73-5de9-4e2d-9b88-b67388b0cedf" />
      <TestMethod codeBase="C:\Users\ADMIN\projects\ohmymods\tests\hero-archer\greek\bin\Debug\net8.0\KingdomGreekImpact.Tests.dll" adapterTypeName="executor://xunit/VsTestRunner2/netcoreapp" className="KingdomGreekImpact.Tests.LedgerTests" name="ConfigDisable_ReleasesStateAndRestoresVanilla" />
    </UnitTest>
    <UnitTest name="KingdomGreekImpact.Tests.LedgerTests.Abort_EndsTransactionWithoutAoE" storage="c:\users\admin\projects\ohmymods\tests\hero-archer\greek\bin\debug\net8.0\kingdomgreekimpact.tests.dll" id="2211ef09-e7d7-44fc-b24d-82f1a924877b">
      <Execution id="3916a252-d09b-4b76-bdc2-1c73dfc86d73" />
      <TestMethod codeBase="C:\Users\ADMIN\projects\ohmymods\tests\hero-archer\greek\bin\Debug\net8.0\KingdomGreekImpact.Tests.dll" adapterTypeName="executor://xunit/VsTestRunner2/netcoreapp" className="KingdomGreekImpact.Tests.LedgerTests" name="Abort_EndsTransactionWithoutAoE" />
    </UnitTest>
    <UnitTest name="KingdomGreekImpact.Tests.EligibilityTests.GatingConditions_MakeShotIneligible(mode: &quot;inertArcher&quot;)" storage="c:\users\admin\projects\ohmymods\tests\hero-archer\greek\bin\debug\net8.0\kingdomgreekimpact.tests.dll" id="b491f94e-a92c-5438-f8c3-cd65992dc355">
      <Execution id="7897f942-9cff-4bb2-81fd-5ecc9380efae" />
      <TestMethod codeBase="C:\Users\ADMIN\projects\ohmymods\tests\hero-archer\greek\bin\Debug\net8.0\KingdomGreekImpact.Tests.dll" adapterTypeName="executor://xunit/VsTestRunner2/netcoreapp" className="KingdomGreekImpact.Tests.EligibilityTests" name="GatingConditions_MakeShotIneligible" />
    </UnitTest>
    <UnitTest name="KingdomGreekImpact.Tests.DamageSubstitutionTests.DestroyedObjects_BehaveAsNull" storage="c:\users\admin\projects\ohmymods\tests\hero-archer\greek\bin\debug\net8.0\kingdomgreekimpact.tests.dll" id="52a80600-6f45-533d-9164-82fc75b3a918">
      <Execution id="5ea4d263-4b14-486f-8bf4-e46d6cfe345d" />
      <TestMethod codeBase="C:\Users\ADMIN\projects\ohmymods\tests\hero-archer\greek\bin\Debug\net8.0\KingdomGreekImpact.Tests.dll" adapterTypeName="executor://xunit/VsTestRunner2/netcoreapp" className="KingdomGreekImpact.Tests.DamageSubstitutionTests" name="DestroyedObjects_BehaveAsNull" />
    </UnitTest>
    <UnitTest name="KingdomGreekImpact.Tests.BurstTests.FilteredTargets_NotDamaged(mode: &quot;immune&quot;)" storage="c:\users\admin\projects\ohmymods\tests\hero-archer\greek\bin\debug\net8.0\kingdomgreekimpact.tests.dll" id="0d5dd87b-814e-d4e8-5dab-00813d918095">
      <Execution id="261598c1-b60f-4619-97a3-aa1856731126" />
      <TestMethod codeBase="C:\Users\ADMIN\projects\ohmymods\tests\hero-archer\greek\bin\Debug\net8.0\KingdomGreekImpact.Tests.dll" adapterTypeName="executor://xunit/VsTestRunner2/netcoreapp" className="KingdomGreekImpact.Tests.BurstTests" name="FilteredTargets_NotDamaged" />
    </UnitTest>
    <UnitTest name="KingdomGreekImpact.Tests.LedgerTests.NonAcceptedHit_EndsTransactionAndKeepsLease" storage="c:\users\admin\projects\ohmymods\tests\hero-archer\greek\bin\debug\net8.0\kingdomgreekimpact.tests.dll" id="0c8b8077-a66f-64e8-684a-969af609b201">
      <Execution id="a98b7a6a-5f54-4791-a8b9-8b16519df3ff" />
      <TestMethod codeBase="C:\Users\ADMIN\projects\ohmymods\tests\hero-archer\greek\bin\Debug\net8.0\KingdomGreekImpact.Tests.dll" adapterTypeName="executor://xunit/VsTestRunner2/netcoreapp" className="KingdomGreekImpact.Tests.LedgerTests" name="NonAcceptedHit_EndsTransactionAndKeepsLease" />
    </UnitTest>
    <UnitTest name="KingdomGreekImpact.Tests.BurstTests.PerfectShotDamage_Unchanged" storage="c:\users\admin\projects\ohmymods\tests\hero-archer\greek\bin\debug\net8.0\kingdomgreekimpact.tests.dll" id="beb18cb0-62e4-39c4-78e6-0c847714b19d">
      <Execution id="18e5faac-e09e-42b6-9f22-8c658a3d88b1" />
      <TestMethod codeBase="C:\Users\ADMIN\projects\ohmymods\tests\hero-archer\greek\bin\Debug\net8.0\KingdomGreekImpact.Tests.dll" adapterTypeName="executor://xunit/VsTestRunner2/netcoreapp" className="KingdomGreekImpact.Tests.BurstTests" name="PerfectShotDamage_Unchanged" />
    </UnitTest>
    <UnitTest name="KingdomGreekImpact.Tests.BurstTests.FilteredTargets_NotDamaged(mode: &quot;obstacleLayer&quot;)" storage="c:\users\admin\projects\ohmymods\tests\hero-archer\greek\bin\debug\net8.0\kingdomgreekimpact.tests.dll" id="f8e5f713-9413-b9b2-68b1-c4793e44096c">
      <Execution id="6fc7b2a3-58ed-4c76-8c19-eb80cdbbab4a" />
      <TestMethod codeBase="C:\Users\ADMIN\projects\ohmymods\tests\hero-archer\greek\bin\Debug\net8.0\KingdomGreekImpact.Tests.dll" adapterTypeName="executor://xunit/VsTestRunner2/netcoreapp" className="KingdomGreekImpact.Tests.BurstTests" name="FilteredTargets_NotDamaged" />
    </UnitTest>
    <UnitTest name="KingdomGreekImpact.Tests.DamageSubstitutionTests.AllPaths_LeaveNativeFieldsUntouched" storage="c:\users\admin\projects\ohmymods\tests\hero-archer\greek\bin\debug\net8.0\kingdomgreekimpact.tests.dll" id="82092b1c-a776-377b-8b4b-228a05179b8b">
      <Execution id="402a8820-65d3-4b1b-9786-6c1dd7fb86ef" />
      <TestMethod codeBase="C:\Users\ADMIN\projects\ohmymods\tests\hero-archer\greek\bin\Debug\net8.0\KingdomGreekImpact.Tests.dll" adapterTypeName="executor://xunit/VsTestRunner2/netcoreapp" className="KingdomGreekImpact.Tests.DamageSubstitutionTests" name="AllPaths_LeaveNativeFieldsUntouched" />
    </UnitTest>
    <UnitTest name="KingdomGreekImpact.Tests.BurstTests.FilteredTargets_NotDamaged(mode: &quot;wildlifeLayer&quot;)" storage="c:\users\admin\projects\ohmymods\tests\hero-archer\greek\bin\debug\net8.0\kingdomgreekimpact.tests.dll" id="caf4c524-6173-0bc6-31a4-e5c149d88849">
      <Execution id="a90c5e0c-be73-477a-934b-42005c5d9416" />
      <TestMethod codeBase="C:\Users\ADMIN\projects\ohmymods\tests\hero-archer\greek\bin\Debug\net8.0\KingdomGreekImpact.Tests.dll" adapterTypeName="executor://xunit/VsTestRunner2/netcoreapp" className="KingdomGreekImpact.Tests.BurstTests" name="FilteredTargets_NotDamaged" />
    </UnitTest>
    <UnitTest name="KingdomGreekImpact.Tests.OperatorRegressionTests.OldSameLifeTicketCannotEndOrAbortNewHit(end: True)" storage="c:\users\admin\projects\ohmymods\tests\hero-archer\greek\bin\debug\net8.0\kingdomgreekimpact.tests.dll" id="8569b7c6-3b86-fda2-f3cd-5cbc51ce99b6">
      <Execution id="8ceface0-de6a-406f-8df4-1432866b8853" />
      <TestMethod codeBase="C:\Users\ADMIN\projects\ohmymods\tests\hero-archer\greek\bin\Debug\net8.0\KingdomGreekImpact.Tests.dll" adapterTypeName="executor://xunit/VsTestRunner2/netcoreapp" className="KingdomGreekImpact.Tests.OperatorRegressionTests" name="OldSameLifeTicketCannotEndOrAbortNewHit" />
    </UnitTest>
    <UnitTest name="KingdomGreekImpact.Tests.HeroImpactTests.GreekOnlyArcher_StillReportsTheGreekOrigin" storage="c:\users\admin\projects\ohmymods\tests\hero-archer\greek\bin\debug\net8.0\kingdomgreekimpact.tests.dll" id="562faea5-673d-0495-13ff-068d8d5b26bd">
      <Execution id="184dbf84-2931-40d8-bc49-66552bb753b8" />
      <TestMethod codeBase="C:\Users\ADMIN\projects\ohmymods\tests\hero-archer\greek\bin\Debug\net8.0\KingdomGreekImpact.Tests.dll" adapterTypeName="executor://xunit/VsTestRunner2/netcoreapp" className="KingdomGreekImpact.Tests.HeroImpactTests" name="GreekOnlyArcher_StillReportsTheGreekOrigin" />
    </UnitTest>
    <UnitTest name="KingdomGreekImpact.Tests.BurstTests.Neighbour_CircleHit_DamagedOnceWithFireSource" storage="c:\users\admin\projects\ohmymods\tests\hero-archer\greek\bin\debug\net8.0\kingdomgreekimpact.tests.dll" id="7c167db8-4a8b-f8f8-552e-9ef06d6e4c7d">
      <Execution id="ad91910a-4e4d-4608-a413-f65d8db2b5a2" />
      <TestMethod codeBase="C:\Users\ADMIN\projects\ohmymods\tests\hero-archer\greek\bin\Debug\net8.0\KingdomGreekImpact.Tests.dll" adapterTypeName="executor://xunit/VsTestRunner2/netcoreapp" className="KingdomGreekImpact.Tests.BurstTests" name="Neighbour_CircleHit_DamagedOnceWithFireSource" />
    </UnitTest>
    <UnitTest name="KingdomGreekImpact.Tests.HeroImpactTests.HeroVolley_ExtraArrowsDoNotDamageTheSameNeighbourTwice" storage="c:\users\admin\projects\ohmymods\tests\hero-archer\greek\bin\debug\net8.0\kingdomgreekimpact.tests.dll" id="019dfcf5-9941-389c-19ba-00d93d9e7860">
      <Execution id="1bd7fe14-583a-4c8b-9103-a3f21802aa27" />
      <TestMethod codeBase="C:\Users\ADMIN\projects\ohmymods\tests\hero-archer\greek\bin\Debug\net8.0\KingdomGreekImpact.Tests.dll" adapterTypeName="executor://xunit/VsTestRunner2/netcoreapp" className="KingdomGreekImpact.Tests.HeroImpactTests" name="HeroVolley_ExtraArrowsDoNotDamageTheSameNeighbourTwice" />
    </UnitTest>
    <UnitTest name="KingdomGreekImpact.Tests.BurstTests.NonDamageableTarget_NativeEarlyReturn_NoBurst" storage="c:\users\admin\projects\ohmymods\tests\hero-archer\greek\bin\debug\net8.0\kingdomgreekimpact.tests.dll" id="1a3d74af-8193-a6d9-03b5-3c442b236a2a">
      <Execution id="8a22b150-e626-4382-b5ea-bbbec0a56fce" />
      <TestMethod codeBase="C:\Users\ADMIN\projects\ohmymods\tests\hero-archer\greek\bin\Debug\net8.0\KingdomGreekImpact.Tests.dll" adapterTypeName="executor://xunit/VsTestRunner2/netcoreapp" className="KingdomGreekImpact.Tests.BurstTests" name="NonDamageableTarget_NativeEarlyReturn_NoBurst" />
    </UnitTest>
    <UnitTest name="KingdomGreekImpact.Tests.HookContractTests.OperatorFacingApi_HasExpectedSignatures" storage="c:\users\admin\projects\ohmymods\tests\hero-archer\greek\bin\debug\net8.0\kingdomgreekimpact.tests.dll" id="6fdf2b0e-e15a-9a14-c01f-88f8d3b90ab1">
      <Execution id="657b5607-9d85-4595-9b4f-b41b875a534f" />
      <TestMethod codeBase="C:\Users\ADMIN\projects\ohmymods\tests\hero-archer\greek\bin\Debug\net8.0\KingdomGreekImpact.Tests.dll" adapterTypeName="executor://xunit/VsTestRunner2/netcoreapp" className="KingdomGreekImpact.Tests.HookContractTests" name="OperatorFacingApi_HasExpectedSignatures" />
    </UnitTest>
    <UnitTest name="KingdomGreekImpact.Tests.DamageSubstitutionTests.ForeignTarget_RunsNativePath" storage="c:\users\admin\projects\ohmymods\tests\hero-archer\greek\bin\debug\net8.0\kingdomgreekimpact.tests.dll" id="c8ef848e-8d3d-a16f-1a87-bfb81d570f08">
      <Execution id="af53d01e-06c9-4cd8-adc1-8b849f25dde7" />
      <TestMethod codeBase="C:\Users\ADMIN\projects\ohmymods\tests\hero-archer\greek\bin\Debug\net8.0\KingdomGreekImpact.Tests.dll" adapterTypeName="executor://xunit/VsTestRunner2/netcoreapp" className="KingdomGreekImpact.Tests.DamageSubstitutionTests" name="ForeignTarget_RunsNativePath" />
    </UnitTest>
    <UnitTest name="KingdomGreekImpact.Tests.EligibilityTests.GatingConditions_MakeShotIneligible(mode: &quot;knightWindow&quot;)" storage="c:\users\admin\projects\ohmymods\tests\hero-archer\greek\bin\debug\net8.0\kingdomgreekimpact.tests.dll" id="69977206-99c1-790d-07f2-0319882c68c0">
      <Execution id="f9e183b1-bbd9-49bb-b9b4-efa97735740e" />
      <TestMethod codeBase="C:\Users\ADMIN\projects\ohmymods\tests\hero-archer\greek\bin\Debug\net8.0\KingdomGreekImpact.Tests.dll" adapterTypeName="executor://xunit/VsTestRunner2/netcoreapp" className="KingdomGreekImpact.Tests.EligibilityTests" name="GatingConditions_MakeShotIneligible" />
    </UnitTest>
    <UnitTest name="KingdomGreekImpact.Tests.LedgerTests.TargetMovedOutOfCircleDuringBurst_Skipped" storage="c:\users\admin\projects\ohmymods\tests\hero-archer\greek\bin\debug\net8.0\kingdomgreekimpact.tests.dll" id="e9b73d1b-83be-464c-13a9-66c52f840f57">
      <Execution id="b8d7f8d7-6a51-4e5c-b5b2-065f51c11226" />
      <TestMethod codeBase="C:\Users\ADMIN\projects\ohmymods\tests\hero-archer\greek\bin\Debug\net8.0\KingdomGreekImpact.Tests.dll" adapterTypeName="executor://xunit/VsTestRunner2/netcoreapp" className="KingdomGreekImpact.Tests.LedgerTests" name="TargetMovedOutOfCircleDuringBurst_Skipped" />
    </UnitTest>
    <UnitTest name="KingdomGreekImpact.Tests.EligibilityTests.ArrowOutsideAnyVolley_NotEligible" storage="c:\users\admin\projects\ohmymods\tests\hero-archer\greek\bin\debug\net8.0\kingdomgreekimpact.tests.dll" id="eb98799d-fb34-7a1e-247f-82eb8352a817">
      <Execution id="ddbe01cf-eb55-406e-95e1-673953cdc3c4" />
      <TestMethod codeBase="C:\Users\ADMIN\projects\ohmymods\tests\hero-archer\greek\bin\Debug\net8.0\KingdomGreekImpact.Tests.dll" adapterTypeName="executor://xunit/VsTestRunner2/netcoreapp" className="KingdomGreekImpact.Tests.EligibilityTests" name="ArrowOutsideAnyVolley_NotEligible" />
    </UnitTest>
    <UnitTest name="KingdomGreekImpact.Tests.BurstTests.DisabledOrForeignWorldTargets_NotDamaged" storage="c:\users\admin\projects\ohmymods\tests\hero-archer\greek\bin\debug\net8.0\kingdomgreekimpact.tests.dll" id="34fbac84-e078-ed96-a4a7-3b055626d127">
      <Execution id="9bac64cd-7ce4-4ef5-97b3-28e87cb456d4" />
      <TestMethod codeBase="C:\Users\ADMIN\projects\ohmymods\tests\hero-archer\greek\bin\Debug\net8.0\KingdomGreekImpact.Tests.dll" adapterTypeName="executor://xunit/VsTestRunner2/netcoreapp" className="KingdomGreekImpact.Tests.BurstTests" name="DisabledOrForeignWorldTargets_NotDamaged" />
    </UnitTest>
    <UnitTest name="KingdomGreekImpact.Tests.EligibilityTests.ConfigOff_KeepsVanillaBehaviour" storage="c:\users\admin\projects\ohmymods\tests\hero-archer\greek\bin\debug\net8.0\kingdomgreekimpact.tests.dll" id="b0ca20b7-3bad-fabf-af35-3a96172324cd">
      <Execution id="3a975a57-143c-458c-a9a0-8ce2cd0e1ab4" />
      <TestMethod codeBase="C:\Users\ADMIN\projects\ohmymods\tests\hero-archer\greek\bin\Debug\net8.0\KingdomGreekImpact.Tests.dll" adapterTypeName="executor://xunit/VsTestRunner2/netcoreapp" className="KingdomGreekImpact.Tests.EligibilityTests" name="ConfigOff_KeepsVanillaBehaviour" />
    </UnitTest>
    <UnitTest name="KingdomGreekImpact.Tests.BurstTests.ChildColliderWithParentDamageable_ResolvedAndDeduped" storage="c:\users\admin\projects\ohmymods\tests\hero-archer\greek\bin\debug\net8.0\kingdomgreekimpact.tests.dll" id="96f0ae78-a8ae-a0ee-66eb-d5830b40bd6f">
      <Execution id="ef3a512b-926b-4e03-b2fc-46ff03f88ad7" />
      <TestMethod codeBase="C:\Users\ADMIN\projects\ohmymods\tests\hero-archer\greek\bin\Debug\net8.0\KingdomGreekImpact.Tests.dll" adapterTypeName="executor://xunit/VsTestRunner2/netcoreapp" className="KingdomGreekImpact.Tests.BurstTests" name="ChildColliderWithParentDamageable_ResolvedAndDeduped" />
    </UnitTest>
    <UnitTest name="KingdomGreekImpact.Tests.EligibilityTests.ForeignArrowAttack_NotEligible" storage="c:\users\admin\projects\ohmymods\tests\hero-archer\greek\bin\debug\net8.0\kingdomgreekimpact.tests.dll" id="d8f4c85c-6b1b-1b27-6f84-e773b1a7cbdd">
      <Execution id="46232637-093f-4717-9c55-9770fe968ab6" />
      <TestMethod codeBase="C:\Users\ADMIN\projects\ohmymods\tests\hero-archer\greek\bin\Debug\net8.0\KingdomGreekImpact.Tests.dll" adapterTypeName="executor://xunit/VsTestRunner2/netcoreapp" className="KingdomGreekImpact.Tests.EligibilityTests" name="ForeignArrowAttack_NotEligible" />
    </UnitTest>
    <UnitTest name="KingdomGreekImpact.Tests.BurstTests.SeparateVolleys_DamageIndependently" storage="c:\users\admin\projects\ohmymods\tests\hero-archer\greek\bin\debug\net8.0\kingdomgreekimpact.tests.dll" id="2646ee30-3a46-764b-2c90-7085c491c601">
      <Execution id="cc87d380-04b2-4a73-ba2a-d0f286caf5e2" />
      <TestMethod codeBase="C:\Users\ADMIN\projects\ohmymods\tests\hero-archer\greek\bin\Debug\net8.0\KingdomGreekImpact.Tests.dll" adapterTypeName="executor://xunit/VsTestRunner2/netcoreapp" className="KingdomGreekImpact.Tests.BurstTests" name="SeparateVolleys_DamageIndependently" />
    </UnitTest>
    <UnitTest name="KingdomGreekImpact.Tests.BurstTests.InvulnerableTarget_NotDamaged" storage="c:\users\admin\projects\ohmymods\tests\hero-archer\greek\bin\debug\net8.0\kingdomgreekimpact.tests.dll" id="4854c6cd-26e4-7fdd-f6d1-f21159f85465">
      <Execution id="a0eda70a-ec7f-454c-8091-16a7f6a6069d" />
      <TestMethod codeBase="C:\Users\ADMIN\projects\ohmymods\tests\hero-archer\greek\bin\Debug\net8.0\KingdomGreekImpact.Tests.dll" adapterTypeName="executor://xunit/VsTestRunner2/netcoreapp" className="KingdomGreekImpact.Tests.BurstTests" name="InvulnerableTarget_NotDamaged" />
    </UnitTest>
    <UnitTest name="KingdomGreekImpact.Tests.EligibilityTests.GatingConditions_MakeShotIneligible(mode: &quot;notFollower&quot;)" storage="c:\users\admin\projects\ohmymods\tests\hero-archer\greek\bin\debug\net8.0\kingdomgreekimpact.tests.dll" id="5975818a-e37e-c9c8-9536-e5dc83e50ffc">
      <Execution id="1247029d-26f7-43a4-a493-c2bb05f13a78" />
      <TestMethod codeBase="C:\Users\ADMIN\projects\ohmymods\tests\hero-archer\greek\bin\Debug\net8.0\KingdomGreekImpact.Tests.dll" adapterTypeName="executor://xunit/VsTestRunner2/netcoreapp" className="KingdomGreekImpact.Tests.EligibilityTests" name="GatingConditions_MakeShotIneligible" />
    </UnitTest>
    <UnitTest name="KingdomGreekImpact.Tests.HeroImpactTests.DualEnabledHeroVolley_TakesHeroOriginAndDoesNotFallBackToGreekWhenHeroCloses" storage="c:\users\admin\projects\ohmymods\tests\hero-archer\greek\bin\debug\net8.0\kingdomgreekimpact.tests.dll" id="6512d07b-7857-f0b5-e27f-27ffdad3881a">
      <Execution id="49858c3e-7e73-4e5c-885b-374c61f10f7a" />
      <TestMethod codeBase="C:\Users\ADMIN\projects\ohmymods\tests\hero-archer\greek\bin\Debug\net8.0\KingdomGreekImpact.Tests.dll" adapterTypeName="executor://xunit/VsTestRunner2/netcoreapp" className="KingdomGreekImpact.Tests.HeroImpactTests" name="DualEnabledHeroVolley_TakesHeroOriginAndDoesNotFallBackToGreekWhenHeroCloses" />
    </UnitTest>
    <UnitTest name="KingdomGreekImpact.Tests.EligibilityTests.GatingConditions_MakeShotIneligible(mode: &quot;style2&quot;)" storage="c:\users\admin\projects\ohmymods\tests\hero-archer\greek\bin\debug\net8.0\kingdomgreekimpact.tests.dll" id="47590d66-12ff-075f-a1e9-50a31747fdb6">
      <Execution id="0ae985ef-ed71-4eaf-8db9-e0f4e7ce72db" />
      <TestMethod codeBase="C:\Users\ADMIN\projects\ohmymods\tests\hero-archer\greek\bin\Debug\net8.0\KingdomGreekImpact.Tests.dll" adapterTypeName="executor://xunit/VsTestRunner2/netcoreapp" className="KingdomGreekImpact.Tests.EligibilityTests" name="GatingConditions_MakeShotIneligible" />
    </UnitTest>
    <UnitTest name="KingdomGreekImpact.Tests.DamageSubstitutionTests.SubstitutedBranch_MatchesNativeDirectDamage_WithoutDot" storage="c:\users\admin\projects\ohmymods\tests\hero-archer\greek\bin\debug\net8.0\kingdomgreekimpact.tests.dll" id="1645f1f2-dae0-ebc3-0938-f79f254ecb8c">
      <Execution id="63d2d525-b697-420a-ba3b-81155429cc60" />
      <TestMethod codeBase="C:\Users\ADMIN\projects\ohmymods\tests\hero-archer\greek\bin\Debug\net8.0\KingdomGreekImpact.Tests.dll" adapterTypeName="executor://xunit/VsTestRunner2/netcoreapp" className="KingdomGreekImpact.Tests.DamageSubstitutionTests" name="SubstitutedBranch_MatchesNativeDirectDamage_WithoutDot" />
    </UnitTest>
    <UnitTest name="KingdomGreekImpact.Tests.EligibilityTests.GatingConditions_MakeShotIneligible(mode: &quot;deadArcher&quot;)" storage="c:\users\admin\projects\ohmymods\tests\hero-archer\greek\bin\debug\net8.0\kingdomgreekimpact.tests.dll" id="f35b9301-568b-6935-6f1e-b38ff7c32ce3">
      <Execution id="06eddbc0-12d6-4431-a3ed-1e9a25b273d8" />
      <TestMethod codeBase="C:\Users\ADMIN\projects\ohmymods\tests\hero-archer\greek\bin\Debug\net8.0\KingdomGreekImpact.Tests.dll" adapterTypeName="executor://xunit/VsTestRunner2/netcoreapp" className="KingdomGreekImpact.Tests.EligibilityTests" name="GatingConditions_MakeShotIneligible" />
    </UnitTest>
    <UnitTest name="KingdomGreekImpact.Tests.LedgerTests.NestedIneligibleScope_MasksOuterThenRestores" storage="c:\users\admin\projects\ohmymods\tests\hero-archer\greek\bin\debug\net8.0\kingdomgreekimpact.tests.dll" id="80b89382-3c9b-d6ea-6e05-4eb5c9c47329">
      <Execution id="fe4e6d81-b377-4d2e-abef-5ddb1cb3c3de" />
      <TestMethod codeBase="C:\Users\ADMIN\projects\ohmymods\tests\hero-archer\greek\bin\Debug\net8.0\KingdomGreekImpact.Tests.dll" adapterTypeName="executor://xunit/VsTestRunner2/netcoreapp" className="KingdomGreekImpact.Tests.LedgerTests" name="NestedIneligibleScope_MasksOuterThenRestores" />
    </UnitTest>
    <UnitTest name="KingdomGreekImpact.Tests.HeroImpactTests.HeroSwitchOn_KeepsGreekPathUnchangedForNonHeroArrows" storage="c:\users\admin\projects\ohmymods\tests\hero-archer\greek\bin\debug\net8.0\kingdomgreekimpact.tests.dll" id="82a30cda-fcf9-8acc-7215-2e93fa4d62d7">
      <Execution id="3de791e1-09e0-4f02-a4ee-88dd80580b7f" />
      <TestMethod codeBase="C:\Users\ADMIN\projects\ohmymods\tests\hero-archer\greek\bin\Debug\net8.0\KingdomGreekImpact.Tests.dll" adapterTypeName="executor://xunit/VsTestRunner2/netcoreapp" className="KingdomGreekImpact.Tests.HeroImpactTests" name="HeroSwitchOn_KeepsGreekPathUnchangedForNonHeroArrows" />
    </UnitTest>
    <UnitTest name="KingdomGreekImpact.Tests.LedgerTests.DamageCallbackDroppingAuthority_StopsRemainingTargets" storage="c:\users\admin\projects\ohmymods\tests\hero-archer\greek\bin\debug\net8.0\kingdomgreekimpact.tests.dll" id="c23d14e7-6e31-47f8-0817-36d8f0d09c9d">
      <Execution id="c7634bab-0e37-491b-b492-ee4ca765dd51" />
      <TestMethod codeBase="C:\Users\ADMIN\projects\ohmymods\tests\hero-archer\greek\bin\Debug\net8.0\KingdomGreekImpact.Tests.dll" adapterTypeName="executor://xunit/VsTestRunner2/netcoreapp" className="KingdomGreekImpact.Tests.LedgerTests" name="DamageCallbackDroppingAuthority_StopsRemainingTargets" />
    </UnitTest>
    <UnitTest name="KingdomGreekImpact.Tests.OperatorRegressionTests.StateChangeBetweenHitAndDamageDoesNotSubstitute(changeWorld: True)" storage="c:\users\admin\projects\ohmymods\tests\hero-archer\greek\bin\debug\net8.0\kingdomgreekimpact.tests.dll" id="3118b4ff-6cdf-8a68-fecc-f02eac58bb3d">
      <Execution id="cb36d6bd-1d85-4a0e-97e7-707cfe899a97" />
      <TestMethod codeBase="C:\Users\ADMIN\projects\ohmymods\tests\hero-archer\greek\bin\Debug\net8.0\KingdomGreekImpact.Tests.dll" adapterTypeName="executor://xunit/VsTestRunner2/netcoreapp" className="KingdomGreekImpact.Tests.OperatorRegressionTests" name="StateChangeBetweenHitAndDamageDoesNotSubstitute" />
    </UnitTest>
    <UnitTest name="KingdomGreekImpact.Tests.HeroImpactTests.HeroShotWithoutEnemyTarget_StaysVanilla" storage="c:\users\admin\projects\ohmymods\tests\hero-archer\greek\bin\debug\net8.0\kingdomgreekimpact.tests.dll" id="107205d4-6aac-0861-c48b-d9de088449b7">
      <Execution id="dd4e6d5b-29e7-4cc5-b514-ca292cfd1891" />
      <TestMethod codeBase="C:\Users\ADMIN\projects\ohmymods\tests\hero-archer\greek\bin\Debug\net8.0\KingdomGreekImpact.Tests.dll" adapterTypeName="executor://xunit/VsTestRunner2/netcoreapp" className="KingdomGreekImpact.Tests.HeroImpactTests" name="HeroShotWithoutEnemyTarget_StaysVanilla" />
    </UnitTest>
    <UnitTest name="KingdomGreekImpact.Tests.OperatorRegressionTests.OldSameLifeTicketCannotEndOrAbortNewHit(end: False)" storage="c:\users\admin\projects\ohmymods\tests\hero-archer\greek\bin\debug\net8.0\kingdomgreekimpact.tests.dll" id="fed3c003-86cd-55fd-c643-666fe516dad2">
      <Execution id="9aab8bb8-22bf-4e13-865b-6c009da1a9d4" />
      <TestMethod codeBase="C:\Users\ADMIN\projects\ohmymods\tests\hero-archer\greek\bin\Debug\net8.0\KingdomGreekImpact.Tests.dll" adapterTypeName="executor://xunit/VsTestRunner2/netcoreapp" className="KingdomGreekImpact.Tests.OperatorRegressionTests" name="OldSameLifeTicketCannotEndOrAbortNewHit" />
    </UnitTest>
    <UnitTest name="KingdomGreekImpact.Tests.HeroImpactTests.HeroNormalArrow_BindsLeaseBurstsFireDamageAndKeepsNativeDirectDamage" storage="c:\users\admin\projects\ohmymods\tests\hero-archer\greek\bin\debug\net8.0\kingdomgreekimpact.tests.dll" id="e42a176c-dd40-76cd-36e4-d1f2b8809927">
      <Execution id="013b26b7-eb19-4896-9310-e69e63819adb" />
      <TestMethod codeBase="C:\Users\ADMIN\projects\ohmymods\tests\hero-archer\greek\bin\Debug\net8.0\KingdomGreekImpact.Tests.dll" adapterTypeName="executor://xunit/VsTestRunner2/netcoreapp" className="KingdomGreekImpact.Tests.HeroImpactTests" name="HeroNormalArrow_BindsLeaseBurstsFireDamageAndKeepsNativeDirectDamage" />
    </UnitTest>
    <UnitTest name="KingdomGreekImpact.Tests.EligibilityTests.GatingConditions_MakeShotIneligible(mode: &quot;archerWindow&quot;)" storage="c:\users\admin\projects\ohmymods\tests\hero-archer\greek\bin\debug\net8.0\kingdomgreekimpact.tests.dll" id="ded14c9f-58f8-5b5b-38fd-bbe82211c358">
      <Execution id="1e4d7307-66bc-42d5-8ea9-6ccaf180d234" />
      <TestMethod codeBase="C:\Users\ADMIN\projects\ohmymods\tests\hero-archer\greek\bin\Debug\net8.0\KingdomGreekImpact.Tests.dll" adapterTypeName="executor://xunit/VsTestRunner2/netcoreapp" className="KingdomGreekImpact.Tests.EligibilityTests" name="GatingConditions_MakeShotIneligible" />
    </UnitTest>
    <UnitTest name="KingdomGreekImpact.Tests.DamageSubstitutionTests.DirectDamageThrows_NoNativeFallbackAndNoAoE" storage="c:\users\admin\projects\ohmymods\tests\hero-archer\greek\bin\debug\net8.0\kingdomgreekimpact.tests.dll" id="32458685-3d5e-9010-f8fe-c3ebe7751316">
      <Execution id="bd30a739-d151-49bf-96dd-11551500b35d" />
      <TestMethod codeBase="C:\Users\ADMIN\projects\ohmymods\tests\hero-archer\greek\bin\Debug\net8.0\KingdomGreekImpact.Tests.dll" adapterTypeName="executor://xunit/VsTestRunner2/netcoreapp" className="KingdomGreekImpact.Tests.DamageSubstitutionTests" name="DirectDamageThrows_NoNativeFallbackAndNoAoE" />
    </UnitTest>
    <UnitTest name="KingdomGreekImpact.Tests.DamageSubstitutionTests.PerfectShot_UsesNativeMultiplier" storage="c:\users\admin\projects\ohmymods\tests\hero-archer\greek\bin\debug\net8.0\kingdomgreekimpact.tests.dll" id="153815c9-9063-a38a-8097-502813e217a6">
[...]
      <Execution id="49e66979-2758-4b57-b50a-6ce2dcbff1c0" />
      <TestMethod codeBase="C:\Users\ADMIN\projects\ohmymods\tests\hero-archer\greek\bin\Debug\net8.0\KingdomGreekImpact.Tests.dll" adapterTypeName="executor://xunit/VsTestRunner2/netcoreapp" className="KingdomGreekImpact.Tests.BurstTests" name="MultipleCollidersOnSameDamageable_Deduped" />
    </UnitTest>
    <UnitTest name="KingdomGreekImpact.Tests.HeroImpactTests.HeroFireArrowWithHeroSwitchOff_FallsBackToNativeDot" storage="c:\users\admin\projects\ohmymods\tests\hero-archer\greek\bin\debug\net8.0\kingdomgreekimpact.tests.dll" id="2ceda428-0147-8b17-de73-56e2864908f8">
      <Execution id="f82b866b-2cbf-4937-877a-0f85a34248ca" />
      <TestMethod codeBase="C:\Users\ADMIN\projects\ohmymods\tests\hero-archer\greek\bin\Debug\net8.0\KingdomGreekImpact.Tests.dll" adapterTypeName="executor://xunit/VsTestRunner2/netcoreapp" className="KingdomGreekImpact.Tests.HeroImpactTests" name="HeroFireArrowWithHeroSwitchOff_FallsBackToNativeDot" />
    </UnitTest>
    <UnitTest name="KingdomGreekImpact.Tests.OperatorRegressionTests.RecycledLeaseThenThrowCannotMarkNewHitFailed" storage="c:\users\admin\projects\ohmymods\tests\hero-archer\greek\bin\debug\net8.0\kingdomgreekimpact.tests.dll" id="3b2ffcf3-4974-baf2-9b11-dfd552856ccd">
      <Execution id="440ba64c-2788-4197-b050-f30fb1d9a59f" />
      <TestMethod codeBase="C:\Users\ADMIN\projects\ohmymods\tests\hero-archer\greek\bin\Debug\net8.0\KingdomGreekImpact.Tests.dll" adapterTypeName="executor://xunit/VsTestRunner2/netcoreapp" className="KingdomGreekImpact.Tests.OperatorRegressionTests" name="RecycledLeaseThenThrowCannotMarkNewHitFailed" />
    </UnitTest>
    <UnitTest name="KingdomGreekImpact.Tests.LedgerTests.AuthorityFalse_NoBorrowNoBurst" storage="c:\users\admin\projects\ohmymods\tests\hero-archer\greek\bin\debug\net8.0\kingdomgreekimpact.tests.dll" id="886b561f-3b19-dd5a-3682-14f6e7bf9368">
      <Execution id="de5b1e6b-fb08-4b45-a73b-c1f91fc0bf18" />
      <TestMethod codeBase="C:\Users\ADMIN\projects\ohmymods\tests\hero-archer\greek\bin\Debug\net8.0\KingdomGreekImpact.Tests.dll" adapterTypeName="executor://xunit/VsTestRunner2/netcoreapp" className="KingdomGreekImpact.Tests.LedgerTests" name="AuthorityFalse_NoBorrowNoBurst" />
    </UnitTest>
    <UnitTest name="KingdomGreekImpact.Tests.LedgerTests.ComponentPointerDiffersFromGoPointer_ArcherEnableInvalidates" storage="c:\users\admin\projects\ohmymods\tests\hero-archer\greek\bin\debug\net8.0\kingdomgreekimpact.tests.dll" id="f70e241a-4df0-d2da-ccbf-2759c24cc8cf">
      <Execution id="3721cccf-01ce-4a54-b32c-d86870403b34" />
      <TestMethod codeBase="C:\Users\ADMIN\projects\ohmymods\tests\hero-archer\greek\bin\Debug\net8.0\KingdomGreekImpact.Tests.dll" adapterTypeName="executor://xunit/VsTestRunner2/netcoreapp" className="KingdomGreekImpact.Tests.LedgerTests" name="ComponentPointerDiffersFromGoPointer_ArcherEnableInvalidates" />
    </UnitTest>
    <UnitTest name="KingdomGreekImpact.Tests.LedgerTests.LeaseCapacity_ConservativelySkips_ThenFullyRecycled" storage="c:\users\admin\projects\ohmymods\tests\hero-archer\greek\bin\debug\net8.0\kingdomgreekimpact.tests.dll" id="3e487fba-e421-ba6b-6576-d368ae4a31ff">
      <Execution id="73afc47c-aacb-46fa-9fb3-5279c3ed2a23" />
      <TestMethod codeBase="C:\Users\ADMIN\projects\ohmymods\tests\hero-archer\greek\bin\Debug\net8.0\KingdomGreekImpact.Tests.dll" adapterTypeName="executor://xunit/VsTestRunner2/netcoreapp" className="KingdomGreekImpact.Tests.LedgerTests" name="LeaseCapacity_ConservativelySkips_ThenFullyRecycled" />
    </UnitTest>
    <UnitTest name="KingdomGreekImpact.Tests.HeroImpactTests.HeroSwitchDisabledInflight_StopsBurstAndFx" storage="c:\users\admin\projects\ohmymods\tests\hero-archer\greek\bin\debug\net8.0\kingdomgreekimpact.tests.dll" id="329bc38a-9582-8ae3-78b7-342969e5ad62">
      <Execution id="429d30ea-9542-4e02-9090-6200ee2dbde0" />
      <TestMethod codeBase="C:\Users\ADMIN\projects\ohmymods\tests\hero-archer\greek\bin\Debug\net8.0\KingdomGreekImpact.Tests.dll" adapterTypeName="executor://xunit/VsTestRunner2/netcoreapp" className="KingdomGreekImpact.Tests.HeroImpactTests" name="HeroSwitchDisabledInflight_StopsBurstAndFx" />
    </UnitTest>
    <UnitTest name="KingdomGreekImpact.Tests.EligibilityTests.NonFirePrefab_NotEligible" storage="c:\users\admin\projects\ohmymods\tests\hero-archer\greek\bin\debug\net8.0\kingdomgreekimpact.tests.dll" id="82eedcc6-852f-908b-b2d7-09fa00fb5cfe">
      <Execution id="d0d888e1-b370-43b1-a55a-f30e6ddc6a6a" />
      <TestMethod codeBase="C:\Users\ADMIN\projects\ohmymods\tests\hero-archer\greek\bin\Debug\net8.0\KingdomGreekImpact.Tests.dll" adapterTypeName="executor://xunit/VsTestRunner2/netcoreapp" className="KingdomGreekImpact.Tests.EligibilityTests" name="NonFirePrefab_NotEligible" />
    </UnitTest>
  </TestDefinitions>
  <TestEntries>
    <TestEntry testId="dbebc605-1144-e098-bda7-78b53c332a12" executionId="834a3e48-b108-4f01-8a1f-11d408d88670" testListId="8c84fa94-04c1-424b-9868-57a2d4851a1d" />
    <TestEntry testId="a9f5a671-af1e-e587-c501-09db0ca467e3" executionId="474441c8-6807-4017-beb1-692da9a28318" testListId="8c84fa94-04c1-424b-9868-57a2d4851a1d" />
    <TestEntry testId="8ffec6dd-d8a0-25f3-3d8a-3c50282f6064" executionId="3157e70a-a18f-484f-a69c-daf9b75ea3c6" testListId="8c84fa94-04c1-424b-9868-57a2d4851a1d" />
    <TestEntry testId="73905e1a-ddb6-fd4f-50eb-c7b70e2e7551" executionId="f22b38ba-7793-49c3-a717-82a44338ea4f" testListId="8c84fa94-04c1-424b-9868-57a2d4851a1d" />
    <TestEntry testId="1645f1f2-dae0-ebc3-0938-f79f254ecb8c" executionId="63d2d525-b697-420a-ba3b-81155429cc60" testListId="8c84fa94-04c1-424b-9868-57a2d4851a1d" />
    <TestEntry testId="0d5dd87b-814e-d4e8-5dab-00813d918095" executionId="261598c1-b60f-4619-97a3-aa1856731126" testListId="8c84fa94-04c1-424b-9868-57a2d4851a1d" />
    <TestEntry testId="47590d66-12ff-075f-a1e9-50a31747fdb6" executionId="0ae985ef-ed71-4eaf-8db9-e0f4e7ce72db" testListId="8c84fa94-04c1-424b-9868-57a2d4851a1d" />
    <TestEntry testId="6ee307a0-b34e-dbb5-ff1c-474797bb9b73" executionId="f0428022-d53c-4443-9336-993246b8945d" testListId="8c84fa94-04c1-424b-9868-57a2d4851a1d" />
    <TestEntry testId="153815c9-9063-a38a-8097-502813e217a6" executionId="75eb8880-b055-4be4-8c39-0e5db0373ffa" testListId="8c84fa94-04c1-424b-9868-57a2d4851a1d" />
    <TestEntry testId="5dfc5d64-f3bd-fe39-ab95-55adbcce85fb" executionId="3c10a6e7-693d-4165-a9c9-784b31a1c2f7" testListId="8c84fa94-04c1-424b-9868-57a2d4851a1d" />
    <TestEntry testId="7524a78a-91be-10d2-716e-9da2f2a08d94" executionId="e4fff604-cfcd-427e-a87e-372f1aadc294" testListId="8c84fa94-04c1-424b-9868-57a2d4851a1d" />
    <TestEntry testId="beb18cb0-62e4-39c4-78e6-0c847714b19d" executionId="18e5faac-e09e-42b6-9f22-8c658a3d88b1" testListId="8c84fa94-04c1-424b-9868-57a2d4851a1d" />
    <TestEntry testId="2ceda428-0147-8b17-de73-56e2864908f8" executionId="f82b866b-2cbf-4937-877a-0f85a34248ca" testListId="8c84fa94-04c1-424b-9868-57a2d4851a1d" />
    <TestEntry testId="c288efdf-2601-78b2-a0d4-e742241c205c" executionId="c0aecaf3-0d66-4968-a680-5a7fa81ec46f" testListId="8c84fa94-04c1-424b-9868-57a2d4851a1d" />
    <TestEntry testId="82a30cda-fcf9-8acc-7215-2e93fa4d62d7" executionId="3de791e1-09e0-4f02-a4ee-88dd80580b7f" testListId="8c84fa94-04c1-424b-9868-57a2d4851a1d" />
    <TestEntry testId="c8ef848e-8d3d-a16f-1a87-bfb81d570f08" executionId="af53d01e-06c9-4cd8-adc1-8b849f25dde7" testListId="8c84fa94-04c1-424b-9868-57a2d4851a1d" />
    <TestEntry testId="41513b6f-8d0b-6546-d04e-51d1ec28c4f1" executionId="5de8f273-ede0-4ee6-915e-82613cc07834" testListId="8c84fa94-04c1-424b-9868-57a2d4851a1d" />
    <TestEntry testId="e9b73d1b-83be-464c-13a9-66c52f840f57" executionId="b8d7f8d7-6a51-4e5c-b5b2-065f51c11226" testListId="8c84fa94-04c1-424b-9868-57a2d4851a1d" />
    <TestEntry testId="b9a83bfa-c9e9-9904-e213-3c364fc60419" executionId="a574c8f6-2d7f-4975-a762-0735ab97ce2d" testListId="8c84fa94-04c1-424b-9868-57a2d4851a1d" />
    <TestEntry testId="ab586800-0d3c-3358-3ac7-b50bba6dce17" executionId="c2650680-efde-4e5b-94cd-2c703327ad41" testListId="8c84fa94-04c1-424b-9868-57a2d4851a1d" />
    <TestEntry testId="107205d4-6aac-0861-c48b-d9de088449b7" executionId="dd4e6d5b-29e7-4cc5-b514-ca292cfd1891" testListId="8c84fa94-04c1-424b-9868-57a2d4851a1d" />
    <TestEntry testId="886b561f-3b19-dd5a-3682-14f6e7bf9368" executionId="de5b1e6b-fb08-4b45-a73b-c1f91fc0bf18" testListId="8c84fa94-04c1-424b-9868-57a2d4851a1d" />
    <TestEntry testId="f35b9301-568b-6935-6f1e-b38ff7c32ce3" executionId="06eddbc0-12d6-4431-a3ed-1e9a25b273d8" testListId="8c84fa94-04c1-424b-9868-57a2d4851a1d" />
    <TestEntry testId="0c8b8077-a66f-64e8-684a-969af609b201" executionId="a98b7a6a-5f54-4791-a8b9-8b16519df3ff" testListId="8c84fa94-04c1-424b-9868-57a2d4851a1d" />
    <TestEntry testId="5e9bc700-2c05-4aa7-5b72-af3f6cfddd9e" executionId="29989be3-a9b9-464f-bb36-30cabc1219dc" testListId="8c84fa94-04c1-424b-9868-57a2d4851a1d" />
    <TestEntry testId="cbd44856-436f-0f20-b2e0-a1128b77034c" executionId="02ef351d-128e-4ce6-8c88-252740677a6b" testListId="8c84fa94-04c1-424b-9868-57a2d4851a1d" />
    <TestEntry testId="98519545-bf8a-806d-a332-6aea490eaa7e" executionId="19f93c13-3b0e-4493-b24f-fe57d38f142c" testListId="8c84fa94-04c1-424b-9868-57a2d4851a1d" />
    <TestEntry testId="fed3c003-86cd-55fd-c643-666fe516dad2" executionId="9aab8bb8-22bf-4e13-865b-6c009da1a9d4" testListId="8c84fa94-04c1-424b-9868-57a2d4851a1d" />
    <TestEntry testId="6fdf2b0e-e15a-9a14-c01f-88f8d3b90ab1" executionId="657b5607-9d85-4595-9b4f-b41b875a534f" testListId="8c84fa94-04c1-424b-9868-57a2d4851a1d" />
    <TestEntry testId="7c167db8-4a8b-f8f8-552e-9ef06d6e4c7d" executionId="ad91910a-4e4d-4608-a413-f65d8db2b5a2" testListId="8c84fa94-04c1-424b-9868-57a2d4851a1d" />
    <TestEntry testId="96f0ae78-a8ae-a0ee-66eb-d5830b40bd6f" executionId="ef3a512b-926b-4e03-b2fc-46ff03f88ad7" testListId="8c84fa94-04c1-424b-9868-57a2d4851a1d" />
    <TestEntry testId="5d8254a4-3c22-ecc1-1e11-d18604f4c527" executionId="82b43297-7976-48e9-be60-ceb5785298b4" testListId="8c84fa94-04c1-424b-9868-57a2d4851a1d" />
    <TestEntry testId="b0ca20b7-3bad-fabf-af35-3a96172324cd" executionId="3a975a57-143c-458c-a9a0-8ce2cd0e1ab4" testListId="8c84fa94-04c1-424b-9868-57a2d4851a1d" />
    <TestEntry testId="4854c6cd-26e4-7fdd-f6d1-f21159f85465" executionId="a0eda70a-ec7f-454c-8091-16a7f6a6069d" testListId="8c84fa94-04c1-424b-9868-57a2d4851a1d" />
    <TestEntry testId="be1065c3-0a2f-2de2-7e09-2e1144fac14e" executionId="c0d9fd47-3d89-48d6-8fc6-d5deaaa31e79" testListId="8c84fa94-04c1-424b-9868-57a2d4851a1d" />
    <TestEntry testId="8373b436-cb8c-2fee-5224-b88639675bb5" executionId="42bd3b92-074f-490b-b959-235517fe02b0" testListId="8c84fa94-04c1-424b-9868-57a2d4851a1d" />
    <TestEntry testId="3b2ffcf3-4974-baf2-9b11-dfd552856ccd" executionId="440ba64c-2788-4197-b050-f30fb1d9a59f" testListId="8c84fa94-04c1-424b-9868-57a2d4851a1d" />
    <TestEntry testId="019dfcf5-9941-389c-19ba-00d93d9e7860" executionId="1bd7fe14-583a-4c8b-9103-a3f21802aa27" testListId="8c84fa94-04c1-424b-9868-57a2d4851a1d" />
    <TestEntry testId="d8f4c85c-6b1b-1b27-6f84-e773b1a7cbdd" executionId="46232637-093f-4717-9c55-9770fe968ab6" testListId="8c84fa94-04c1-424b-9868-57a2d4851a1d" />
    <TestEntry testId="34fbac84-e078-ed96-a4a7-3b055626d127" executionId="9bac64cd-7ce4-4ef5-97b3-28e87cb456d4" testListId="8c84fa94-04c1-424b-9868-57a2d4851a1d" />
    <TestEntry testId="78a34081-0a06-a215-0b54-cbd780fbca91" executionId="3bd4b44b-c329-49cd-ab23-5f7a6d81f484" testListId="8c84fa94-04c1-424b-9868-57a2d4851a1d" />
    <TestEntry testId="329bc38a-9582-8ae3-78b7-342969e5ad62" executionId="429d30ea-9542-4e02-9090-6200ee2dbde0" testListId="8c84fa94-04c1-424b-9868-57a2d4851a1d" />
    <TestEntry testId="ded14c9f-58f8-5b5b-38fd-bbe82211c358" executionId="1e4d7307-66bc-42d5-8ea9-6ccaf180d234" testListId="8c84fa94-04c1-424b-9868-57a2d4851a1d" />
    <TestEntry testId="e42a176c-dd40-76cd-36e4-d1f2b8809927" executionId="013b26b7-eb19-4896-9310-e69e63819adb" testListId="8c84fa94-04c1-424b-9868-57a2d4851a1d" />
    <TestEntry testId="b491f94e-a92c-5438-f8c3-cd65992dc355" executionId="7897f942-9cff-4bb2-81fd-5ecc9380efae" testListId="8c84fa94-04c1-424b-9868-57a2d4851a1d" />
    <TestEntry testId="405fc579-f106-cdf9-e970-f0996b1da2b5" executionId="5f6868d2-2aad-4c14-9926-3a8f172f90a1" testListId="8c84fa94-04c1-424b-9868-57a2d4851a1d" />
    <TestEntry testId="2646ee30-3a46-764b-2c90-7085c491c601" executionId="cc87d380-04b2-4a73-ba2a-d0f286caf5e2" testListId="8c84fa94-04c1-424b-9868-57a2d4851a1d" />
    <TestEntry testId="8999805d-eb0c-98c1-7fc3-5954b9df0e4e" executionId="a6efaa97-7034-4aa6-9837-fc914c1f3189" testListId="8c84fa94-04c1-424b-9868-57a2d4851a1d" />
    <TestEntry testId="2722d292-74cb-1407-f50b-e45c9dabd5db" executionId="f3eef3ef-d8d9-40a3-96a5-7ae744e1bb18" testListId="8c84fa94-04c1-424b-9868-57a2d4851a1d" />
    <TestEntry testId="a20cc63e-abc2-f0b0-3322-7a0331470f8d" executionId="2c0ea747-f6ba-463b-b25c-034cbb6c16c0" testListId="8c84fa94-04c1-424b-9868-57a2d4851a1d" />
    <TestEntry testId="879a266f-60f5-948f-1dd9-0476ab4409fb" executionId="76b29a24-e11d-4d33-a96c-10ceb7c0cc7d" testListId="8c84fa94-04c1-424b-9868-57a2d4851a1d" />
    <TestEntry testId="6512d07b-7857-f0b5-e27f-27ffdad3881a" executionId="49858c3e-7e73-4e5c-885b-374c61f10f7a" testListId="8c84fa94-04c1-424b-9868-57a2d4851a1d" />
    <TestEntry testId="f8e5f713-9413-b9b2-68b1-c4793e44096c" executionId="6fc7b2a3-58ed-4c76-8c19-eb80cdbbab4a" testListId="8c84fa94-04c1-424b-9868-57a2d4851a1d" />
    <TestEntry testId="82092b1c-a776-377b-8b4b-228a05179b8b" executionId="402a8820-65d3-4b1b-9786-6c1dd7fb86ef" testListId="8c84fa94-04c1-424b-9868-57a2d4851a1d" />
    <TestEntry testId="2211ef09-e7d7-44fc-b24d-82f1a924877b" executionId="3916a252-d09b-4b76-bdc2-1c73dfc86d73" testListId="8c84fa94-04c1-424b-9868-57a2d4851a1d" />
    <TestEntry testId="d45024a3-5883-5e1d-125a-2ccaef01dbcc" executionId="c9a05dfb-113e-44b5-985e-3f6f71631e41" testListId="8c84fa94-04c1-424b-9868-57a2d4851a1d" />
    <TestEntry testId="caf4c524-6173-0bc6-31a4-e5c149d88849" executionId="a90c5e0c-be73-477a-934b-42005c5d9416" testListId="8c84fa94-04c1-424b-9868-57a2d4851a1d" />
    <TestEntry testId="14a22a48-050e-3918-89d1-d8d52d41ff0b" executionId="f224a2ae-4926-4e5d-9f34-8ba76f76580d" testListId="8c84fa94-04c1-424b-9868-57a2d4851a1d" />
    <TestEntry testId="c23d14e7-6e31-47f8-0817-36d8f0d09c9d" executionId="c7634bab-0e37-491b-b492-ee4ca765dd51" testListId="8c84fa94-04c1-424b-9868-57a2d4851a1d" />
    <TestEntry testId="d277a368-6ab1-ab5f-d94b-0d80295c1eef" executionId="0ff45885-4ce6-4c14-b398-3587b5f9c196" testListId="8c84fa94-04c1-424b-9868-57a2d4851a1d" />
    <TestEntry testId="6de100df-1e89-4a01-ca8f-8717106641de" executionId="0138503b-daf6-4c4e-9afd-320f0b51b54c" testListId="8c84fa94-04c1-424b-9868-57a2d4851a1d" />
    <TestEntry testId="eb98799d-fb34-7a1e-247f-82eb8352a817" executionId="ddbe01cf-eb55-406e-95e1-673953cdc3c4" testListId="8c84fa94-04c1-424b-9868-57a2d4851a1d" />
    <TestEntry testId="e5c6c2a6-adbf-d3f0-9ebd-ebc2d56582e7" executionId="587b13c4-b390-4994-ab8f-b7f11f7d3e48" testListId="8c84fa94-04c1-424b-9868-57a2d4851a1d" />
    <TestEntry testId="8569b7c6-3b86-fda2-f3cd-5cbc51ce99b6" executionId="8ceface0-de6a-406f-8df4-1432866b8853" testListId="8c84fa94-04c1-424b-9868-57a2d4851a1d" />
    <TestEntry testId="744a3287-0056-e2a7-d7e7-b05772634c1a" executionId="a17b7b73-5de9-4e2d-9b88-b67388b0cedf" testListId="8c84fa94-04c1-424b-9868-57a2d4851a1d" />
    <TestEntry testId="6cca5950-df15-d3eb-c47b-c55b2530a8dc" executionId="a35b6bfa-d8d3-45da-9e38-177773cc1865" testListId="8c84fa94-04c1-424b-9868-57a2d4851a1d" />
    <TestEntry testId="5975818a-e37e-c9c8-9536-e5dc83e50ffc" executionId="1247029d-26f7-43a4-a493-c2bb05f13a78" testListId="8c84fa94-04c1-424b-9868-57a2d4851a1d" />
    <TestEntry testId="0035fa3a-93b7-8fde-3e33-6edefc877a5b" executionId="61f55658-ee99-42e3-a850-5c16be28c47d" testListId="8c84fa94-04c1-424b-9868-57a2d4851a1d" />
    <TestEntry testId="a1c24d3e-9df5-fae1-80d9-5218f7c43a2c" executionId="c6ac3c79-947f-437c-bb90-e6cb6066260f" testListId="8c84fa94-04c1-424b-9868-57a2d4851a1d" />
    <TestEntry testId="aff6f769-5493-7882-7594-38cfccca74be" executionId="79063733-46f5-4a0c-b308-3ef8e201858f" testListId="8c84fa94-04c1-424b-9868-57a2d4851a1d" />
    <TestEntry testId="52a80600-6f45-533d-9164-82fc75b3a918" executionId="5ea4d263-4b14-486f-8bf4-e46d6cfe345d" testListId="8c84fa94-04c1-424b-9868-57a2d4851a1d" />
    <TestEntry testId="f70e241a-4df0-d2da-ccbf-2759c24cc8cf" executionId="3721cccf-01ce-4a54-b32c-d86870403b34" testListId="8c84fa94-04c1-424b-9868-57a2d4851a1d" />
    <TestEntry testId="82eedcc6-852f-908b-b2d7-09fa00fb5cfe" executionId="d0d888e1-b370-43b1-a55a-f30e6ddc6a6a" testListId="8c84fa94-04c1-424b-9868-57a2d4851a1d" />
    <TestEntry testId="1f0e154a-cf37-7e3b-aed1-aab8ef9f9867" executionId="49e66979-2758-4b57-b50a-6ce2dcbff1c0" testListId="8c84fa94-04c1-424b-9868-57a2d4851a1d" />
    <TestEntry testId="69977206-99c1-790d-07f2-0319882c68c0" executionId="f9e183b1-bbd9-49bb-b9b4-efa97735740e" testListId="8c84fa94-04c1-424b-9868-57a2d4851a1d" />
    <TestEntry testId="3e487fba-e421-ba6b-6576-d368ae4a31ff" executionId="73afc47c-aacb-46fa-9fb3-5279c3ed2a23" testListId="8c84fa94-04c1-424b-9868-57a2d4851a1d" />
    <TestEntry testId="b839fdef-4e56-672f-c643-32aacabe56c1" executionId="525132fb-e9bc-4ae8-9aef-eee493aef1d3" testListId="8c84fa94-04c1-424b-9868-57a2d4851a1d" />
    <TestEntry testId="ad2e4047-8ff3-4037-a3ca-b6dd0bb6d319" executionId="1b426865-597d-44ba-a9da-bd7bff41d4a4" testListId="8c84fa94-04c1-424b-9868-57a2d4851a1d" />
    <TestEntry testId="32458685-3d5e-9010-f8fe-c3ebe7751316" executionId="bd30a739-d151-49bf-96dd-11551500b35d" testListId="8c84fa94-04c1-424b-9868-57a2d4851a1d" />
    <TestEntry testId="1a3d74af-8193-a6d9-03b5-3c442b236a2a" executionId="8a22b150-e626-4382-b5ea-bbbec0a56fce" testListId="8c84fa94-04c1-424b-9868-57a2d4851a1d" />
    <TestEntry testId="3118b4ff-6cdf-8a68-fecc-f02eac58bb3d" executionId="cb36d6bd-1d85-4a0e-97e7-707cfe899a97" testListId="8c84fa94-04c1-424b-9868-57a2d4851a1d" />
    <TestEntry testId="a0769a19-20d5-6afb-a084-10f2a3ddc7ca" executionId="21eb9c38-5ebc-424e-87f1-a613be89d93a" testListId="8c84fa94-04c1-424b-9868-57a2d4851a1d" />
    <TestEntry testId="562faea5-673d-0495-13ff-068d8d5b26bd" executionId="184dbf84-2931-40d8-bc49-66552bb753b8" testListId="8c84fa94-04c1-424b-9868-57a2d4851a1d" />
    <TestEntry testId="80b89382-3c9b-d6ea-6e05-4eb5c9c47329" executionId="fe4e6d81-b377-4d2e-abef-5ddb1cb3c3de" testListId="8c84fa94-04c1-424b-9868-57a2d4851a1d" />
    <TestEntry testId="5e38c0a1-5184-2d4f-ff33-f432b95a80c7" executionId="42e7ac95-be0a-46ae-a210-82f952587126" testListId="8c84fa94-04c1-424b-9868-57a2d4851a1d" />
  </TestEntries>
  <TestLists>
    <TestList name="列表中未列出的结果" id="8c84fa94-04c1-424b-9868-57a2d4851a1d" />
    <TestList name="所有已加载的结果" id="19431567-8539-422a-85d7-44ee4e166bda" />
  </TestLists>
  <ResultSummary outcome="Completed">
    <Counters total="85" executed="85" passed="85" failed="0" error="0" timeout="0" aborted="0" inconclusive="0" passedButRunAborted="0" notRunnable="0" notExecuted="0" disconnected="0" warning="0" completed="0" inProgress="0" pending="0" />
    <Output>
      <StdOut>[xUnit.net 00:00:00.00] xUnit.net VSTest Adapter v2.8.2+699d445a1a (64-bit .NET 8.0.29)&#xD;
[xUnit.net 00:00:00.04]   Discovering: KingdomGreekImpact.Tests&#xD;
[xUnit.net 00:00:00.07]   Discovered:  KingdomGreekImpact.Tests&#xD;
[xUnit.net 00:00:00.08]   Starting:    KingdomGreekImpact.Tests&#xD;
[xUnit.net 00:00:00.15]   Finished:    KingdomGreekImpact.Tests&#xD;
</StdOut>
    </Output>
  </ResultSummary>
</TestRun>